{"/Users/mustafaevleksiz/Desktop/Projects/SportTrack/src/test-helpers.ts": {"path":"/Users/mustafaevleksiz/Desktop/Projects/SportTrack/src/test-helpers.ts","statementMap":{"0":{"start":{"line":34,"column":16},"end":{"line":34,"column":36}},"1":{"start":{"line":8,"column":16},"end":{"line":8,"column":34}},"2":{"start":{"line":57,"column":16},"end":{"line":57,"column":40}},"3":{"start":{"line":78,"column":16},"end":{"line":78,"column":34}},"4":{"start":{"line":110,"column":16},"end":{"line":110,"column":29}},"5":{"start":{"line":97,"column":16},"end":{"line":97,"column":24}},"6":{"start":{"line":90,"column":16},"end":{"line":90,"column":28}},"7":{"start":{"line":3,"column":36},"end":{"line":3,"column":null}},"8":{"start":{"line":9,"column":14},"end":{"line":9,"column":null}},"9":{"start":{"line":10,"column":2},"end":{"line":28,"column":null}},"10":{"start":{"line":35,"column":39},"end":{"line":35,"column":41}},"11":{"start":{"line":36,"column":19},"end":{"line":36,"column":null}},"12":{"start":{"line":38,"column":2},"end":{"line":49,"column":null}},"13":{"start":{"line":38,"column":15},"end":{"line":38,"column":18}},"14":{"start":{"line":39,"column":17},"end":{"line":39,"column":null}},"15":{"start":{"line":40,"column":4},"end":{"line":40,"column":null}},"16":{"start":{"line":42,"column":4},"end":{"line":47,"column":null}},"17":{"start":{"line":51,"column":2},"end":{"line":51,"column":null}},"18":{"start":{"line":60,"column":2},"end":{"line":72,"column":null}},"19":{"start":{"line":79,"column":2},"end":{"line":84,"column":null}},"20":{"start":{"line":91,"column":2},"end":{"line":91,"column":null}},"21":{"start":{"line":91,"column":34},"end":{"line":91,"column":null}},"22":{"start":{"line":98,"column":18},"end":{"line":98,"column":null}},"23":{"start":{"line":99,"column":2},"end":{"line":99,"column":null}},"24":{"start":{"line":100,"column":2},"end":{"line":100,"column":null}},"25":{"start":{"line":102,"column":2},"end":{"line":104,"column":null}},"26":{"start":{"line":103,"column":4},"end":{"line":103,"column":null}},"27":{"start":{"line":111,"column":2},"end":{"line":111,"column":null}}},"fnMap":{"0":{"name":"createMockActivity","decl":{"start":{"line":8,"column":16},"end":{"line":8,"column":34}},"loc":{"start":{"line":8,"column":70},"end":{"line":29,"column":null}}},"1":{"name":"createMockActivities","decl":{"start":{"line":34,"column":16},"end":{"line":34,"column":36}},"loc":{"start":{"line":34,"column":71},"end":{"line":52,"column":null}}},"2":{"name":"createMockCustomActivity","decl":{"start":{"line":57,"column":16},"end":{"line":57,"column":40}},"loc":{"start":{"line":58,"column":47},"end":{"line":73,"column":null}}},"3":{"name":"createMockSettings","decl":{"start":{"line":78,"column":16},"end":{"line":78,"column":34}},"loc":{"start":{"line":78,"column":16},"end":{"line":85,"column":null}}},"4":{"name":"waitForAsync","decl":{"start":{"line":90,"column":16},"end":{"line":90,"column":28}},"loc":{"start":{"line":90,"column":16},"end":{"line":92,"column":null}}},"5":{"name":"(anonymous_13)","decl":{"start":{"line":91,"column":21},"end":{"line":91,"column":22}},"loc":{"start":{"line":91,"column":34},"end":{"line":91,"column":null}}},"6":{"name":"mockDate","decl":{"start":{"line":97,"column":16},"end":{"line":97,"column":24}},"loc":{"start":{"line":97,"column":44},"end":{"line":105,"column":null}}},"7":{"name":"(anonymous_15)","decl":{"start":{"line":102,"column":9},"end":{"line":102,"column":null}},"loc":{"start":{"line":102,"column":9},"end":{"line":104,"column":null}}},"8":{"name":"getTodayStart","decl":{"start":{"line":110,"column":16},"end":{"line":110,"column":29}},"loc":{"start":{"line":110,"column":16},"end":{"line":112,"column":null}}}},"branchMap":{"0":{"loc":{"start":{"line":34,"column":52},"end":{"line":34,"column":71}},"type":"default-arg","locations":[{"start":{"line":34,"column":70},"end":{"line":34,"column":71}}]},"1":{"loc":{"start":{"line":98,"column":18},"end":{"line":98,"column":null}},"type":"cond-expr","locations":[{"start":{"line":98,"column":45},"end":{"line":98,"column":62}},{"start":{"line":98,"column":62},"end":{"line":98,"column":null}}]}},"s":{"0":0,"1":3,"2":0,"3":0,"4":0,"5":0,"6":0,"7":2,"8":3,"9":3,"10":0,"11":0,"12":0,"13":0,"14":0,"15":0,"16":0,"17":0,"18":0,"19":0,"20":0,"21":0,"22":0,"23":0,"24":0,"25":0,"26":0,"27":0},"f":{"0":3,"1":0,"2":0,"3":0,"4":0,"5":0,"6":0,"7":0,"8":0},"b":{"0":[0],"1":[0,0]}}
,"/Users/mustafaevleksiz/Desktop/Projects/SportTrack/src/test-utils.tsx": {"path":"/Users/mustafaevleksiz/Desktop/Projects/SportTrack/src/test-utils.tsx","statementMap":{"0":{"start":{"line":16,"column":9},"end":{"line":16,"column":25}},"1":{"start":{"line":1,"column":36},"end":{"line":1,"column":null}},"2":{"start":{"line":2,"column":38},"end":{"line":2,"column":null}},"3":{"start":{"line":3,"column":26},"end":{"line":3,"column":null}},"4":{"start":{"line":11,"column":2},"end":{"line":11,"column":null}}},"fnMap":{"0":{"name":"customRender","decl":{"start":{"line":6,"column":9},"end":{"line":6,"column":22}},"loc":{"start":{"line":6,"column":80},"end":{"line":12,"column":null}}},"1":{"name":"Wrapper","decl":{"start":{"line":7,"column":11},"end":{"line":7,"column":19}},"loc":{"start":{"line":7,"column":62},"end":{"line":9,"column":null}}}},"branchMap":{},"s":{"0":8,"1":3,"2":3,"3":3,"4":8},"f":{"0":8,"1":8},"b":{}}
,"/Users/mustafaevleksiz/Desktop/Projects/SportTrack/src/app/layout.tsx": {"path":"/Users/mustafaevleksiz/Desktop/Projects/SportTrack/src/app/layout.tsx","statementMap":{"0":{"start":{"line":38,"column":24},"end":{"line":38,"column":35}},"1":{"start":{"line":10,"column":13},"end":{"line":10,"column":21}},"2":{"start":{"line":29,"column":13},"end":{"line":29,"column":21}},"3":{"start":{"line":1,"column":7},"end":{"line":1,"column":null}},"4":{"start":{"line":4,"column":26},"end":{"line":4,"column":null}},"5":{"start":{"line":5,"column":23},"end":{"line":5,"column":null}},"6":{"start":{"line":6,"column":23},"end":{"line":6,"column":null}},"7":{"start":{"line":7,"column":28},"end":{"line":7,"column":null}},"8":{"start":{"line":8,"column":28},"end":{"line":8,"column":null}},"9":{"start":{"line":10,"column":24},"end":{"line":27,"column":null}},"10":{"start":{"line":29,"column":24},"end":{"line":36,"column":null}}},"fnMap":{"0":{"name":"RootLayout","decl":{"start":{"line":38,"column":24},"end":{"line":38,"column":35}},"loc":{"start":{"line":38,"column":72},"end":{"line":55,"column":1}}}},"branchMap":{},"s":{"0":0,"1":0,"2":0,"3":0,"4":0,"5":0,"6":0,"7":0,"8":0,"9":0,"10":0},"f":{"0":0},"b":{}}
,"/Users/mustafaevleksiz/Desktop/Projects/SportTrack/src/app/page.tsx": {"path":"/Users/mustafaevleksiz/Desktop/Projects/SportTrack/src/app/page.tsx","statementMap":{"0":{"start":{"line":16,"column":24},"end":{"line":16,"column":null}},"1":{"start":{"line":3,"column":45},"end":{"line":3,"column":null}},"2":{"start":{"line":4,"column":27},"end":{"line":4,"column":null}},"3":{"start":{"line":5,"column":17},"end":{"line":5,"column":null}},"4":{"start":{"line":6,"column":24},"end":{"line":6,"column":null}},"5":{"start":{"line":7,"column":28},"end":{"line":7,"column":null}},"6":{"start":{"line":8,"column":32},"end":{"line":8,"column":null}},"7":{"start":{"line":9,"column":25},"end":{"line":9,"column":null}},"8":{"start":{"line":10,"column":34},"end":{"line":10,"column":null}},"9":{"start":{"line":11,"column":52},"end":{"line":11,"column":null}},"10":{"start":{"line":12,"column":65},"end":{"line":12,"column":null}},"11":{"start":{"line":13,"column":38},"end":{"line":13,"column":null}},"12":{"start":{"line":14,"column":28},"end":{"line":14,"column":null}},"13":{"start":{"line":17,"column":22},"end":{"line":17,"column":null}},"14":{"start":{"line":18,"column":23},"end":{"line":18,"column":null}},"15":{"start":{"line":19,"column":25},"end":{"line":19,"column":null}},"16":{"start":{"line":20,"column":19},"end":{"line":20,"column":null}},"17":{"start":{"line":22,"column":4},"end":{"line":22,"column":null}},"18":{"start":{"line":23,"column":18},"end":{"line":23,"column":null}},"19":{"start":{"line":24,"column":18},"end":{"line":24,"column":null}},"20":{"start":{"line":25,"column":19},"end":{"line":27,"column":null}},"21":{"start":{"line":30,"column":26},"end":{"line":35,"column":null}},"22":{"start":{"line":31,"column":18},"end":{"line":31,"column":null}},"23":{"start":{"line":32,"column":4},"end":{"line":33,"column":null}},"24":{"start":{"line":33,"column":6},"end":{"line":33,"column":null}},"25":{"start":{"line":38,"column":4},"end":{"line":38,"column":null}},"26":{"start":{"line":40,"column":32},"end":{"line":40,"column":null}},"27":{"start":{"line":41,"column":56},"end":{"line":41,"column":null}},"28":{"start":{"line":43,"column":2},"end":{"line":45,"column":null}},"29":{"start":{"line":44,"column":4},"end":{"line":44,"column":null}},"30":{"start":{"line":47,"column":2},"end":{"line":56,"column":null}},"31":{"start":{"line":48,"column":4},"end":{"line":55,"column":null}},"32":{"start":{"line":49,"column":22},"end":{"line":52,"column":null}},"33":{"start":{"line":54,"column":6},"end":{"line":54,"column":null}},"34":{"start":{"line":58,"column":40},"end":{"line":58,"column":null}},"35":{"start":{"line":60,"column":2},"end":{"line":68,"column":null}},"36":{"start":{"line":61,"column":4},"end":{"line":67,"column":null}},"37":{"start":{"line":62,"column":6},"end":{"line":62,"column":null}},"38":{"start":{"line":63,"column":20},"end":{"line":65,"column":16}},"39":{"start":{"line":64,"column":8},"end":{"line":64,"column":null}},"40":{"start":{"line":66,"column":6},"end":{"line":66,"column":null}},"41":{"start":{"line":66,"column":19},"end":{"line":66,"column":null}}},"fnMap":{"0":{"name":"HomePage","decl":{"start":{"line":16,"column":24},"end":{"line":16,"column":null}},"loc":{"start":{"line":16,"column":24},"end":{"line":136,"column":null}}},"1":{"name":"(anonymous_3)","decl":{"start":{"line":30,"column":34},"end":{"line":30,"column":null}},"loc":{"start":{"line":30,"column":34},"end":{"line":35,"column":5}}},"2":{"name":"(anonymous_4)","decl":{"start":{"line":32,"column":29},"end":{"line":32,"column":30}},"loc":{"start":{"line":33,"column":6},"end":{"line":33,"column":null}}},"3":{"name":"(anonymous_5)","decl":{"start":{"line":43,"column":12},"end":{"line":43,"column":null}},"loc":{"start":{"line":43,"column":12},"end":{"line":45,"column":5}}},"4":{"name":"(anonymous_6)","decl":{"start":{"line":47,"column":12},"end":{"line":47,"column":null}},"loc":{"start":{"line":47,"column":12},"end":{"line":56,"column":5}}},"5":{"name":"(anonymous_7)","decl":{"start":{"line":60,"column":12},"end":{"line":60,"column":null}},"loc":{"start":{"line":60,"column":12},"end":{"line":68,"column":5}}},"6":{"name":"(anonymous_8)","decl":{"start":{"line":63,"column":31},"end":{"line":63,"column":null}},"loc":{"start":{"line":63,"column":31},"end":{"line":65,"column":9}}},"7":{"name":"(anonymous_9)","decl":{"start":{"line":66,"column":13},"end":{"line":66,"column":19}},"loc":{"start":{"line":66,"column":19},"end":{"line":66,"column":null}}}},"branchMap":{"0":{"loc":{"start":{"line":22,"column":4},"end":{"line":22,"column":null}},"type":"cond-expr","locations":[{"start":{"line":22,"column":56},"end":{"line":22,"column":76}},{"start":{"line":22,"column":79},"end":{"line":22,"column":null}}]},"1":{"loc":{"start":{"line":22,"column":4},"end":{"line":22,"column":56}},"type":"binary-expr","locations":[{"start":{"line":22,"column":4},"end":{"line":22,"column":29}},{"start":{"line":22,"column":29},"end":{"line":22,"column":56}}]},"2":{"loc":{"start":{"line":25,"column":19},"end":{"line":27,"column":null}},"type":"cond-expr","locations":[{"start":{"line":26,"column":6},"end":{"line":26,"column":null}},{"start":{"line":27,"column":6},"end":{"line":27,"column":null}}]},"3":{"loc":{"start":{"line":38,"column":4},"end":{"line":38,"column":null}},"type":"cond-expr","locations":[{"start":{"line":38,"column":22},"end":{"line":38,"column":93}},{"start":{"line":38,"column":93},"end":{"line":38,"column":null}}]},"4":{"loc":{"start":{"line":48,"column":4},"end":{"line":55,"column":null}},"type":"if","locations":[{"start":{"line":48,"column":4},"end":{"line":55,"column":null}},{"start":{},"end":{}}]},"5":{"loc":{"start":{"line":52,"column":8},"end":{"line":52,"column":null}},"type":"binary-expr","locations":[{"start":{"line":52,"column":8},"end":{"line":52,"column":26}},{"start":{"line":52,"column":26},"end":{"line":52,"column":null}}]},"6":{"loc":{"start":{"line":61,"column":4},"end":{"line":67,"column":null}},"type":"if","locations":[{"start":{"line":61,"column":4},"end":{"line":67,"column":null}},{"start":{},"end":{}}]},"7":{"loc":{"start":{"line":61,"column":8},"end":{"line":61,"column":40}},"type":"binary-expr","locations":[{"start":{"line":61,"column":8},"end":{"line":61,"column":31}},{"start":{"line":61,"column":31},"end":{"line":61,"column":40}}]},"8":{"loc":{"start":{"line":73,"column":24},"end":{"line":73,"column":null}},"type":"cond-expr","locations":[{"start":{"line":73,"column":35},"end":{"line":73,"column":54}},{"start":{"line":73,"column":54},"end":{"line":73,"column":null}}]},"9":{"loc":{"start":{"line":75,"column":57},"end":{"line":75,"column":137}},"type":"cond-expr","locations":[{"start":{"line":75,"column":68},"end":{"line":75,"column":105}},{"start":{"line":75,"column":105},"end":{"line":75,"column":137}}]},"10":{"loc":{"start":{"line":85,"column":145},"end":{"line":85,"column":221}},"type":"cond-expr","locations":[{"start":{"line":85,"column":156},"end":{"line":85,"column":205}},{"start":{"line":85,"column":205},"end":{"line":85,"column":221}}]},"11":{"loc":{"start":{"line":94,"column":7},"end":{"line":94,"column":30}},"type":"binary-expr","locations":[{"start":{"line":94,"column":7},"end":{"line":94,"column":30}},{"start":{"line":94,"column":30},"end":{"line":94,"column":null}}]},"12":{"loc":{"start":{"line":96,"column":133},"end":{"line":96,"column":218}},"type":"cond-expr","locations":[{"start":{"line":96,"column":144},"end":{"line":96,"column":193}},{"start":{"line":96,"column":193},"end":{"line":96,"column":218}}]},"13":{"loc":{"start":{"line":96,"column":274},"end":{"line":96,"column":347}},"type":"cond-expr","locations":[{"start":{"line":96,"column":288},"end":{"line":96,"column":318}},{"start":{"line":96,"column":318},"end":{"line":96,"column":347}}]},"14":{"loc":{"start":{"line":104,"column":49},"end":{"line":104,"column":95}},"type":"cond-expr","locations":[{"start":{"line":104,"column":60},"end":{"line":104,"column":80}},{"start":{"line":104,"column":80},"end":{"line":104,"column":95}}]},"15":{"loc":{"start":{"line":112,"column":15},"end":{"line":112,"column":78}},"type":"cond-expr","locations":[{"start":{"line":112,"column":31},"end":{"line":112,"column":53}},{"start":{"line":112,"column":56},"end":{"line":112,"column":78}}]}},"s":{"0":0,"1":0,"2":0,"3":0,"4":0,"5":0,"6":0,"7":0,"8":0,"9":0,"10":0,"11":0,"12":0,"13":0,"14":0,"15":0,"16":0,"17":0,"18":0,"19":0,"20":0,"21":0,"22":0,"23":0,"24":0,"25":0,"26":0,"27":0,"28":0,"29":0,"30":0,"31":0,"32":0,"33":0,"34":0,"35":0,"36":0,"37":0,"38":0,"39":0,"40":0,"41":0},"f":{"0":0,"1":0,"2":0,"3":0,"4":0,"5":0,"6":0,"7":0},"b":{"0":[0,0],"1":[0,0],"2":[0,0],"3":[0,0],"4":[0,0],"5":[0,0],"6":[0,0],"7":[0,0],"8":[0,0],"9":[0,0],"10":[0,0],"11":[0,0],"12":[0,0],"13":[0,0],"14":[0,0],"15":[0,0]}}
,"/Users/mustafaevleksiz/Desktop/Projects/SportTrack/src/app/achievements/page.tsx": {"path":"/Users/mustafaevleksiz/Desktop/Projects/SportTrack/src/app/achievements/page.tsx","statementMap":{"0":{"start":{"line":12,"column":24},"end":{"line":12,"column":null}},"1":{"start":{"line":3,"column":24},"end":{"line":3,"column":null}},"2":{"start":{"line":4,"column":24},"end":{"line":4,"column":null}},"3":{"start":{"line":5,"column":26},"end":{"line":5,"column":null}},"4":{"start":{"line":6,"column":41},"end":{"line":6,"column":null}},"5":{"start":{"line":7,"column":23},"end":{"line":7,"column":null}},"6":{"start":{"line":8,"column":25},"end":{"line":8,"column":null}},"7":{"start":{"line":9,"column":28},"end":{"line":9,"column":null}},"8":{"start":{"line":10,"column":48},"end":{"line":10,"column":null}},"9":{"start":{"line":13,"column":31},"end":{"line":13,"column":null}},"10":{"start":{"line":14,"column":22},"end":{"line":14,"column":null}},"11":{"start":{"line":15,"column":19},"end":{"line":15,"column":null}},"12":{"start":{"line":16,"column":21},"end":{"line":16,"column":46}},"13":{"start":{"line":18,"column":27},"end":{"line":41,"column":null}},"14":{"start":{"line":19,"column":48},"end":{"line":24,"column":null}},"15":{"start":{"line":26,"column":24},"end":{"line":26,"column":null}},"16":{"start":{"line":26,"column":50},"end":{"line":26,"column":54}},"17":{"start":{"line":29,"column":4},"end":{"line":31,"column":null}},"18":{"start":{"line":30,"column":6},"end":{"line":30,"column":null}},"19":{"start":{"line":34,"column":4},"end":{"line":38,"column":null}},"20":{"start":{"line":35,"column":6},"end":{"line":37,"column":null}},"21":{"start":{"line":36,"column":8},"end":{"line":36,"column":null}},"22":{"start":{"line":40,"column":4},"end":{"line":40,"column":null}},"23":{"start":{"line":43,"column":25},"end":{"line":56,"column":null}},"24":{"start":{"line":44,"column":4},"end":{"line":55,"column":null}},"25":{"start":{"line":46,"column":8},"end":{"line":46,"column":null}},"26":{"start":{"line":48,"column":8},"end":{"line":48,"column":null}},"27":{"start":{"line":50,"column":8},"end":{"line":50,"column":null}},"28":{"start":{"line":52,"column":8},"end":{"line":52,"column":null}},"29":{"start":{"line":54,"column":8},"end":{"line":54,"column":null}},"30":{"start":{"line":58,"column":25},"end":{"line":71,"column":null}},"31":{"start":{"line":59,"column":4},"end":{"line":70,"column":null}},"32":{"start":{"line":61,"column":8},"end":{"line":61,"column":null}},"33":{"start":{"line":63,"column":8},"end":{"line":63,"column":null}},"34":{"start":{"line":65,"column":8},"end":{"line":65,"column":null}},"35":{"start":{"line":67,"column":8},"end":{"line":67,"column":null}},"36":{"start":{"line":69,"column":8},"end":{"line":69,"column":null}},"37":{"start":{"line":73,"column":25},"end":{"line":78,"column":null}},"38":{"start":{"line":80,"column":2},"end":{"line":99,"column":null}},"39":{"start":{"line":94,"column":12},"end":{"line":94,"column":null}},"40":{"start":{"line":101,"column":22},"end":{"line":101,"column":59}},"41":{"start":{"line":102,"column":24},"end":{"line":102,"column":37}},"42":{"start":{"line":103,"column":19},"end":{"line":103,"column":null}},"43":{"start":{"line":144,"column":8},"end":{"line":145,"column":null}},"44":{"start":{"line":155,"column":33},"end":{"line":155,"column":51}},"45":{"start":{"line":156,"column":14},"end":{"line":158,"column":null}}},"fnMap":{"0":{"name":"AchievementsPage","decl":{"start":{"line":12,"column":24},"end":{"line":12,"column":null}},"loc":{"start":{"line":12,"column":24},"end":{"line":215,"column":null}}},"1":{"name":"(anonymous_2)","decl":{"start":{"line":18,"column":35},"end":{"line":18,"column":null}},"loc":{"start":{"line":18,"column":35},"end":{"line":41,"column":5}}},"2":{"name":"(anonymous_3)","decl":{"start":{"line":26,"column":43},"end":{"line":26,"column":44}},"loc":{"start":{"line":26,"column":50},"end":{"line":26,"column":54}}},"3":{"name":"(anonymous_4)","decl":{"start":{"line":29,"column":19},"end":{"line":29,"column":20}},"loc":{"start":{"line":29,"column":20},"end":{"line":31,"column":null}}},"4":{"name":"(anonymous_5)","decl":{"start":{"line":34,"column":45},"end":{"line":34,"column":46}},"loc":{"start":{"line":34,"column":46},"end":{"line":38,"column":null}}},"5":{"name":"(anonymous_6)","decl":{"start":{"line":43,"column":25},"end":{"line":43,"column":26}},"loc":{"start":{"line":43,"column":26},"end":{"line":56,"column":null}}},"6":{"name":"(anonymous_7)","decl":{"start":{"line":58,"column":25},"end":{"line":58,"column":26}},"loc":{"start":{"line":58,"column":26},"end":{"line":71,"column":null}}},"7":{"name":"(anonymous_8)","decl":{"start":{"line":93,"column":40},"end":{"line":93,"column":41}},"loc":{"start":{"line":94,"column":12},"end":{"line":94,"column":null}}},"8":{"name":"(anonymous_9)","decl":{"start":{"line":143,"column":68},"end":{"line":143,"column":69}},"loc":{"start":{"line":144,"column":8},"end":{"line":145,"column":null}}},"9":{"name":"(anonymous_10)","decl":{"start":{"line":154,"column":44},"end":{"line":154,"column":45}},"loc":{"start":{"line":154,"column":45},"end":{"line":209,"column":null}}}},"branchMap":{"0":{"loc":{"start":{"line":16,"column":21},"end":{"line":16,"column":46}},"type":"cond-expr","locations":[{"start":{"line":16,"column":37},"end":{"line":16,"column":39}},{"start":{"line":16,"column":42},"end":{"line":16,"column":46}}]},"1":{"loc":{"start":{"line":35,"column":6},"end":{"line":37,"column":null}},"type":"if","locations":[{"start":{"line":35,"column":6},"end":{"line":37,"column":null}},{"start":{},"end":{}}]},"2":{"loc":{"start":{"line":44,"column":4},"end":{"line":55,"column":null}},"type":"switch","locations":[{"start":{"line":45,"column":6},"end":{"line":46,"column":null}},{"start":{"line":47,"column":6},"end":{"line":48,"column":null}},{"start":{"line":49,"column":6},"end":{"line":50,"column":null}},{"start":{"line":51,"column":6},"end":{"line":52,"column":null}},{"start":{"line":53,"column":6},"end":{"line":54,"column":null}}]},"3":{"loc":{"start":{"line":59,"column":4},"end":{"line":70,"column":null}},"type":"switch","locations":[{"start":{"line":60,"column":6},"end":{"line":61,"column":null}},{"start":{"line":62,"column":6},"end":{"line":63,"column":null}},{"start":{"line":64,"column":6},"end":{"line":65,"column":null}},{"start":{"line":66,"column":6},"end":{"line":67,"column":null}},{"start":{"line":68,"column":6},"end":{"line":69,"column":null}}]},"4":{"loc":{"start":{"line":61,"column":15},"end":{"line":61,"column":null}},"type":"cond-expr","locations":[{"start":{"line":61,"column":31},"end":{"line":61,"column":42}},{"start":{"line":61,"column":42},"end":{"line":61,"column":null}}]},"5":{"loc":{"start":{"line":63,"column":15},"end":{"line":63,"column":null}},"type":"cond-expr","locations":[{"start":{"line":63,"column":31},"end":{"line":63,"column":41}},{"start":{"line":63,"column":41},"end":{"line":63,"column":null}}]},"6":{"loc":{"start":{"line":65,"column":15},"end":{"line":65,"column":null}},"type":"cond-expr","locations":[{"start":{"line":65,"column":31},"end":{"line":65,"column":44}},{"start":{"line":65,"column":44},"end":{"line":65,"column":null}}]},"7":{"loc":{"start":{"line":67,"column":15},"end":{"line":67,"column":null}},"type":"cond-expr","locations":[{"start":{"line":67,"column":31},"end":{"line":67,"column":42}},{"start":{"line":67,"column":42},"end":{"line":67,"column":null}}]},"8":{"loc":{"start":{"line":74,"column":12},"end":{"line":74,"column":null}},"type":"cond-expr","locations":[{"start":{"line":74,"column":28},"end":{"line":74,"column":40}},{"start":{"line":74,"column":40},"end":{"line":74,"column":null}}]},"9":{"loc":{"start":{"line":75,"column":12},"end":{"line":75,"column":null}},"type":"cond-expr","locations":[{"start":{"line":75,"column":28},"end":{"line":75,"column":40}},{"start":{"line":75,"column":40},"end":{"line":75,"column":null}}]},"10":{"loc":{"start":{"line":76,"column":16},"end":{"line":76,"column":null}},"type":"cond-expr","locations":[{"start":{"line":76,"column":32},"end":{"line":76,"column":48}},{"start":{"line":76,"column":48},"end":{"line":76,"column":null}}]},"11":{"loc":{"start":{"line":77,"column":13},"end":{"line":77,"column":null}},"type":"cond-expr","locations":[{"start":{"line":77,"column":29},"end":{"line":77,"column":38}},{"start":{"line":77,"column":38},"end":{"line":77,"column":null}}]},"12":{"loc":{"start":{"line":80,"column":2},"end":{"line":99,"column":null}},"type":"if","locations":[{"start":{"line":80,"column":2},"end":{"line":99,"column":null}},{"start":{},"end":{}}]},"13":{"loc":{"start":{"line":91,"column":29},"end":{"line":91,"column":100}},"type":"cond-expr","locations":[{"start":{"line":91,"column":40},"end":{"line":91,"column":56}},{"start":{"line":91,"column":56},"end":{"line":91,"column":100}}]},"14":{"loc":{"start":{"line":103,"column":19},"end":{"line":103,"column":null}},"type":"cond-expr","locations":[{"start":{"line":103,"column":37},"end":{"line":103,"column":87}},{"start":{"line":103,"column":87},"end":{"line":103,"column":null}}]},"15":{"loc":{"start":{"line":109,"column":79},"end":{"line":109,"column":112}},"type":"cond-expr","locations":[{"start":{"line":109,"column":90},"end":{"line":109,"column":109}},{"start":{"line":109,"column":109},"end":{"line":109,"column":112}}]},"16":{"loc":{"start":{"line":111,"column":51},"end":{"line":111,"column":97}},"type":"cond-expr","locations":[{"start":{"line":111,"column":62},"end":{"line":111,"column":82}},{"start":{"line":111,"column":82},"end":{"line":111,"column":97}}]},"17":{"loc":{"start":{"line":138,"column":23},"end":{"line":138,"column":null}},"type":"cond-expr","locations":[{"start":{"line":138,"column":39},"end":{"line":138,"column":54}},{"start":{"line":138,"column":54},"end":{"line":138,"column":null}}]},"18":{"loc":{"start":{"line":152,"column":31},"end":{"line":152,"column":102}},"type":"cond-expr","locations":[{"start":{"line":152,"column":42},"end":{"line":152,"column":58}},{"start":{"line":152,"column":58},"end":{"line":152,"column":102}}]},"19":{"loc":{"start":{"line":159,"column":113},"end":{"line":159,"column":195}},"type":"cond-expr","locations":[{"start":{"line":159,"column":124},"end":{"line":159,"column":177}},{"start":{"line":159,"column":177},"end":{"line":159,"column":195}}]},"20":{"loc":{"start":{"line":160,"column":20},"end":{"line":162,"column":null}},"type":"cond-expr","locations":[{"start":{"line":161,"column":24},"end":{"line":161,"column":83}},{"start":{"line":162,"column":24},"end":{"line":162,"column":null}}]},"21":{"loc":{"start":{"line":165,"column":19},"end":{"line":165,"column":null}},"type":"binary-expr","locations":[{"start":{"line":165,"column":19},"end":{"line":165,"column":null}}]},"22":{"loc":{"start":{"line":171,"column":60},"end":{"line":171,"column":135}},"type":"cond-expr","locations":[{"start":{"line":171,"column":74},"end":{"line":171,"column":89}},{"start":{"line":171,"column":89},"end":{"line":171,"column":135}}]},"23":{"loc":{"start":{"line":171,"column":89},"end":{"line":171,"column":135}},"type":"cond-expr","locations":[{"start":{"line":171,"column":100},"end":{"line":171,"column":120}},{"start":{"line":171,"column":120},"end":{"line":171,"column":135}}]},"24":{"loc":{"start":{"line":176,"column":103},"end":{"line":176,"column":135}},"type":"cond-expr","locations":[{"start":{"line":176,"column":117},"end":{"line":176,"column":132}},{"start":{"line":176,"column":132},"end":{"line":176,"column":135}}]},"25":{"loc":{"start":{"line":181,"column":103},"end":{"line":181,"column":135}},"type":"cond-expr","locations":[{"start":{"line":181,"column":117},"end":{"line":181,"column":132}},{"start":{"line":181,"column":132},"end":{"line":181,"column":135}}]},"26":{"loc":{"start":{"line":188,"column":24},"end":{"line":196,"column":null}},"type":"cond-expr","locations":[{"start":{"line":189,"column":28},"end":{"line":195,"column":null}},{"start":{"line":196,"column":28},"end":{"line":196,"column":null}}]},"27":{"loc":{"start":{"line":189,"column":28},"end":{"line":195,"column":null}},"type":"cond-expr","locations":[{"start":{"line":190,"column":30},"end":{"line":190,"column":null}},{"start":{"line":191,"column":30},"end":{"line":195,"column":null}}]},"28":{"loc":{"start":{"line":191,"column":30},"end":{"line":195,"column":null}},"type":"cond-expr","locations":[{"start":{"line":192,"column":32},"end":{"line":192,"column":null}},{"start":{"line":193,"column":32},"end":{"line":195,"column":null}}]},"29":{"loc":{"start":{"line":193,"column":32},"end":{"line":195,"column":null}},"type":"cond-expr","locations":[{"start":{"line":194,"column":34},"end":{"line":194,"column":null}},{"start":{"line":195,"column":34},"end":{"line":195,"column":null}}]},"30":{"loc":{"start":{"line":201,"column":21},"end":{"line":201,"column":35}},"type":"binary-expr","locations":[{"start":{"line":201,"column":21},"end":{"line":201,"column":35}},{"start":{"line":201,"column":35},"end":{"line":201,"column":51}}]}},"s":{"0":0,"1":0,"2":0,"3":0,"4":0,"5":0,"6":0,"7":0,"8":0,"9":0,"10":0,"11":0,"12":0,"13":0,"14":0,"15":0,"16":0,"17":0,"18":0,"19":0,"20":0,"21":0,"22":0,"23":0,"24":0,"25":0,"26":0,"27":0,"28":0,"29":0,"30":0,"31":0,"32":0,"33":0,"34":0,"35":0,"36":0,"37":0,"38":0,"39":0,"40":0,"41":0,"42":0,"43":0,"44":0,"45":0},"f":{"0":0,"1":0,"2":0,"3":0,"4":0,"5":0,"6":0,"7":0,"8":0,"9":0},"b":{"0":[0,0],"1":[0,0],"2":[0,0,0,0,0],"3":[0,0,0,0,0],"4":[0,0],"5":[0,0],"6":[0,0],"7":[0,0],"8":[0,0],"9":[0,0],"10":[0,0],"11":[0,0],"12":[0,0],"13":[0,0],"14":[0,0],"15":[0,0],"16":[0,0],"17":[0,0],"18":[0,0],"19":[0,0],"20":[0,0],"21":[0],"22":[0,0],"23":[0,0],"24":[0,0],"25":[0,0],"26":[0,0],"27":[0,0],"28":[0,0],"29":[0,0],"30":[0,0]}}
,"/Users/mustafaevleksiz/Desktop/Projects/SportTrack/src/app/activities/page.tsx": {"path":"/Users/mustafaevleksiz/Desktop/Projects/SportTrack/src/app/activities/page.tsx","statementMap":{"0":{"start":{"line":30,"column":24},"end":{"line":30,"column":null}},"1":{"start":{"line":3,"column":29},"end":{"line":3,"column":null}},"2":{"start":{"line":4,"column":55},"end":{"line":4,"column":null}},"3":{"start":{"line":5,"column":39},"end":{"line":5,"column":null}},"4":{"start":{"line":7,"column":34},"end":{"line":7,"column":null}},"5":{"start":{"line":8,"column":35},"end":{"line":8,"column":null}},"6":{"start":{"line":9,"column":25},"end":{"line":9,"column":null}},"7":{"start":{"line":10,"column":24},"end":{"line":10,"column":null}},"8":{"start":{"line":11,"column":46},"end":{"line":11,"column":null}},"9":{"start":{"line":12,"column":50},"end":{"line":12,"column":null}},"10":{"start":{"line":13,"column":27},"end":{"line":13,"column":null}},"11":{"start":{"line":15,"column":30},"end":{"line":15,"column":null}},"12":{"start":{"line":16,"column":28},"end":{"line":16,"column":null}},"13":{"start":{"line":17,"column":17},"end":{"line":17,"column":null}},"14":{"start":{"line":20,"column":16},"end":{"line":20,"column":null}},"15":{"start":{"line":21,"column":18},"end":{"line":21,"column":null}},"16":{"start":{"line":22,"column":15},"end":{"line":22,"column":null}},"17":{"start":{"line":24,"column":2},"end":{"line":26,"column":null}},"18":{"start":{"line":25,"column":4},"end":{"line":25,"column":null}},"19":{"start":{"line":27,"column":2},"end":{"line":27,"column":null}},"20":{"start":{"line":31,"column":16},"end":{"line":31,"column":null}},"21":{"start":{"line":32,"column":19},"end":{"line":32,"column":null}},"22":{"start":{"line":61,"column":22},"end":{"line":61,"column":null}},"23":{"start":{"line":62,"column":19},"end":{"line":62,"column":null}},"24":{"start":{"line":63,"column":51},"end":{"line":63,"column":null}},"25":{"start":{"line":64,"column":24},"end":{"line":64,"column":null}},"26":{"start":{"line":65,"column":36},"end":{"line":65,"column":null}},"27":{"start":{"line":66,"column":44},"end":{"line":69,"column":null}},"28":{"start":{"line":70,"column":32},"end":{"line":76,"column":null}},"29":{"start":{"line":77,"column":29},"end":{"line":77,"column":null}},"30":{"start":{"line":79,"column":26},"end":{"line":81,"column":null}},"31":{"start":{"line":80,"column":10},"end":{"line":80,"column":null}},"32":{"start":{"line":83,"column":24},"end":{"line":89,"column":null}},"33":{"start":{"line":85,"column":6},"end":{"line":88,"column":null}},"34":{"start":{"line":91,"column":21},"end":{"line":91,"column":46}},"35":{"start":{"line":92,"column":19},"end":{"line":92,"column":null}},"36":{"start":{"line":92,"column":33},"end":{"line":92,"column":71}},"37":{"start":{"line":94,"column":18},"end":{"line":96,"column":null}},"38":{"start":{"line":95,"column":11},"end":{"line":95,"column":null}},"39":{"start":{"line":95,"column":54},"end":{"line":95,"column":84}},"40":{"start":{"line":99,"column":17},"end":{"line":111,"column":null}},"41":{"start":{"line":100,"column":20},"end":{"line":100,"column":null}},"42":{"start":{"line":101,"column":4},"end":{"line":104,"column":null}},"43":{"start":{"line":102,"column":18},"end":{"line":102,"column":null}},"44":{"start":{"line":103,"column":6},"end":{"line":103,"column":null}},"45":{"start":{"line":105,"column":4},"end":{"line":110,"column":null}},"46":{"start":{"line":106,"column":29},"end":{"line":109,"column":null}},"47":{"start":{"line":108,"column":34},"end":{"line":108,"column":null}},"48":{"start":{"line":110,"column":22},"end":{"line":110,"column":null}},"49":{"start":{"line":113,"column":24},"end":{"line":117,"column":null}},"50":{"start":{"line":114,"column":24},"end":{"line":114,"column":null}},"51":{"start":{"line":114,"column":62},"end":{"line":114,"column":76}},"52":{"start":{"line":115,"column":23},"end":{"line":115,"column":48}},"53":{"start":{"line":116,"column":4},"end":{"line":116,"column":null}},"54":{"start":{"line":176,"column":33},"end":{"line":176,"column":null}},"55":{"start":{"line":197,"column":20},"end":{"line":197,"column":null}},"56":{"start":{"line":199,"column":34},"end":{"line":199,"column":null}},"57":{"start":{"line":217,"column":14},"end":{"line":224,"column":null}},"58":{"start":{"line":218,"column":16},"end":{"line":218,"column":null}},"59":{"start":{"line":219,"column":16},"end":{"line":219,"column":null}},"60":{"start":{"line":220,"column":16},"end":{"line":222,"column":null}},"61":{"start":{"line":221,"column":18},"end":{"line":221,"column":null}},"62":{"start":{"line":223,"column":16},"end":{"line":223,"column":null}},"63":{"start":{"line":226,"column":28},"end":{"line":226,"column":null}},"64":{"start":{"line":241,"column":16},"end":{"line":241,"column":31}},"65":{"start":{"line":253,"column":24},"end":{"line":253,"column":null}},"66":{"start":{"line":254,"column":22},"end":{"line":256,"column":null}},"67":{"start":{"line":346,"column":47},"end":{"line":346,"column":null}},"68":{"start":{"line":356,"column":34},"end":{"line":356,"column":null}},"69":{"start":{"line":356,"column":48},"end":{"line":356,"column":null}},"70":{"start":{"line":357,"column":34},"end":{"line":357,"column":null}}},"fnMap":{"0":{"name":"formatDuration","decl":{"start":{"line":19,"column":9},"end":{"line":19,"column":24}},"loc":{"start":{"line":19,"column":58},"end":{"line":28,"column":null}}},"1":{"name":"ActivitiesPage","decl":{"start":{"line":30,"column":24},"end":{"line":30,"column":null}},"loc":{"start":{"line":30,"column":24},"end":{"line":58,"column":null}}},"2":{"name":"ActivitiesClient","decl":{"start":{"line":60,"column":9},"end":{"line":60,"column":null}},"loc":{"start":{"line":60,"column":9},"end":{"line":377,"column":null}}},"3":{"name":"(anonymous_5)","decl":{"start":{"line":80,"column":4},"end":{"line":80,"column":10}},"loc":{"start":{"line":80,"column":10},"end":{"line":80,"column":null}}},"4":{"name":"(anonymous_6)","decl":{"start":{"line":84,"column":4},"end":{"line":84,"column":null}},"loc":{"start":{"line":85,"column":6},"end":{"line":88,"column":null}}},"5":{"name":"(anonymous_7)","decl":{"start":{"line":92,"column":27},"end":{"line":92,"column":33}},"loc":{"start":{"line":92,"column":33},"end":{"line":92,"column":71}}},"6":{"name":"(anonymous_8)","decl":{"start":{"line":95,"column":4},"end":{"line":95,"column":11}},"loc":{"start":{"line":95,"column":11},"end":{"line":95,"column":null}}},"7":{"name":"(anonymous_9)","decl":{"start":{"line":95,"column":40},"end":{"line":95,"column":41}},"loc":{"start":{"line":95,"column":54},"end":{"line":95,"column":84}}},"8":{"name":"(anonymous_10)","decl":{"start":{"line":99,"column":25},"end":{"line":99,"column":null}},"loc":{"start":{"line":99,"column":25},"end":{"line":111,"column":5}}},"9":{"name":"(anonymous_11)","decl":{"start":{"line":106,"column":11},"end":{"line":106,"column":12}},"loc":{"start":{"line":106,"column":29},"end":{"line":109,"column":null}}},"10":{"name":"(anonymous_12)","decl":{"start":{"line":108,"column":24},"end":{"line":108,"column":25}},"loc":{"start":{"line":108,"column":34},"end":{"line":108,"column":null}}},"11":{"name":"(anonymous_13)","decl":{"start":{"line":110,"column":12},"end":{"line":110,"column":13}},"loc":{"start":{"line":110,"column":22},"end":{"line":110,"column":null}}},"12":{"name":"(anonymous_14)","decl":{"start":{"line":113,"column":32},"end":{"line":113,"column":null}},"loc":{"start":{"line":113,"column":32},"end":{"line":117,"column":5}}},"13":{"name":"(anonymous_15)","decl":{"start":{"line":114,"column":50},"end":{"line":114,"column":51}},"loc":{"start":{"line":114,"column":62},"end":{"line":114,"column":76}}},"14":{"name":"(anonymous_16)","decl":{"start":{"line":176,"column":27},"end":{"line":176,"column":33}},"loc":{"start":{"line":176,"column":33},"end":{"line":176,"column":null}}},"15":{"name":"(anonymous_17)","decl":{"start":{"line":196,"column":27},"end":{"line":196,"column":null}},"loc":{"start":{"line":196,"column":27},"end":{"line":198,"column":null}}},"16":{"name":"(anonymous_18)","decl":{"start":{"line":199,"column":28},"end":{"line":199,"column":34}},"loc":{"start":{"line":199,"column":34},"end":{"line":199,"column":null}}},"17":{"name":"(anonymous_19)","decl":{"start":{"line":216,"column":23},"end":{"line":216,"column":null}},"loc":{"start":{"line":216,"column":23},"end":{"line":225,"column":null}}},"18":{"name":"(anonymous_20)","decl":{"start":{"line":226,"column":22},"end":{"line":226,"column":28}},"loc":{"start":{"line":226,"column":28},"end":{"line":226,"column":null}}},"19":{"name":"(anonymous_21)","decl":{"start":{"line":240,"column":26},"end":{"line":240,"column":27}},"loc":{"start":{"line":241,"column":16},"end":{"line":241,"column":31}}},"20":{"name":"(anonymous_22)","decl":{"start":{"line":251,"column":30},"end":{"line":251,"column":31}},"loc":{"start":{"line":251,"column":41},"end":{"line":367,"column":null}}},"21":{"name":"(anonymous_23)","decl":{"start":{"line":346,"column":41},"end":{"line":346,"column":47}},"loc":{"start":{"line":346,"column":47},"end":{"line":346,"column":null}}},"22":{"name":"(anonymous_24)","decl":{"start":{"line":355,"column":41},"end":{"line":355,"column":null}},"loc":{"start":{"line":355,"column":41},"end":{"line":358,"column":null}}}},"branchMap":{"0":{"loc":{"start":{"line":24,"column":2},"end":{"line":26,"column":null}},"type":"if","locations":[{"start":{"line":24,"column":2},"end":{"line":26,"column":null}},{"start":{},"end":{}}]},"1":{"loc":{"start":{"line":37,"column":79},"end":{"line":37,"column":112}},"type":"cond-expr","locations":[{"start":{"line":37,"column":90},"end":{"line":37,"column":109}},{"start":{"line":37,"column":109},"end":{"line":37,"column":112}}]},"2":{"loc":{"start":{"line":39,"column":51},"end":{"line":39,"column":97}},"type":"cond-expr","locations":[{"start":{"line":39,"column":62},"end":{"line":39,"column":82}},{"start":{"line":39,"column":82},"end":{"line":39,"column":97}}]},"3":{"loc":{"start":{"line":47,"column":226},"end":{"line":47,"column":319}},"type":"cond-expr","locations":[{"start":{"line":47,"column":237},"end":{"line":47,"column":286}},{"start":{"line":47,"column":286},"end":{"line":47,"column":319}}]},"4":{"loc":{"start":{"line":80,"column":32},"end":{"line":80,"column":null}},"type":"cond-expr","locations":[{"start":{"line":80,"column":48},"end":{"line":80,"column":58}},{"start":{"line":80,"column":58},"end":{"line":80,"column":null}}]},"5":{"loc":{"start":{"line":85,"column":30},"end":{"line":85,"column":65}},"type":"cond-expr","locations":[{"start":{"line":85,"column":46},"end":{"line":85,"column":56}},{"start":{"line":85,"column":56},"end":{"line":85,"column":65}}]},"6":{"loc":{"start":{"line":91,"column":21},"end":{"line":91,"column":46}},"type":"cond-expr","locations":[{"start":{"line":91,"column":37},"end":{"line":91,"column":39}},{"start":{"line":91,"column":42},"end":{"line":91,"column":46}}]},"7":{"loc":{"start":{"line":95,"column":11},"end":{"line":95,"column":null}},"type":"cond-expr","locations":[{"start":{"line":95,"column":24},"end":{"line":95,"column":92}},{"start":{"line":95,"column":92},"end":{"line":95,"column":null}}]},"8":{"loc":{"start":{"line":95,"column":24},"end":{"line":95,"column":92}},"type":"binary-expr","locations":[{"start":{"line":95,"column":24},"end":{"line":95,"column":84}},{"start":{"line":95,"column":84},"end":{"line":95,"column":92}}]},"9":{"loc":{"start":{"line":103,"column":28},"end":{"line":103,"column":50}},"type":"binary-expr","locations":[{"start":{"line":103,"column":28},"end":{"line":103,"column":48}},{"start":{"line":103,"column":48},"end":{"line":103,"column":50}}]},"10":{"loc":{"start":{"line":125,"column":8},"end":{"line":125,"column":null}},"type":"binary-expr","locations":[{"start":{"line":125,"column":8},"end":{"line":125,"column":null}},{"start":{"line":126,"column":8},"end":{"line":126,"column":null}},{"start":{"line":127,"column":8},"end":{"line":127,"column":null}},{"start":{"line":128,"column":8},"end":{"line":128,"column":27}}]},"11":{"loc":{"start":{"line":145,"column":11},"end":{"line":145,"column":58}},"type":"binary-expr","locations":[{"start":{"line":145,"column":11},"end":{"line":145,"column":58}}]},"12":{"loc":{"start":{"line":152,"column":11},"end":{"line":203,"column":null}},"type":"cond-expr","locations":[{"start":{"line":153,"column":12},"end":{"line":170,"column":null}},{"start":{"line":170,"column":14},"end":{"line":203,"column":null}}]},"13":{"loc":{"start":{"line":155,"column":30},"end":{"line":155,"column":65}},"type":"cond-expr","locations":[{"start":{"line":155,"column":41},"end":{"line":155,"column":54}},{"start":{"line":155,"column":54},"end":{"line":155,"column":65}}]},"14":{"loc":{"start":{"line":155,"column":73},"end":{"line":155,"column":119}},"type":"cond-expr","locations":[{"start":{"line":155,"column":84},"end":{"line":155,"column":104}},{"start":{"line":155,"column":104},"end":{"line":155,"column":119}}]},"15":{"loc":{"start":{"line":160,"column":30},"end":{"line":160,"column":65}},"type":"cond-expr","locations":[{"start":{"line":160,"column":41},"end":{"line":160,"column":55}},{"start":{"line":160,"column":55},"end":{"line":160,"column":65}}]},"16":{"loc":{"start":{"line":164,"column":31},"end":{"line":164,"column":64}},"type":"cond-expr","locations":[{"start":{"line":164,"column":42},"end":{"line":164,"column":54}},{"start":{"line":164,"column":54},"end":{"line":164,"column":64}}]},"17":{"loc":{"start":{"line":165,"column":17},"end":{"line":167,"column":null}},"type":"cond-expr","locations":[{"start":{"line":166,"column":20},"end":{"line":166,"column":null}},{"start":{"line":167,"column":20},"end":{"line":167,"column":null}}]},"18":{"loc":{"start":{"line":170,"column":14},"end":{"line":203,"column":null}},"type":"cond-expr","locations":[{"start":{"line":171,"column":12},"end":{"line":203,"column":null}},{"start":{"line":203,"column":14},"end":{"line":203,"column":null}}]},"19":{"loc":{"start":{"line":193,"column":26},"end":{"line":193,"column":null}},"type":"binary-expr","locations":[{"start":{"line":193,"column":26},"end":{"line":193,"column":38}},{"start":{"line":193,"column":42},"end":{"line":193,"column":null}}]},"20":{"loc":{"start":{"line":208,"column":14},"end":{"line":212,"column":null}},"type":"cond-expr","locations":[{"start":{"line":209,"column":18},"end":{"line":211,"column":null}},{"start":{"line":212,"column":18},"end":{"line":212,"column":null}}]},"21":{"loc":{"start":{"line":217,"column":14},"end":{"line":224,"column":null}},"type":"if","locations":[{"start":{"line":217,"column":14},"end":{"line":224,"column":null}},{"start":{},"end":{}}]},"22":{"loc":{"start":{"line":220,"column":16},"end":{"line":222,"column":null}},"type":"if","locations":[{"start":{"line":220,"column":16},"end":{"line":222,"column":null}},{"start":{},"end":{}}]},"23":{"loc":{"start":{"line":229,"column":12},"end":{"line":234,"column":33}},"type":"cond-expr","locations":[{"start":{"line":229,"column":12},"end":{"line":234,"column":33}}]},"24":{"loc":{"start":{"line":235,"column":12},"end":{"line":239,"column":13}},"type":"cond-expr","locations":[{"start":{"line":235,"column":12},"end":{"line":239,"column":13}}]},"25":{"loc":{"start":{"line":257,"column":164},"end":{"line":257,"column":241}},"type":"cond-expr","locations":[{"start":{"line":257,"column":174},"end":{"line":257,"column":229}},{"start":{"line":257,"column":229},"end":{"line":257,"column":241}}]},"26":{"loc":{"start":{"line":257,"column":253},"end":{"line":257,"column":349}},"type":"cond-expr","locations":[{"start":{"line":257,"column":263},"end":{"line":257,"column":304}},{"start":{"line":257,"column":304},"end":{"line":257,"column":349}}]},"27":{"loc":{"start":{"line":257,"column":370},"end":{"line":257,"column":561}},"type":"cond-expr","locations":[{"start":{"line":257,"column":380},"end":{"line":257,"column":473}},{"start":{"line":257,"column":473},"end":{"line":257,"column":561}}]},"28":{"loc":{"start":{"line":271,"column":57},"end":{"line":271,"column":92}},"type":"cond-expr","locations":[{"start":{"line":271,"column":68},"end":{"line":271,"column":81}},{"start":{"line":271,"column":81},"end":{"line":271,"column":92}}]},"29":{"loc":{"start":{"line":271,"column":115},"end":{"line":271,"column":161}},"type":"cond-expr","locations":[{"start":{"line":271,"column":126},"end":{"line":271,"column":146}},{"start":{"line":271,"column":146},"end":{"line":271,"column":161}}]},"30":{"loc":{"start":{"line":274,"column":35},"end":{"line":274,"column":null}},"type":"binary-expr","locations":[{"start":{"line":274,"column":35},"end":{"line":274,"column":null}}]},"31":{"loc":{"start":{"line":282,"column":50},"end":{"line":282,"column":83}},"type":"cond-expr","locations":[{"start":{"line":282,"column":61},"end":{"line":282,"column":73}},{"start":{"line":282,"column":73},"end":{"line":282,"column":83}}]},"32":{"loc":{"start":{"line":297,"column":31},"end":{"line":297,"column":null}},"type":"binary-expr","locations":[{"start":{"line":297,"column":31},"end":{"line":297,"column":null}}]},"33":{"loc":{"start":{"line":306,"column":44},"end":{"line":306,"column":77}},"type":"cond-expr","locations":[{"start":{"line":306,"column":55},"end":{"line":306,"column":67}},{"start":{"line":306,"column":67},"end":{"line":306,"column":77}}]},"34":{"loc":{"start":{"line":321,"column":31},"end":{"line":321,"column":48}},"type":"binary-expr","locations":[{"start":{"line":321,"column":31},"end":{"line":321,"column":48}},{"start":{"line":321,"column":52},"end":{"line":321,"column":null}}]},"35":{"loc":{"start":{"line":332,"column":29},"end":{"line":332,"column":42}},"type":"binary-expr","locations":[{"start":{"line":332,"column":29},"end":{"line":332,"column":42}}]},"36":{"loc":{"start":{"line":334,"column":46},"end":{"line":334,"column":79}},"type":"cond-expr","locations":[{"start":{"line":334,"column":57},"end":{"line":334,"column":69}},{"start":{"line":334,"column":69},"end":{"line":334,"column":79}}]},"37":{"loc":{"start":{"line":354,"column":39},"end":{"line":354,"column":null}},"type":"cond-expr","locations":[{"start":{"line":354,"column":50},"end":{"line":354,"column":77}},{"start":{"line":354,"column":77},"end":{"line":354,"column":null}}]},"38":{"loc":{"start":{"line":356,"column":34},"end":{"line":356,"column":null}},"type":"if","locations":[{"start":{"line":356,"column":34},"end":{"line":356,"column":null}},{"start":{},"end":{}}]}},"s":{"0":0,"1":0,"2":0,"3":0,"4":0,"5":0,"6":0,"7":0,"8":0,"9":0,"10":0,"11":0,"12":0,"13":0,"14":0,"15":0,"16":0,"17":0,"18":0,"19":0,"20":0,"21":0,"22":0,"23":0,"24":0,"25":0,"26":0,"27":0,"28":0,"29":0,"30":0,"31":0,"32":0,"33":0,"34":0,"35":0,"36":0,"37":0,"38":0,"39":0,"40":0,"41":0,"42":0,"43":0,"44":0,"45":0,"46":0,"47":0,"48":0,"49":0,"50":0,"51":0,"52":0,"53":0,"54":0,"55":0,"56":0,"57":0,"58":0,"59":0,"60":0,"61":0,"62":0,"63":0,"64":0,"65":0,"66":0,"67":0,"68":0,"69":0,"70":0},"f":{"0":0,"1":0,"2":0,"3":0,"4":0,"5":0,"6":0,"7":0,"8":0,"9":0,"10":0,"11":0,"12":0,"13":0,"14":0,"15":0,"16":0,"17":0,"18":0,"19":0,"20":0,"21":0,"22":0},"b":{"0":[0,0],"1":[0,0],"2":[0,0],"3":[0,0],"4":[0,0],"5":[0,0],"6":[0,0],"7":[0,0],"8":[0,0],"9":[0,0],"10":[0,0,0,0],"11":[0],"12":[0,0],"13":[0,0],"14":[0,0],"15":[0,0],"16":[0,0],"17":[0,0],"18":[0,0],"19":[0,0],"20":[0,0],"21":[0,0],"22":[0,0],"23":[0],"24":[0],"25":[0,0],"26":[0,0],"27":[0,0],"28":[0,0],"29":[0,0],"30":[0],"31":[0,0],"32":[0],"33":[0,0],"34":[0,0],"35":[0],"36":[0,0],"37":[0,0],"38":[0,0]}}
,"/Users/mustafaevleksiz/Desktop/Projects/SportTrack/src/app/add/page.tsx": {"path":"/Users/mustafaevleksiz/Desktop/Projects/SportTrack/src/app/add/page.tsx","statementMap":{"0":{"start":{"line":8,"column":24},"end":{"line":8,"column":null}},"1":{"start":{"line":3,"column":29},"end":{"line":3,"column":null}},"2":{"start":{"line":4,"column":24},"end":{"line":4,"column":null}},"3":{"start":{"line":5,"column":26},"end":{"line":5,"column":null}},"4":{"start":{"line":6,"column":28},"end":{"line":6,"column":null}},"5":{"start":{"line":9,"column":16},"end":{"line":9,"column":null}},"6":{"start":{"line":10,"column":17},"end":{"line":10,"column":null}},"7":{"start":{"line":11,"column":19},"end":{"line":11,"column":null}},"8":{"start":{"line":32,"column":12},"end":{"line":34,"column":null}},"9":{"start":{"line":33,"column":14},"end":{"line":33,"column":null}}},"fnMap":{"0":{"name":"AddActivityPage","decl":{"start":{"line":8,"column":24},"end":{"line":8,"column":null}},"loc":{"start":{"line":8,"column":24},"end":{"line":40,"column":null}}},"1":{"name":"(anonymous_2)","decl":{"start":{"line":30,"column":21},"end":{"line":30,"column":null}},"loc":{"start":{"line":30,"column":21},"end":{"line":35,"column":null}}},"2":{"name":"(anonymous_3)","decl":{"start":{"line":32,"column":23},"end":{"line":32,"column":null}},"loc":{"start":{"line":32,"column":23},"end":{"line":34,"column":15}}}},"branchMap":{"0":{"loc":{"start":{"line":17,"column":79},"end":{"line":17,"column":112}},"type":"cond-expr","locations":[{"start":{"line":17,"column":90},"end":{"line":17,"column":109}},{"start":{"line":17,"column":109},"end":{"line":17,"column":112}}]},"1":{"loc":{"start":{"line":19,"column":51},"end":{"line":19,"column":97}},"type":"cond-expr","locations":[{"start":{"line":19,"column":62},"end":{"line":19,"column":82}},{"start":{"line":19,"column":82},"end":{"line":19,"column":97}}]},"2":{"loc":{"start":{"line":27,"column":22},"end":{"line":27,"column":76}},"type":"cond-expr","locations":[{"start":{"line":27,"column":33},"end":{"line":27,"column":52}},{"start":{"line":27,"column":52},"end":{"line":27,"column":76}}]}},"s":{"0":0,"1":0,"2":0,"3":0,"4":0,"5":0,"6":0,"7":0,"8":0,"9":0},"f":{"0":0,"1":0,"2":0},"b":{"0":[0,0],"1":[0,0],"2":[0,0]}}
,"/Users/mustafaevleksiz/Desktop/Projects/SportTrack/src/app/challenges/page.tsx": {"path":"/Users/mustafaevleksiz/Desktop/Projects/SportTrack/src/app/challenges/page.tsx","statementMap":{"0":{"start":{"line":19,"column":24},"end":{"line":19,"column":null}},"1":{"start":{"line":3,"column":41},"end":{"line":3,"column":null}},"2":{"start":{"line":4,"column":24},"end":{"line":4,"column":null}},"3":{"start":{"line":5,"column":30},"end":{"line":5,"column":null}},"4":{"start":{"line":7,"column":28},"end":{"line":7,"column":null}},"5":{"start":{"line":8,"column":30},"end":{"line":8,"column":null}},"6":{"start":{"line":9,"column":52},"end":{"line":9,"column":null}},"7":{"start":{"line":12,"column":22},"end":{"line":13,"column":null}},"8":{"start":{"line":13,"column":2},"end":{"line":13,"column":null}},"9":{"start":{"line":13,"column":2},"end":{"line":13,"column":39}},"10":{"start":{"line":13,"column":52},"end":{"line":13,"column":null}},"11":{"start":{"line":15,"column":24},"end":{"line":16,"column":null}},"12":{"start":{"line":16,"column":2},"end":{"line":16,"column":null}},"13":{"start":{"line":16,"column":2},"end":{"line":16,"column":41}},"14":{"start":{"line":16,"column":54},"end":{"line":16,"column":null}},"15":{"start":{"line":20,"column":83},"end":{"line":20,"column":null}},"16":{"start":{"line":21,"column":22},"end":{"line":21,"column":null}},"17":{"start":{"line":22,"column":19},"end":{"line":22,"column":null}},"18":{"start":{"line":23,"column":38},"end":{"line":23,"column":null}},"19":{"start":{"line":24,"column":50},"end":{"line":24,"column":null}},"20":{"start":{"line":25,"column":52},"end":{"line":25,"column":null}},"21":{"start":{"line":27,"column":2},"end":{"line":38,"column":null}},"22":{"start":{"line":33,"column":12},"end":{"line":33,"column":null}},"23":{"start":{"line":40,"column":27},"end":{"line":40,"column":null}},"24":{"start":{"line":40,"column":52},"end":{"line":40,"column":null}},"25":{"start":{"line":41,"column":30},"end":{"line":41,"column":null}},"26":{"start":{"line":41,"column":55},"end":{"line":41,"column":null}},"27":{"start":{"line":42,"column":28},"end":{"line":43,"column":null}},"28":{"start":{"line":43,"column":11},"end":{"line":43,"column":null}},"29":{"start":{"line":46,"column":29},"end":{"line":49,"column":null}},"30":{"start":{"line":47,"column":4},"end":{"line":47,"column":null}},"31":{"start":{"line":48,"column":4},"end":{"line":48,"column":null}},"32":{"start":{"line":51,"column":30},"end":{"line":54,"column":null}},"33":{"start":{"line":52,"column":4},"end":{"line":52,"column":null}},"34":{"start":{"line":53,"column":4},"end":{"line":53,"column":null}},"35":{"start":{"line":56,"column":32},"end":{"line":58,"column":null}},"36":{"start":{"line":57,"column":4},"end":{"line":57,"column":null}},"37":{"start":{"line":60,"column":30},"end":{"line":65,"column":null}},"38":{"start":{"line":61,"column":4},"end":{"line":64,"column":null}},"39":{"start":{"line":62,"column":6},"end":{"line":62,"column":null}},"40":{"start":{"line":63,"column":6},"end":{"line":63,"column":null}},"41":{"start":{"line":67,"column":30},"end":{"line":75,"column":null}},"42":{"start":{"line":68,"column":4},"end":{"line":72,"column":null}},"43":{"start":{"line":69,"column":6},"end":{"line":69,"column":null}},"44":{"start":{"line":71,"column":6},"end":{"line":71,"column":null}},"45":{"start":{"line":73,"column":4},"end":{"line":73,"column":null}},"46":{"start":{"line":74,"column":4},"end":{"line":74,"column":null}},"47":{"start":{"line":141,"column":18},"end":{"line":141,"column":47}},"48":{"start":{"line":144,"column":36},"end":{"line":144,"column":null}},"49":{"start":{"line":145,"column":38},"end":{"line":145,"column":null}},"50":{"start":{"line":162,"column":18},"end":{"line":162,"column":47}},"51":{"start":{"line":165,"column":36},"end":{"line":165,"column":null}},"52":{"start":{"line":166,"column":38},"end":{"line":166,"column":null}},"53":{"start":{"line":183,"column":18},"end":{"line":183,"column":47}},"54":{"start":{"line":186,"column":36},"end":{"line":186,"column":null}},"55":{"start":{"line":187,"column":38},"end":{"line":187,"column":null}},"56":{"start":{"line":203,"column":14},"end":{"line":203,"column":null}},"57":{"start":{"line":204,"column":14},"end":{"line":204,"column":null}},"58":{"start":{"line":219,"column":24},"end":{"line":219,"column":null}}},"fnMap":{"0":{"name":"(anonymous_4)","decl":{"start":{"line":12,"column":27},"end":{"line":12,"column":null}},"loc":{"start":{"line":13,"column":2},"end":{"line":13,"column":null}}},"1":{"name":"(anonymous_5)","decl":{"start":{"line":13,"column":2},"end":{"line":13,"column":9}},"loc":{"start":{"line":13,"column":2},"end":{"line":13,"column":39}}},"2":{"name":"(anonymous_6)","decl":{"start":{"line":13,"column":44},"end":{"line":13,"column":45}},"loc":{"start":{"line":13,"column":52},"end":{"line":13,"column":null}}},"3":{"name":"(anonymous_7)","decl":{"start":{"line":15,"column":29},"end":{"line":15,"column":null}},"loc":{"start":{"line":16,"column":2},"end":{"line":16,"column":null}}},"4":{"name":"(anonymous_8)","decl":{"start":{"line":16,"column":2},"end":{"line":16,"column":9}},"loc":{"start":{"line":16,"column":2},"end":{"line":16,"column":41}}},"5":{"name":"(anonymous_9)","decl":{"start":{"line":16,"column":46},"end":{"line":16,"column":47}},"loc":{"start":{"line":16,"column":54},"end":{"line":16,"column":null}}},"6":{"name":"ChallengesPage","decl":{"start":{"line":19,"column":24},"end":{"line":19,"column":null}},"loc":{"start":{"line":19,"column":24},"end":{"line":223,"column":null}}},"7":{"name":"(anonymous_11)","decl":{"start":{"line":32,"column":25},"end":{"line":32,"column":26}},"loc":{"start":{"line":33,"column":12},"end":{"line":33,"column":null}}},"8":{"name":"(anonymous_12)","decl":{"start":{"line":40,"column":45},"end":{"line":40,"column":46}},"loc":{"start":{"line":40,"column":52},"end":{"line":40,"column":null}}},"9":{"name":"(anonymous_13)","decl":{"start":{"line":41,"column":48},"end":{"line":41,"column":49}},"loc":{"start":{"line":41,"column":55},"end":{"line":41,"column":null}}},"10":{"name":"(anonymous_14)","decl":{"start":{"line":43,"column":4},"end":{"line":43,"column":5}},"loc":{"start":{"line":43,"column":11},"end":{"line":43,"column":null}}},"11":{"name":"(anonymous_15)","decl":{"start":{"line":46,"column":29},"end":{"line":46,"column":null}},"loc":{"start":{"line":46,"column":29},"end":{"line":49,"column":null}}},"12":{"name":"(anonymous_16)","decl":{"start":{"line":51,"column":30},"end":{"line":51,"column":31}},"loc":{"start":{"line":51,"column":31},"end":{"line":54,"column":null}}},"13":{"name":"(anonymous_17)","decl":{"start":{"line":56,"column":32},"end":{"line":56,"column":33}},"loc":{"start":{"line":56,"column":33},"end":{"line":58,"column":null}}},"14":{"name":"(anonymous_18)","decl":{"start":{"line":60,"column":30},"end":{"line":60,"column":null}},"loc":{"start":{"line":60,"column":30},"end":{"line":65,"column":null}}},"15":{"name":"(anonymous_19)","decl":{"start":{"line":67,"column":30},"end":{"line":67,"column":31}},"loc":{"start":{"line":67,"column":31},"end":{"line":75,"column":null}}},"16":{"name":"(anonymous_20)","decl":{"start":{"line":140,"column":38},"end":{"line":140,"column":39}},"loc":{"start":{"line":141,"column":18},"end":{"line":141,"column":47}}},"17":{"name":"(anonymous_21)","decl":{"start":{"line":144,"column":30},"end":{"line":144,"column":36}},"loc":{"start":{"line":144,"column":36},"end":{"line":144,"column":null}}},"18":{"name":"(anonymous_22)","decl":{"start":{"line":145,"column":32},"end":{"line":145,"column":38}},"loc":{"start":{"line":145,"column":38},"end":{"line":145,"column":null}}},"19":{"name":"(anonymous_23)","decl":{"start":{"line":161,"column":41},"end":{"line":161,"column":42}},"loc":{"start":{"line":162,"column":18},"end":{"line":162,"column":47}}},"20":{"name":"(anonymous_24)","decl":{"start":{"line":165,"column":30},"end":{"line":165,"column":36}},"loc":{"start":{"line":165,"column":36},"end":{"line":165,"column":null}}},"21":{"name":"(anonymous_25)","decl":{"start":{"line":166,"column":32},"end":{"line":166,"column":38}},"loc":{"start":{"line":166,"column":38},"end":{"line":166,"column":null}}},"22":{"name":"(anonymous_26)","decl":{"start":{"line":182,"column":39},"end":{"line":182,"column":40}},"loc":{"start":{"line":183,"column":18},"end":{"line":183,"column":47}}},"23":{"name":"(anonymous_27)","decl":{"start":{"line":186,"column":30},"end":{"line":186,"column":36}},"loc":{"start":{"line":186,"column":36},"end":{"line":186,"column":null}}},"24":{"name":"(anonymous_28)","decl":{"start":{"line":187,"column":32},"end":{"line":187,"column":38}},"loc":{"start":{"line":187,"column":38},"end":{"line":187,"column":null}}},"25":{"name":"(anonymous_29)","decl":{"start":{"line":202,"column":21},"end":{"line":202,"column":null}},"loc":{"start":{"line":202,"column":21},"end":{"line":205,"column":null}}},"26":{"name":"(anonymous_30)","decl":{"start":{"line":219,"column":18},"end":{"line":219,"column":24}},"loc":{"start":{"line":219,"column":24},"end":{"line":219,"column":null}}}},"branchMap":{"0":{"loc":{"start":{"line":27,"column":2},"end":{"line":38,"column":null}},"type":"if","locations":[{"start":{"line":27,"column":2},"end":{"line":38,"column":null}},{"start":{},"end":{}}]},"1":{"loc":{"start":{"line":43,"column":11},"end":{"line":43,"column":null}},"type":"binary-expr","locations":[{"start":{"line":43,"column":11},"end":{"line":43,"column":37}},{"start":{"line":43,"column":37},"end":{"line":43,"column":null}}]},"2":{"loc":{"start":{"line":61,"column":4},"end":{"line":64,"column":null}},"type":"if","locations":[{"start":{"line":61,"column":4},"end":{"line":64,"column":null}},{"start":{},"end":{}}]},"3":{"loc":{"start":{"line":68,"column":4},"end":{"line":72,"column":null}},"type":"if","locations":[{"start":{"line":68,"column":4},"end":{"line":72,"column":null}},{"start":{"line":70,"column":11},"end":{"line":72,"column":null}}]},"4":{"loc":{"start":{"line":81,"column":84},"end":{"line":81,"column":117}},"type":"cond-expr","locations":[{"start":{"line":81,"column":95},"end":{"line":81,"column":114}},{"start":{"line":81,"column":114},"end":{"line":81,"column":117}}]},"5":{"loc":{"start":{"line":83,"column":51},"end":{"line":83,"column":97}},"type":"cond-expr","locations":[{"start":{"line":83,"column":62},"end":{"line":83,"column":82}},{"start":{"line":83,"column":82},"end":{"line":83,"column":97}}]},"6":{"loc":{"start":{"line":97,"column":235},"end":{"line":97,"column":328}},"type":"cond-expr","locations":[{"start":{"line":97,"column":246},"end":{"line":97,"column":295}},{"start":{"line":97,"column":295},"end":{"line":97,"column":328}}]},"7":{"loc":{"start":{"line":104,"column":8},"end":{"line":131,"column":9}},"type":"cond-expr","locations":[{"start":{"line":104,"column":8},"end":{"line":131,"column":9}}]},"8":{"loc":{"start":{"line":106,"column":26},"end":{"line":106,"column":61}},"type":"cond-expr","locations":[{"start":{"line":106,"column":37},"end":{"line":106,"column":50}},{"start":{"line":106,"column":50},"end":{"line":106,"column":61}}]},"9":{"loc":{"start":{"line":106,"column":69},"end":{"line":106,"column":115}},"type":"cond-expr","locations":[{"start":{"line":106,"column":80},"end":{"line":106,"column":100}},{"start":{"line":106,"column":100},"end":{"line":106,"column":115}}]},"10":{"loc":{"start":{"line":111,"column":26},"end":{"line":111,"column":59}},"type":"cond-expr","locations":[{"start":{"line":111,"column":37},"end":{"line":111,"column":49}},{"start":{"line":111,"column":49},"end":{"line":111,"column":59}}]},"11":{"loc":{"start":{"line":116,"column":26},"end":{"line":116,"column":61}},"type":"cond-expr","locations":[{"start":{"line":116,"column":37},"end":{"line":116,"column":49}},{"start":{"line":116,"column":49},"end":{"line":116,"column":61}}]},"12":{"loc":{"start":{"line":118,"column":13},"end":{"line":120,"column":null}},"type":"cond-expr","locations":[{"start":{"line":119,"column":16},"end":{"line":119,"column":null}},{"start":{"line":120,"column":16},"end":{"line":120,"column":null}}]},"13":{"loc":{"start":{"line":125,"column":237},"end":{"line":125,"column":330}},"type":"cond-expr","locations":[{"start":{"line":125,"column":248},"end":{"line":125,"column":297}},{"start":{"line":125,"column":297},"end":{"line":125,"column":330}}]},"14":{"loc":{"start":{"line":132,"column":11},"end":{"line":132,"column":null}},"type":"binary-expr","locations":[{"start":{"line":132,"column":11},"end":{"line":132,"column":null}}]},"15":{"loc":{"start":{"line":138,"column":35},"end":{"line":138,"column":91}},"type":"cond-expr","locations":[{"start":{"line":138,"column":46},"end":{"line":138,"column":62}},{"start":{"line":138,"column":62},"end":{"line":138,"column":91}}]},"16":{"loc":{"start":{"line":153,"column":11},"end":{"line":153,"column":null}},"type":"binary-expr","locations":[{"start":{"line":153,"column":11},"end":{"line":153,"column":null}}]},"17":{"loc":{"start":{"line":159,"column":35},"end":{"line":159,"column":91}},"type":"cond-expr","locations":[{"start":{"line":159,"column":46},"end":{"line":159,"column":62}},{"start":{"line":159,"column":62},"end":{"line":159,"column":91}}]},"18":{"loc":{"start":{"line":174,"column":11},"end":{"line":174,"column":null}},"type":"binary-expr","locations":[{"start":{"line":174,"column":11},"end":{"line":174,"column":null}}]},"19":{"loc":{"start":{"line":180,"column":35},"end":{"line":180,"column":91}},"type":"cond-expr","locations":[{"start":{"line":180,"column":46},"end":{"line":180,"column":62}},{"start":{"line":180,"column":62},"end":{"line":180,"column":91}}]},"20":{"loc":{"start":{"line":197,"column":7},"end":{"line":197,"column":null}},"type":"binary-expr","locations":[{"start":{"line":197,"column":7},"end":{"line":197,"column":null}}]}},"s":{"0":0,"1":0,"2":0,"3":0,"4":0,"5":0,"6":0,"7":0,"8":0,"9":0,"10":0,"11":0,"12":0,"13":0,"14":0,"15":0,"16":0,"17":0,"18":0,"19":0,"20":0,"21":0,"22":0,"23":0,"24":0,"25":0,"26":0,"27":0,"28":0,"29":0,"30":0,"31":0,"32":0,"33":0,"34":0,"35":0,"36":0,"37":0,"38":0,"39":0,"40":0,"41":0,"42":0,"43":0,"44":0,"45":0,"46":0,"47":0,"48":0,"49":0,"50":0,"51":0,"52":0,"53":0,"54":0,"55":0,"56":0,"57":0,"58":0},"f":{"0":0,"1":0,"2":0,"3":0,"4":0,"5":0,"6":0,"7":0,"8":0,"9":0,"10":0,"11":0,"12":0,"13":0,"14":0,"15":0,"16":0,"17":0,"18":0,"19":0,"20":0,"21":0,"22":0,"23":0,"24":0,"25":0,"26":0},"b":{"0":[0,0],"1":[0,0],"2":[0,0],"3":[0,0],"4":[0,0],"5":[0,0],"6":[0,0],"7":[0],"8":[0,0],"9":[0,0],"10":[0,0],"11":[0,0],"12":[0,0],"13":[0,0],"14":[0],"15":[0,0],"16":[0],"17":[0,0],"18":[0],"19":[0,0],"20":[0]}}
,"/Users/mustafaevleksiz/Desktop/Projects/SportTrack/src/app/stats/page.tsx": {"path":"/Users/mustafaevleksiz/Desktop/Projects/SportTrack/src/app/stats/page.tsx","statementMap":{"0":{"start":{"line":44,"column":24},"end":{"line":44,"column":null}},"1":{"start":{"line":3,"column":50},"end":{"line":3,"column":null}},"2":{"start":{"line":4,"column":84},"end":{"line":4,"column":null}},"3":{"start":{"line":5,"column":25},"end":{"line":5,"column":null}},"4":{"start":{"line":6,"column":24},"end":{"line":6,"column":null}},"5":{"start":{"line":7,"column":52},"end":{"line":7,"column":null}},"6":{"start":{"line":8,"column":28},"end":{"line":8,"column":null}},"7":{"start":{"line":9,"column":37},"end":{"line":9,"column":null}},"8":{"start":{"line":10,"column":50},"end":{"line":10,"column":null}},"9":{"start":{"line":11,"column":28},"end":{"line":11,"column":null}},"10":{"start":{"line":12,"column":29},"end":{"line":12,"column":null}},"11":{"start":{"line":13,"column":30},"end":{"line":13,"column":null}},"12":{"start":{"line":16,"column":19},"end":{"line":17,"column":null}},"13":{"start":{"line":17,"column":2},"end":{"line":17,"column":null}},"14":{"start":{"line":17,"column":2},"end":{"line":17,"column":43}},"15":{"start":{"line":17,"column":56},"end":{"line":17,"column":null}},"16":{"start":{"line":19,"column":25},"end":{"line":20,"column":null}},"17":{"start":{"line":20,"column":2},"end":{"line":20,"column":null}},"18":{"start":{"line":20,"column":2},"end":{"line":20,"column":49}},"19":{"start":{"line":20,"column":62},"end":{"line":20,"column":null}},"20":{"start":{"line":22,"column":25},"end":{"line":23,"column":null}},"21":{"start":{"line":23,"column":2},"end":{"line":23,"column":null}},"22":{"start":{"line":23,"column":2},"end":{"line":23,"column":49}},"23":{"start":{"line":23,"column":62},"end":{"line":23,"column":null}},"24":{"start":{"line":25,"column":24},"end":{"line":26,"column":null}},"25":{"start":{"line":26,"column":2},"end":{"line":26,"column":null}},"26":{"start":{"line":26,"column":2},"end":{"line":26,"column":48}},"27":{"start":{"line":26,"column":61},"end":{"line":26,"column":null}},"28":{"start":{"line":28,"column":24},"end":{"line":29,"column":null}},"29":{"start":{"line":29,"column":2},"end":{"line":29,"column":null}},"30":{"start":{"line":29,"column":2},"end":{"line":29,"column":41}},"31":{"start":{"line":29,"column":54},"end":{"line":29,"column":null}},"32":{"start":{"line":31,"column":29},"end":{"line":32,"column":null}},"33":{"start":{"line":32,"column":2},"end":{"line":32,"column":null}},"34":{"start":{"line":32,"column":2},"end":{"line":32,"column":46}},"35":{"start":{"line":32,"column":59},"end":{"line":32,"column":null}},"36":{"start":{"line":34,"column":25},"end":{"line":35,"column":null}},"37":{"start":{"line":35,"column":2},"end":{"line":35,"column":null}},"38":{"start":{"line":35,"column":2},"end":{"line":35,"column":42}},"39":{"start":{"line":35,"column":55},"end":{"line":35,"column":null}},"40":{"start":{"line":37,"column":22},"end":{"line":38,"column":null}},"41":{"start":{"line":38,"column":2},"end":{"line":38,"column":null}},"42":{"start":{"line":38,"column":2},"end":{"line":38,"column":39}},"43":{"start":{"line":38,"column":52},"end":{"line":38,"column":null}},"44":{"start":{"line":40,"column":26},"end":{"line":41,"column":null}},"45":{"start":{"line":41,"column":2},"end":{"line":41,"column":null}},"46":{"start":{"line":41,"column":2},"end":{"line":41,"column":43}},"47":{"start":{"line":41,"column":56},"end":{"line":41,"column":null}},"48":{"start":{"line":45,"column":22},"end":{"line":45,"column":null}},"49":{"start":{"line":46,"column":35},"end":{"line":46,"column":null}},"50":{"start":{"line":47,"column":23},"end":{"line":47,"column":null}},"51":{"start":{"line":49,"column":4},"end":{"line":49,"column":99}},"52":{"start":{"line":50,"column":18},"end":{"line":50,"column":null}},"53":{"start":{"line":51,"column":21},"end":{"line":51,"column":46}},"54":{"start":{"line":52,"column":19},"end":{"line":52,"column":null}},"55":{"start":{"line":53,"column":42},"end":{"line":53,"column":null}},"56":{"start":{"line":54,"column":36},"end":{"line":54,"column":null}},"57":{"start":{"line":56,"column":26},"end":{"line":58,"column":null}},"58":{"start":{"line":57,"column":10},"end":{"line":57,"column":null}},"59":{"start":{"line":62,"column":18},"end":{"line":87,"column":null}},"60":{"start":{"line":63,"column":4},"end":{"line":63,"column":null}},"61":{"start":{"line":63,"column":33},"end":{"line":63,"column":null}},"62":{"start":{"line":64,"column":20},"end":{"line":64,"column":null}},"63":{"start":{"line":69,"column":4},"end":{"line":84,"column":null}},"64":{"start":{"line":70,"column":19},"end":{"line":70,"column":null}},"65":{"start":{"line":71,"column":18},"end":{"line":71,"column":null}},"66":{"start":{"line":72,"column":23},"end":{"line":72,"column":null}},"67":{"start":{"line":74,"column":6},"end":{"line":83,"column":null}},"68":{"start":{"line":75,"column":8},"end":{"line":75,"column":null}},"69":{"start":{"line":76,"column":8},"end":{"line":76,"column":null}},"70":{"start":{"line":78,"column":8},"end":{"line":82,"column":null}},"71":{"start":{"line":86,"column":4},"end":{"line":86,"column":null}},"72":{"start":{"line":86,"column":55},"end":{"line":86,"column":null}},"73":{"start":{"line":90,"column":21},"end":{"line":106,"column":null}},"74":{"start":{"line":91,"column":4},"end":{"line":91,"column":null}},"75":{"start":{"line":91,"column":30},"end":{"line":91,"column":null}},"76":{"start":{"line":92,"column":23},"end":{"line":92,"column":null}},"77":{"start":{"line":92,"column":51},"end":{"line":92,"column":null}},"78":{"start":{"line":93,"column":20},"end":{"line":93,"column":null}},"79":{"start":{"line":94,"column":24},"end":{"line":94,"column":null}},"80":{"start":{"line":96,"column":4},"end":{"line":103,"column":null}},"81":{"start":{"line":97,"column":6},"end":{"line":102,"column":null}},"82":{"start":{"line":98,"column":8},"end":{"line":98,"column":null}},"83":{"start":{"line":99,"column":8},"end":{"line":99,"column":null}},"84":{"start":{"line":101,"column":8},"end":{"line":101,"column":null}},"85":{"start":{"line":105,"column":4},"end":{"line":105,"column":null}},"86":{"start":{"line":109,"column":25},"end":{"line":113,"column":null}},"87":{"start":{"line":110,"column":4},"end":{"line":110,"column":null}},"88":{"start":{"line":110,"column":30},"end":{"line":110,"column":null}},"89":{"start":{"line":111,"column":26},"end":{"line":111,"column":78}},"90":{"start":{"line":111,"column":50},"end":{"line":111,"column":72}},"91":{"start":{"line":112,"column":4},"end":{"line":112,"column":null}},"92":{"start":{"line":116,"column":28},"end":{"line":150,"column":null}},"93":{"start":{"line":117,"column":22},"end":{"line":117,"column":null}},"94":{"start":{"line":129,"column":4},"end":{"line":147,"column":null}},"95":{"start":{"line":130,"column":18},"end":{"line":130,"column":38}},"96":{"start":{"line":131,"column":23},"end":{"line":131,"column":null}},"97":{"start":{"line":133,"column":6},"end":{"line":146,"column":null}},"98":{"start":{"line":134,"column":8},"end":{"line":134,"column":null}},"99":{"start":{"line":135,"column":8},"end":{"line":135,"column":null}},"100":{"start":{"line":136,"column":8},"end":{"line":136,"column":null}},"101":{"start":{"line":138,"column":8},"end":{"line":145,"column":null}},"102":{"start":{"line":149,"column":4},"end":{"line":149,"column":null}},"103":{"start":{"line":149,"column":57},"end":{"line":149,"column":86}},"104":{"start":{"line":153,"column":32},"end":{"line":159,"column":null}},"105":{"start":{"line":154,"column":4},"end":{"line":154,"column":null}},"106":{"start":{"line":154,"column":23},"end":{"line":154,"column":null}},"107":{"start":{"line":155,"column":21},"end":{"line":155,"column":null}},"108":{"start":{"line":156,"column":4},"end":{"line":158,"column":null}},"109":{"start":{"line":157,"column":28},"end":{"line":157,"column":null}},"110":{"start":{"line":158,"column":22},"end":{"line":158,"column":null}},"111":{"start":{"line":161,"column":26},"end":{"line":165,"column":null}},"112":{"start":{"line":162,"column":4},"end":{"line":162,"column":null}},"113":{"start":{"line":162,"column":23},"end":{"line":162,"column":null}},"114":{"start":{"line":163,"column":21},"end":{"line":163,"column":null}},"115":{"start":{"line":164,"column":4},"end":{"line":164,"column":null}},"116":{"start":{"line":164,"column":33},"end":{"line":164,"column":null}},"117":{"start":{"line":167,"column":2},"end":{"line":186,"column":null}},"118":{"start":{"line":175,"column":12},"end":{"line":176,"column":null}},"119":{"start":{"line":248,"column":58},"end":{"line":248,"column":74}},"120":{"start":{"line":284,"column":14},"end":{"line":285,"column":null}},"121":{"start":{"line":327,"column":14},"end":{"line":328,"column":null}},"122":{"start":{"line":329,"column":31},"end":{"line":329,"column":null}},"123":{"start":{"line":393,"column":29},"end":{"line":393,"column":null}},"124":{"start":{"line":429,"column":18},"end":{"line":430,"column":null}},"125":{"start":{"line":457,"column":31},"end":{"line":457,"column":null}},"126":{"start":{"line":458,"column":35},"end":{"line":458,"column":null}},"127":{"start":{"line":459,"column":36},"end":{"line":459,"column":null}},"128":{"start":{"line":461,"column":16},"end":{"line":463,"column":null}},"129":{"start":{"line":465,"column":35},"end":{"line":465,"column":null}},"130":{"start":{"line":524,"column":35},"end":{"line":524,"column":57}}},"fnMap":{"0":{"name":"(anonymous_4)","decl":{"start":{"line":16,"column":24},"end":{"line":16,"column":null}},"loc":{"start":{"line":17,"column":2},"end":{"line":17,"column":null}}},"1":{"name":"(anonymous_5)","decl":{"start":{"line":17,"column":2},"end":{"line":17,"column":9}},"loc":{"start":{"line":17,"column":2},"end":{"line":17,"column":43}}},"2":{"name":"(anonymous_6)","decl":{"start":{"line":17,"column":48},"end":{"line":17,"column":49}},"loc":{"start":{"line":17,"column":56},"end":{"line":17,"column":null}}},"3":{"name":"(anonymous_7)","decl":{"start":{"line":19,"column":30},"end":{"line":19,"column":null}},"loc":{"start":{"line":20,"column":2},"end":{"line":20,"column":null}}},"4":{"name":"(anonymous_8)","decl":{"start":{"line":20,"column":2},"end":{"line":20,"column":9}},"loc":{"start":{"line":20,"column":2},"end":{"line":20,"column":49}}},"5":{"name":"(anonymous_9)","decl":{"start":{"line":20,"column":54},"end":{"line":20,"column":55}},"loc":{"start":{"line":20,"column":62},"end":{"line":20,"column":null}}},"6":{"name":"(anonymous_10)","decl":{"start":{"line":22,"column":30},"end":{"line":22,"column":null}},"loc":{"start":{"line":23,"column":2},"end":{"line":23,"column":null}}},"7":{"name":"(anonymous_11)","decl":{"start":{"line":23,"column":2},"end":{"line":23,"column":9}},"loc":{"start":{"line":23,"column":2},"end":{"line":23,"column":49}}},"8":{"name":"(anonymous_12)","decl":{"start":{"line":23,"column":54},"end":{"line":23,"column":55}},"loc":{"start":{"line":23,"column":62},"end":{"line":23,"column":null}}},"9":{"name":"(anonymous_13)","decl":{"start":{"line":25,"column":29},"end":{"line":25,"column":null}},"loc":{"start":{"line":26,"column":2},"end":{"line":26,"column":null}}},"10":{"name":"(anonymous_14)","decl":{"start":{"line":26,"column":2},"end":{"line":26,"column":9}},"loc":{"start":{"line":26,"column":2},"end":{"line":26,"column":48}}},"11":{"name":"(anonymous_15)","decl":{"start":{"line":26,"column":53},"end":{"line":26,"column":54}},"loc":{"start":{"line":26,"column":61},"end":{"line":26,"column":null}}},"12":{"name":"(anonymous_16)","decl":{"start":{"line":28,"column":29},"end":{"line":28,"column":null}},"loc":{"start":{"line":29,"column":2},"end":{"line":29,"column":null}}},"13":{"name":"(anonymous_17)","decl":{"start":{"line":29,"column":2},"end":{"line":29,"column":9}},"loc":{"start":{"line":29,"column":2},"end":{"line":29,"column":41}}},"14":{"name":"(anonymous_18)","decl":{"start":{"line":29,"column":46},"end":{"line":29,"column":47}},"loc":{"start":{"line":29,"column":54},"end":{"line":29,"column":null}}},"15":{"name":"(anonymous_19)","decl":{"start":{"line":31,"column":34},"end":{"line":31,"column":null}},"loc":{"start":{"line":32,"column":2},"end":{"line":32,"column":null}}},"16":{"name":"(anonymous_20)","decl":{"start":{"line":32,"column":2},"end":{"line":32,"column":9}},"loc":{"start":{"line":32,"column":2},"end":{"line":32,"column":46}}},"17":{"name":"(anonymous_21)","decl":{"start":{"line":32,"column":51},"end":{"line":32,"column":52}},"loc":{"start":{"line":32,"column":59},"end":{"line":32,"column":null}}},"18":{"name":"(anonymous_22)","decl":{"start":{"line":34,"column":30},"end":{"line":34,"column":null}},"loc":{"start":{"line":35,"column":2},"end":{"line":35,"column":null}}},"19":{"name":"(anonymous_23)","decl":{"start":{"line":35,"column":2},"end":{"line":35,"column":9}},"loc":{"start":{"line":35,"column":2},"end":{"line":35,"column":42}}},"20":{"name":"(anonymous_24)","decl":{"start":{"line":35,"column":47},"end":{"line":35,"column":48}},"loc":{"start":{"line":35,"column":55},"end":{"line":35,"column":null}}},"21":{"name":"(anonymous_25)","decl":{"start":{"line":37,"column":27},"end":{"line":37,"column":null}},"loc":{"start":{"line":38,"column":2},"end":{"line":38,"column":null}}},"22":{"name":"(anonymous_26)","decl":{"start":{"line":38,"column":2},"end":{"line":38,"column":9}},"loc":{"start":{"line":38,"column":2},"end":{"line":38,"column":39}}},"23":{"name":"(anonymous_27)","decl":{"start":{"line":38,"column":44},"end":{"line":38,"column":45}},"loc":{"start":{"line":38,"column":52},"end":{"line":38,"column":null}}},"24":{"name":"(anonymous_28)","decl":{"start":{"line":40,"column":31},"end":{"line":40,"column":null}},"loc":{"start":{"line":41,"column":2},"end":{"line":41,"column":null}}},"25":{"name":"(anonymous_29)","decl":{"start":{"line":41,"column":2},"end":{"line":41,"column":9}},"loc":{"start":{"line":41,"column":2},"end":{"line":41,"column":43}}},"26":{"name":"(anonymous_30)","decl":{"start":{"line":41,"column":48},"end":{"line":41,"column":49}},"loc":{"start":{"line":41,"column":56},"end":{"line":41,"column":null}}},"27":{"name":"StatsPage","decl":{"start":{"line":44,"column":24},"end":{"line":44,"column":null}},"loc":{"start":{"line":44,"column":24},"end":{"line":555,"column":null}}},"28":{"name":"(anonymous_32)","decl":{"start":{"line":57,"column":4},"end":{"line":57,"column":10}},"loc":{"start":{"line":57,"column":10},"end":{"line":57,"column":null}}},"29":{"name":"(anonymous_33)","decl":{"start":{"line":62,"column":26},"end":{"line":62,"column":null}},"loc":{"st
[...]
,"/Users/mustafaevleksiz/Desktop/Projects/SportTrack/src/lib/quotes.ts": {"path":"/Users/mustafaevleksiz/Desktop/Projects/SportTrack/src/lib/quotes.ts","statementMap":{"0":{"start":{"line":6,"column":13},"end":{"line":6,"column":32}},"1":{"start":{"line":349,"column":16},"end":{"line":349,"column":30}},"2":{"start":{"line":6,"column":44},"end":{"line":347,"column":null}},"3":{"start":{"line":350,"column":2},"end":{"line":350,"column":null}}},"fnMap":{"0":{"name":"getRandomQuote","decl":{"start":{"line":349,"column":16},"end":{"line":349,"column":30}},"loc":{"start":{"line":349,"column":16},"end":{"line":351,"column":null}}}},"branchMap":{},"s":{"0":0,"1":0,"2":0,"3":0},"f":{"0":0},"b":{}}
,"/Users/mustafaevleksiz/Desktop/Projects/SportTrack/src/lib/settingsStore.tsx": {"path":"/Users/mustafaevleksiz/Desktop/Projects/SportTrack/src/lib/settingsStore.tsx","statementMap":{"0":{"start":{"line":62,"column":16},"end":{"line":62,"column":32}},"1":{"start":{"line":224,"column":16},"end":{"line":224,"column":38}},"2":{"start":{"line":202,"column":16},"end":{"line":202,"column":38}},"3":{"start":{"line":194,"column":16},"end":{"line":194,"column":27}},"4":{"start":{"line":3,"column":85},"end":{"line":3,"column":null}},"5":{"start":{"line":10,"column":7},"end":{"line":10,"column":null}},"6":{"start":{"line":12,"column":29},"end":{"line":12,"column":null}},"7":{"start":{"line":14,"column":20},"end":{"line":14,"column":41}},"8":{"start":{"line":39,"column":2},"end":{"line":39,"column":null}},"9":{"start":{"line":39,"column":28},"end":{"line":39,"column":null}},"10":{"start":{"line":40,"column":15},"end":{"line":40,"column":null}},"11":{"start":{"line":41,"column":45},"end":{"line":41,"column":47}},"12":{"start":{"line":42,"column":2},"end":{"line":47,"column":null}},"13":{"start":{"line":43,"column":4},"end":{"line":43,"column":null}},"14":{"start":{"line":43,"column":54},"end":{"line":43,"column":null}},"15":{"start":{"line":44,"column":4},"end":{"line":44,"column":null}},"16":{"start":{"line":44,"column":31},"end":{"line":44,"column":null}},"17":{"start":{"line":45,"column":4},"end":{"line":45,"column":null}},"18":{"start":{"line":46,"column":4},"end":{"line":46,"column":null}},"19":{"start":{"line":48,"column":2},"end":{"line":48,"column":null}},"20":{"start":{"line":60,"column":24},"end":{"line":60,"column":null}},"21":{"start":{"line":63,"column":34},"end":{"line":63,"column":null}},"22":{"start":{"line":64,"column":34},"end":{"line":64,"column":null}},"23":{"start":{"line":66,"column":2},"end":{"line":95,"column":null}},"24":{"start":{"line":67,"column":4},"end":{"line":67,"column":null}},"25":{"start":{"line":67,"column":39},"end":{"line":67,"column":null}},"26":{"start":{"line":68,"column":4},"end":{"line":94,"column":null}},"27":{"start":{"line":69,"column":18},"end":{"line":69,"column":null}},"28":{"start":{"line":70,"column":6},"end":{"line":89,"column":null}},"29":{"start":{"line":71,"column":23},"end":{"line":71,"column":null}},"30":{"start":{"line":72,"column":8},"end":{"line":88,"column":null}},"31":{"start":{"line":80,"column":10},"end":{"line":87,"column":null}},"32":{"start":{"line":91,"column":6},"end":{"line":91,"column":null}},"33":{"start":{"line":93,"column":6},"end":{"line":93,"column":null}},"34":{"start":{"line":97,"column":18},"end":{"line":106,"column":null}},"35":{"start":{"line":98,"column":37},"end":{"line":101,"column":null}},"36":{"start":{"line":102,"column":4},"end":{"line":102,"column":null}},"37":{"start":{"line":103,"column":4},"end":{"line":105,"column":null}},"38":{"start":{"line":104,"column":6},"end":{"line":104,"column":null}},"39":{"start":{"line":108,"column":23},"end":{"line":115,"column":null}},"40":{"start":{"line":110,"column":6},"end":{"line":114,"column":null}},"41":{"start":{"line":118,"column":28},"end":{"line":137,"column":null}},"42":{"start":{"line":120,"column":6},"end":{"line":135,"column":null}},"43":{"start":{"line":121,"column":35},"end":{"line":125,"column":null}},"44":{"start":{"line":126,"column":35},"end":{"line":132,"column":null}},"45":{"start":{"line":130,"column":58},"end":{"line":130,"column":85}},"46":{"start":{"line":133,"column":8},"end":{"line":133,"column":null}},"47":{"start":{"line":134,"column":8},"end":{"line":134,"column":null}},"48":{"start":{"line":140,"column":31},"end":{"line":154,"column":null}},"49":{"start":{"line":142,"column":6},"end":{"line":152,"column":null}},"50":{"start":{"line":143,"column":8},"end":{"line":143,"column":null}},"51":{"start":{"line":143,"column":19},"end":{"line":143,"column":null}},"52":{"start":{"line":144,"column":35},"end":{"line":149,"column":null}},"53":{"start":{"line":147,"column":12},"end":{"line":147,"column":null}},"54":{"start":{"line":150,"column":8},"end":{"line":150,"column":null}},"55":{"start":{"line":151,"column":8},"end":{"line":151,"column":null}},"56":{"start":{"line":157,"column":31},"end":{"line":169,"column":null}},"57":{"start":{"line":159,"column":6},"end":{"line":167,"column":null}},"58":{"start":{"line":160,"column":8},"end":{"line":160,"column":null}},"59":{"start":{"line":160,"column":19},"end":{"line":160,"column":null}},"60":{"start":{"line":161,"column":35},"end":{"line":164,"column":null}},"61":{"start":{"line":163,"column":71},"end":{"line":163,"column":null}},"62":{"start":{"line":165,"column":8},"end":{"line":165,"column":null}},"63":{"start":{"line":166,"column":8},"end":{"line":166,"column":null}},"64":{"start":{"line":172,"column":16},"end":{"line":188,"column":null}},"65":{"start":{"line":173,"column":11},"end":{"line":180,"column":null}},"66":{"start":{"line":195,"column":14},"end":{"line":195,"column":null}},"67":{"start":{"line":196,"column":2},"end":{"line":198,"column":null}},"68":{"start":{"line":197,"column":4},"end":{"line":197,"column":null}},"69":{"start":{"line":199,"column":2},"end":{"line":199,"column":null}},"70":{"start":{"line":203,"column":23},"end":{"line":203,"column":null}},"71":{"start":{"line":204,"column":2},"end":{"line":221,"column":null}},"72":{"start":{"line":205,"column":19},"end":{"line":205,"column":null}},"73":{"start":{"line":206,"column":20},"end":{"line":206,"column":null}},"74":{"start":{"line":208,"column":4},"end":{"line":210,"column":null}},"75":{"start":{"line":209,"column":6},"end":{"line":209,"column":null}},"76":{"start":{"line":212,"column":4},"end":{"line":218,"column":null}},"77":{"start":{"line":213,"column":6},"end":{"line":217,"column":null}},"78":{"start":{"line":220,"column":4},"end":{"line":220,"column":null}},"79":{"start":{"line":228,"column":17},"end":{"line":228,"column":null}},"80":{"start":{"line":228,"column":64},"end":{"line":228,"column":null}},"81":{"start":{"line":229,"column":2},"end":{"line":235,"column":null}},"82":{"start":{"line":230,"column":4},"end":{"line":234,"column":null}},"83":{"start":{"line":236,"column":2},"end":{"line":236,"column":null}}},"fnMap":{"0":{"name":"dedupeCustomActivities","decl":{"start":{"line":38,"column":9},"end":{"line":38,"column":32}},"loc":{"start":{"line":38,"column":65},"end":{"line":49,"column":null}}},"1":{"name":"SettingsProvider","decl":{"start":{"line":62,"column":16},"end":{"line":62,"column":32}},"loc":{"start":{"line":62,"column":76},"end":{"line":192,"column":null}}},"2":{"name":"(anonymous_7)","decl":{"start":{"line":66,"column":12},"end":{"line":66,"column":null}},"loc":{"start":{"line":66,"column":12},"end":{"line":95,"column":5}}},"3":{"name":"(anonymous_8)","decl":{"start":{"line":97,"column":30},"end":{"line":97,"column":31}},"loc":{"start":{"line":97,"column":31},"end":{"line":106,"column":5}}},"4":{"name":"(anonymous_9)","decl":{"start":{"line":109,"column":4},"end":{"line":109,"column":5}},"loc":{"start":{"line":110,"column":6},"end":{"line":114,"column":null}}},"5":{"name":"(anonymous_10)","decl":{"start":{"line":119,"column":4},"end":{"line":119,"column":5}},"loc":{"start":{"line":119,"column":5},"end":{"line":136,"column":null}}},"6":{"name":"(anonymous_11)","decl":{"start":{"line":120,"column":18},"end":{"line":120,"column":19}},"loc":{"start":{"line":120,"column":19},"end":{"line":135,"column":null}}},"7":{"name":"(anonymous_12)","decl":{"start":{"line":130,"column":44},"end":{"line":130,"column":45}},"loc":{"start":{"line":130,"column":58},"end":{"line":130,"column":85}}},"8":{"name":"(anonymous_13)","decl":{"start":{"line":141,"column":4},"end":{"line":141,"column":5}},"loc":{"start":{"line":141,"column":22},"end":{"line":153,"column":null}}},"9":{"name":"(anonymous_14)","decl":{"start":{"line":142,"column":18},"end":{"line":142,"column":19}},"loc":{"start":{"line":142,"column":19},"end":{"line":152,"column":null}}},"10":{"name":"(anonymous_15)","decl":{"start":{"line":146,"column":54},"end":{"line":146,"column":55}},"loc":{"start":{"line":147,"column":12},"end":{"line":147,"column":null}}},"11":{"name":"(anonymous_16)","decl":{"start":{"line":158,"column":4},"end":{"line":158,"column":5}},"loc":{"start":{"line":158,"column":5},"end":{"line":168,"column":null}}},"12":{"name":"(anonymous_17)","decl":{"start":{"line":159,"column":18},"end":{"line":159,"column":19}},"loc":{"start":{"line":159,"column":19},"end":{"line":167,"column":null}}},"13":{"name":"(anonymous_18)","decl":{"start":{"line":163,"column":57},"end":{"line":163,"column":58}},"loc":{"start":{"line":163,"column":71},"end":{"line":163,"column":null}}},"14":{"name":"(anonymous_19)","decl":{"start":{"line":173,"column":4},"end":{"line":173,"column":11}},"loc":{"start":{"line":173,"column":11},"end":{"line":180,"column":null}}},"15":{"name":"useSettings","decl":{"start":{"line":194,"column":16},"end":{"line":194,"column":27}},"loc":{"start":{"line":194,"column":16},"end":{"line":200,"column":null}}},"16":{"name":"useActivityDefinitions","decl":{"start":{"line":202,"column":16},"end":{"line":202,"column":38}},"loc":{"start":{"line":202,"column":16},"end":{"line":222,"column":null}}},"17":{"name":"(anonymous_22)","decl":{"start":{"line":204,"column":17},"end":{"line":204,"column":null}},"loc":{"start":{"line":204,"column":17},"end":{"line":221,"column":5}}},"18":{"name":"findActivityDefinition","decl":{"start":{"line":224,"column":16},"end":{"line":224,"column":38}},"loc":{"start":{"line":226,"column":31},"end":{"line":237,"column":null}}},"19":{"name":"(anonymous_24)","decl":{"start":{"line":228,"column":50},"end":{"line":228,"column":51}},"loc":{"start":{"line":228,"column":64},"end":{"line":228,"column":null}}}},"branchMap":{"0":{"loc":{"start":{"line":39,"column":2},"end":{"line":39,"column":null}},"type":"if","locations":[{"start":{"line":39,"column":2},"end":{"line":39,"column":null}},{"start":{},"end":{}}]},"1":{"loc":{"start":{"line":43,"column":4},"end":{"line":43,"column":null}},"type":"if","locations":[{"start":{"line":43,"column":4},"end":{"line":43,"column":null}},{"start":{},"end":{}}]},"2":{"loc":{"start":{"line":43,"column":8},"end":{"line":43,"column":54}},"type":"binary-expr","locations":[{"start":{"line":43,"column":8},"end":{"line":43,"column":21}},{"start":{"line":43,"column":21},"end":{"line":43,"column":54}}]},"3":{"loc":{"start":{"line":44,"column":4},"end":{"line":44,"column":null}},"type":"if","locations":[{"start":{"line":44,"column":4},"end":{"line":44,"column":null}},{"start":{},"end":{}}]},"4":{"loc":{"start":{"line":67,"column":4},"end":{"line":67,"column":null}},"type":"if","locations":[{"start":{"line":67,"column":4},"end":{"line":67,"column":null}},{"start":{},"end":{}}]},"5":{"loc":{"start":{"line":70,"column":6},"end":{"line":89,"column":null}},"type":"if","locations":[{"start":{"line":70,"column":6},"end":{"line":89,"column":null}},{"start":{},"end":{}}]},"6":{"loc":{"start":{"line":72,"column":8},"end":{"line":88,"column":null}},"type":"if","locations":[{"start":{"line":72,"column":8},"end":{"line":88,"column":null}},{"start":{},"end":{}}]},"7":{"loc":{"start":{"line":73,"column":10},"end":{"line":78,"column":null}},"type":"binary-expr","locations":[{"start":{"line":73,"column":10},"end":{"line":73,"column":null}},{"start":{"line":74,"column":10},"end":{"line":74,"column":null}},{"start":{"line":75,"column":10},"end":{"line":75,"column":null}},{"start":{"line":76,"column":10},"end":{"line":76,"column":null}},{"start":{"line":77,"column":10},"end":{"line":77,"column":null}},{"start":{"line":78,"column":10},"end":{"line":78,"column":null}}]},"8":{"loc":{"start":{"line":86,"column":18},"end":{"line":86,"column":null}},"type":"binary-expr","locations":[{"start":{"line":86,"column":18},"end":{"line":86,"column":29}},{"start":{"line":86,"column":33},"end":{"line":86,"column":null}}]},"9":{"loc":{"start":{"line":103,"column":4},"end":{"line":105,"column":null}},"type":"if","locations":[{"start":{"line":103,"column":4},"end":{"line":105,"column":null}},{"start":{},"end":{}}]},"10":{"loc":{"start":{"line":113,"column":10},"end":{"line":113,"column":null}},"type":"binary-expr","locations":[{"start":{"line":113,"column":10},"end":{"line":113,"column":31}},{"start":{"line":113,"column":35},"end":{"line":113,"column":null}}]},"11":{"loc":{"start":{"line":121,"column":35},"end":{"line":125,"column":null}},"type":"binary-expr","locations":[{"start":{"line":121,"column":35},"end":{"line":121,"column":43}},{"start":{"line":121,"column":43},"end":{"line":125,"column":null}}]},"12":{"loc":{"start":{"line":143,"column":8},"end":{"line":143,"column":null}},"type":"if","locations":[{"start":{"line":143,"column":8},"end":{"line":143,"column":null}},{"start":{},"end":{}}]},"13":{"loc":{"start":{"line":147,"column":12},"end":{"line":147,"column":null}},"type":"cond-expr","locations":[{"start":{"line":147,"column":33},"end":{"line":147,"column":63}},{"start":{"line":147,"column":63},"end":{"line":147,"column":null}}]},"14":{"loc":{"start":{"line":160,"column":8},"end":{"line":160,"column":null}},"type":"if","locations":[{"start":{"line":160,"column":8},"end":{"line":160,"column":null}},{"start":{},"end":{}}]},"15":{"loc":{"start":{"line":196,"column":2},"end":{"line":198,"column":null}},"type":"if","locations":[{"start":{"line":196,"column":2},"end":{"line":198,"column":null}},{"start":{},"end":{}}]},"16":{"loc":{"start":{"line":229,"column":2},"end":{"line":235,"column":null}},"type":"if","locations":[{"start":{"line":229,"column":2},"end":{"line":235,"column":null}},{"start":{},"end":{}}]}},"s":{"0":10,"1":0,"2":28,"3":120,"4":3,"5":3,"6":3,"7":3,"8":6,"9":6,"10":0,"11":0,"12":0,"13":0,"14":0,"15":0,"16":0,"17":0,"18":0,"19":0,"20":3,"21":20,"22":20,"23":20,"24":10,"25":0,"26":10,"27":10,"28":10,"29":0,"30":0,"31":0,"32":0,"33":10,"34":20,"35":0,"36":0,"37":0,"38":0,"39":20,"40":0,"41":20,"42":0,"43":0,"44":0,"45":0,"46":0,"47":0,"48":20,"49":0,"50":0,"51":0,"52":0,"53":0,"54":0,"55":0,"56":20,"57":0,"58":0,"59":0,"60":0,"61":0,"62":0,"63":0,"64":20,"65":20,"66":148,"67":148,"68":0,"69":148,"70":28,"71":28,"72":6,"73":6,"74":6,"75":42,"76":6,"77":0,"78":6,"79":0,"80":0,"81":0,"82":0,"83":0},"f":{"0":6,"1":20,"2":10,"3":0,"4":0,"5":0,"6":0,"7":0,"8":0,"9":0,"10":0,"11":0,"12":0,"13":0,"14":20,"15":148,"16":28,"17":6,"18":0,"19":0},"b":{"0":[6,0],"1":[0,0],"2":[0,0],"3":[0,0],"4":[0,10],"5":[0,10],"6":[0,0],"7":[0,0,0,0,0,0],"8":[0,0],"9":[0,0],"10":[0,0],"11":[0,0],"12":[0,0],"13":[0,0],"14":[0,0],"15":[0,148],"16":[0,0]}}
,"/Users/mustafaevleksiz/Desktop/Projects/SportTrack/src/lib/hooks/useDebounce.ts": {"path":"/Users/mustafaevleksiz/Desktop/Projects/SportTrack/src/lib/hooks/useDebounce.ts","statementMap":{"0":{"start":{"line":3,"column":16},"end":{"line":3,"column":31}},"1":{"start":{"line":1,"column":36},"end":{"line":1,"column":null}},"2":{"start":{"line":4,"column":46},"end":{"line":4,"column":null}},"3":{"start":{"line":6,"column":2},"end":{"line":14,"column":null}},"4":{"start":{"line":7,"column":20},"end":{"line":9,"column":null}},"5":{"start":{"line":8,"column":6},"end":{"line":8,"column":null}},"6":{"start":{"line":11,"column":4},"end":{"line":13,"column":null}},"7":{"start":{"line":12,"column":6},"end":{"line":12,"column":null}},"8":{"start":{"line":16,"column":2},"end":{"line":16,"column":null}}},"fnMap":{"0":{"name":"useDebounce","decl":{"start":{"line":3,"column":16},"end":{"line":3,"column":31}},"loc":{"start":{"line":3,"column":54},"end":{"line":17,"column":null}}},"1":{"name":"(anonymous_2)","decl":{"start":{"line":6,"column":12},"end":{"line":6,"column":null}},"loc":{"start":{"line":6,"column":12},"end":{"line":14,"column":5}}},"2":{"name":"(anonymous_3)","decl":{"start":{"line":7,"column":31},"end":{"line":7,"column":null}},"loc":{"start":{"line":7,"column":31},"end":{"line":9,"column":7}}},"3":{"name":"(anonymous_4)","decl":{"start":{"line":11,"column":11},"end":{"line":11,"column":null}},"loc":{"start":{"line":11,"column":11},"end":{"line":13,"column":null}}}},"branchMap":{},"s":{"0":31,"1":3,"2":31,"3":31,"4":11,"5":3,"6":11,"7":11,"8":31},"f":{"0":31,"1":11,"2":3,"3":11},"b":{}}
,"/Users/mustafaevleksiz/Desktop/Projects/SportTrack/src/lib/hooks/useIsMobile.ts": {"path":"/Users/mustafaevleksiz/Desktop/Projects/SportTrack/src/lib/hooks/useIsMobile.ts","statementMap":{"0":{"start":{"line":4,"column":16},"end":{"line":4,"column":null}},"1":{"start":{"line":1,"column":36},"end":{"line":1,"column":null}},"2":{"start":{"line":2,"column":28},"end":{"line":2,"column":null}},"3":{"start":{"line":5,"column":34},"end":{"line":5,"column":null}},"4":{"start":{"line":7,"column":2},"end":{"line":23,"column":null}},"5":{"start":{"line":8,"column":4},"end":{"line":8,"column":null}},"6":{"start":{"line":8,"column":39},"end":{"line":8,"column":null}},"7":{"start":{"line":9,"column":18},"end":{"line":9,"column":null}},"8":{"start":{"line":10,"column":4},"end":{"line":10,"column":null}},"9":{"start":{"line":12,"column":25},"end":{"line":14,"column":null}},"10":{"start":{"line":13,"column":6},"end":{"line":13,"column":null}},"11":{"start":{"line":16,"column":4},"end":{"line":19,"column":null}},"12":{"start":{"line":17,"column":6},"end":{"line":17,"column":null}},"13":{"start":{"line":18,"column":6},"end":{"line":18,"column":null}},"14":{"start":{"line":18,"column":19},"end":{"line":18,"column":null}},"15":{"start":{"line":21,"column":4},"end":{"line":21,"column":null}},"16":{"start":{"line":22,"column":4},"end":{"line":22,"column":null}},"17":{"start":{"line":22,"column":17},"end":{"line":22,"column":null}},"18":{"start":{"line":25,"column":2},"end":{"line":25,"column":null}}},"fnMap":{"0":{"name":"useIsMobile","decl":{"start":{"line":4,"column":16},"end":{"line":4,"column":null}},"loc":{"start":{"line":4,"column":16},"end":{"line":26,"column":null}}},"1":{"name":"(anonymous_2)","decl":{"start":{"line":7,"column":12},"end":{"line":7,"column":null}},"loc":{"start":{"line":7,"column":12},"end":{"line":23,"column":5}}},"2":{"name":"(anonymous_3)","decl":{"start":{"line":12,"column":25},"end":{"line":12,"column":26}},"loc":{"start":{"line":12,"column":26},"end":{"line":14,"column":null}}},"3":{"name":"(anonymous_4)","decl":{"start":{"line":18,"column":13},"end":{"line":18,"column":19}},"loc":{"start":{"line":18,"column":19},"end":{"line":18,"column":null}}},"4":{"name":"(anonymous_5)","decl":{"start":{"line":22,"column":11},"end":{"line":22,"column":17}},"loc":{"start":{"line":22,"column":17},"end":{"line":22,"column":null}}}},"branchMap":{"0":{"loc":{"start":{"line":8,"column":4},"end":{"line":8,"column":null}},"type":"if","locations":[{"start":{"line":8,"column":4},"end":{"line":8,"column":null}},{"start":{},"end":{}}]},"1":{"loc":{"start":{"line":16,"column":4},"end":{"line":19,"column":null}},"type":"if","locations":[{"start":{"line":16,"column":4},"end":{"line":19,"column":null}},{"start":{},"end":{}}]}},"s":{"0":117,"1":3,"2":3,"3":117,"4":117,"5":44,"6":0,"7":44,"8":44,"9":44,"10":0,"11":44,"12":44,"13":44,"14":44,"15":0,"16":0,"17":0,"18":117},"f":{"0":117,"1":44,"2":0,"3":44,"4":0},"b":{"0":[0,44],"1":[44,0]}}
}
