TN:
SF:src/test-helpers.ts
FN:8,createMockActivity
FN:34,createMockActivities
FN:57,createMockCustomActivity
FN:78,createMockSettings
FN:90,waitForAsync
FN:91,(anonymous_13)
FN:97,mockDate
FN:102,(anonymous_15)
FN:110,getTodayStart
FNF:9
FNH:1
FNDA:3,createMockActivity
FNDA:0,createMockActivities
FNDA:0,createMockCustomActivity
FNDA:0,createMockSettings
FNDA:0,waitForAsync
FNDA:0,(anonymous_13)
FNDA:0,mockDate
FNDA:0,(anonymous_15)
FNDA:0,getTodayStart
DA:3,2
DA:8,3
DA:9,3
DA:10,3
DA:34,0
DA:35,0
DA:36,0
DA:38,0
DA:39,0
DA:40,0
DA:42,0
DA:51,0
DA:57,0
DA:60,0
DA:78,0
DA:79,0
DA:90,0
DA:91,0
DA:97,0
DA:98,0
DA:99,0
DA:100,0
DA:102,0
DA:103,0
DA:110,0
DA:111,0
LF:26
LH:4
BRDA:34,0,0,0
BRDA:98,1,0,0
BRDA:98,1,1,0
BRF:3
BRH:0
end_of_record
TN:
SF:src/test-utils.tsx
FN:6,customRender
FN:7,Wrapper
FNF:2
FNH:2
FNDA:8,customRender
FNDA:8,Wrapper
DA:1,3
DA:2,3
DA:3,3
DA:11,8
DA:16,8
LF:5
LH:5
BRF:0
BRH:0
end_of_record
TN:
SF:src/app/layout.tsx
FN:38,RootLayout
FNF:1
FNH:0
FNDA:0,RootLayout
DA:1,0
DA:4,0
DA:5,0
DA:6,0
DA:7,0
DA:8,0
DA:10,0
DA:29,0
DA:38,0
LF:9
LH:0
BRF:0
BRH:0
end_of_record
TN:
SF:src/app/page.tsx
FN:16,HomePage
FN:30,(anonymous_3)
FN:32,(anonymous_4)
FN:43,(anonymous_5)
FN:47,(anonymous_6)
FN:60,(anonymous_7)
FN:63,(anonymous_8)
FN:66,(anonymous_9)
FNF:8
FNH:0
FNDA:0,HomePage
FNDA:0,(anonymous_3)
FNDA:0,(anonymous_4)
FNDA:0,(anonymous_5)
FNDA:0,(anonymous_6)
FNDA:0,(anonymous_7)
FNDA:0,(anonymous_8)
FNDA:0,(anonymous_9)
DA:3,0
DA:4,0
DA:5,0
DA:6,0
DA:7,0
DA:8,0
DA:9,0
DA:10,0
DA:11,0
DA:12,0
DA:13,0
DA:14,0
DA:16,0
DA:17,0
DA:18,0
DA:19,0
DA:20,0
DA:22,0
DA:23,0
DA:24,0
DA:25,0
DA:30,0
DA:31,0
DA:32,0
DA:33,0
DA:38,0
DA:40,0
DA:41,0
DA:43,0
DA:44,0
DA:47,0
DA:48,0
DA:49,0
DA:54,0
DA:58,0
DA:60,0
DA:61,0
DA:62,0
DA:63,0
DA:64,0
DA:66,0
LF:41
LH:0
BRDA:22,0,0,0
BRDA:22,0,1,0
BRDA:22,1,0,0
BRDA:22,1,1,0
BRDA:25,2,0,0
BRDA:25,2,1,0
BRDA:38,3,0,0
BRDA:38,3,1,0
BRDA:48,4,0,0
BRDA:48,4,1,0
BRDA:52,5,0,0
BRDA:52,5,1,0
BRDA:61,6,0,0
BRDA:61,6,1,0
BRDA:61,7,0,0
BRDA:61,7,1,0
BRDA:73,8,0,0
BRDA:73,8,1,0
BRDA:75,9,0,0
BRDA:75,9,1,0
BRDA:85,10,0,0
BRDA:85,10,1,0
BRDA:94,11,0,0
BRDA:94,11,1,0
BRDA:96,12,0,0
BRDA:96,12,1,0
BRDA:96,13,0,0
BRDA:96,13,1,0
BRDA:104,14,0,0
BRDA:104,14,1,0
BRDA:112,15,0,0
BRDA:112,15,1,0
BRF:32
BRH:0
end_of_record
TN:
SF:src/app/achievements/page.tsx
FN:12,AchievementsPage
FN:18,(anonymous_2)
FN:26,(anonymous_3)
FN:29,(anonymous_4)
FN:34,(anonymous_5)
FN:43,(anonymous_6)
FN:58,(anonymous_7)
FN:93,(anonymous_8)
FN:143,(anonymous_9)
FN:154,(anonymous_10)
FNF:10
FNH:0
FNDA:0,AchievementsPage
FNDA:0,(anonymous_2)
FNDA:0,(anonymous_3)
FNDA:0,(anonymous_4)
FNDA:0,(anonymous_5)
FNDA:0,(anonymous_6)
FNDA:0,(anonymous_7)
FNDA:0,(anonymous_8)
FNDA:0,(anonymous_9)
FNDA:0,(anonymous_10)
DA:3,0
DA:4,0
DA:5,0
DA:6,0
DA:7,0
DA:8,0
DA:9,0
DA:10,0
DA:12,0
DA:13,0
DA:14,0
DA:15,0
DA:16,0
DA:18,0
DA:19,0
DA:26,0
DA:29,0
DA:30,0
DA:34,0
DA:35,0
DA:36,0
DA:40,0
DA:43,0
DA:44,0
DA:46,0
DA:48,0
DA:50,0
DA:52,0
DA:54,0
DA:58,0
DA:59,0
DA:61,0
DA:63,0
DA:65,0
DA:67,0
DA:69,0
DA:73,0
DA:80,0
DA:94,0
DA:101,0
DA:102,0
DA:103,0
DA:144,0
DA:155,0
DA:156,0
LF:45
LH:0
BRDA:16,0,0,0
BRDA:16,0,1,0
BRDA:35,1,0,0
BRDA:35,1,1,0
BRDA:44,2,0,0
BRDA:44,2,1,0
BRDA:44,2,2,0
BRDA:44,2,3,0
BRDA:44,2,4,0
BRDA:59,3,0,0
BRDA:59,3,1,0
BRDA:59,3,2,0
BRDA:59,3,3,0
BRDA:59,3,4,0
BRDA:61,4,0,0
BRDA:61,4,1,0
BRDA:63,5,0,0
BRDA:63,5,1,0
BRDA:65,6,0,0
BRDA:65,6,1,0
BRDA:67,7,0,0
BRDA:67,7,1,0
BRDA:74,8,0,0
BRDA:74,8,1,0
BRDA:75,9,0,0
BRDA:75,9,1,0
BRDA:76,10,0,0
BRDA:76,10,1,0
BRDA:77,11,0,0
BRDA:77,11,1,0
BRDA:80,12,0,0
BRDA:80,12,1,0
BRDA:91,13,0,0
BRDA:91,13,1,0
BRDA:103,14,0,0
BRDA:103,14,1,0
BRDA:109,15,0,0
BRDA:109,15,1,0
BRDA:111,16,0,0
BRDA:111,16,1,0
BRDA:138,17,0,0
BRDA:138,17,1,0
BRDA:152,18,0,0
BRDA:152,18,1,0
BRDA:159,19,0,0
BRDA:159,19,1,0
BRDA:160,20,0,0
BRDA:160,20,1,0
BRDA:165,21,0,0
BRDA:171,22,0,0
BRDA:171,22,1,0
BRDA:171,23,0,0
BRDA:171,23,1,0
BRDA:176,24,0,0
BRDA:176,24,1,0
BRDA:181,25,0,0
BRDA:181,25,1,0
BRDA:188,26,0,0
BRDA:188,26,1,0
BRDA:189,27,0,0
BRDA:189,27,1,0
BRDA:191,28,0,0
BRDA:191,28,1,0
BRDA:193,29,0,0
BRDA:193,29,1,0
BRDA:201,30,0,0
BRDA:201,30,1,0
BRF:67
BRH:0
end_of_record
TN:
SF:src/app/activities/page.tsx
FN:19,formatDuration
FN:30,ActivitiesPage
FN:60,ActivitiesClient
FN:80,(anonymous_5)
FN:84,(anonymous_6)
FN:92,(anonymous_7)
FN:95,(anonymous_8)
FN:95,(anonymous_9)
FN:99,(anonymous_10)
FN:106,(anonymous_11)
FN:108,(anonymous_12)
FN:110,(anonymous_13)
FN:113,(anonymous_14)
FN:114,(anonymous_15)
FN:176,(anonymous_16)
FN:196,(anonymous_17)
FN:199,(anonymous_18)
FN:216,(anonymous_19)
FN:226,(anonymous_20)
FN:240,(anonymous_21)
FN:251,(anonymous_22)
FN:346,(anonymous_23)
FN:355,(anonymous_24)
FNF:23
FNH:0
FNDA:0,formatDuration
FNDA:0,ActivitiesPage
FNDA:0,ActivitiesClient
FNDA:0,(anonymous_5)
FNDA:0,(anonymous_6)
FNDA:0,(anonymous_7)
FNDA:0,(anonymous_8)
FNDA:0,(anonymous_9)
FNDA:0,(anonymous_10)
FNDA:0,(anonymous_11)
FNDA:0,(anonymous_12)
FNDA:0,(anonymous_13)
FNDA:0,(anonymous_14)
FNDA:0,(anonymous_15)
FNDA:0,(anonymous_16)
FNDA:0,(anonymous_17)
FNDA:0,(anonymous_18)
FNDA:0,(anonymous_19)
FNDA:0,(anonymous_20)
FNDA:0,(anonymous_21)
FNDA:0,(anonymous_22)
FNDA:0,(anonymous_23)
FNDA:0,(anonymous_24)
DA:3,0
DA:4,0
DA:5,0
DA:7,0
DA:8,0
DA:9,0
DA:10,0
DA:11,0
DA:12,0
DA:13,0
DA:15,0
DA:16,0
DA:17,0
DA:20,0
DA:21,0
DA:22,0
DA:24,0
DA:25,0
DA:27,0
DA:30,0
DA:31,0
DA:32,0
DA:61,0
DA:62,0
DA:63,0
DA:64,0
DA:65,0
DA:66,0
DA:70,0
DA:77,0
DA:79,0
DA:80,0
DA:83,0
DA:85,0
DA:91,0
DA:92,0
DA:94,0
DA:95,0
DA:99,0
DA:100,0
DA:101,0
DA:102,0
DA:103,0
DA:105,0
DA:106,0
DA:108,0
DA:110,0
DA:113,0
DA:114,0
DA:115,0
DA:116,0
DA:176,0
DA:197,0
DA:199,0
DA:217,0
DA:218,0
DA:219,0
DA:220,0
DA:221,0
DA:223,0
DA:226,0
DA:241,0
DA:253,0
DA:254,0
DA:346,0
DA:356,0
DA:357,0
LF:67
LH:0
BRDA:24,0,0,0
BRDA:24,0,1,0
BRDA:37,1,0,0
BRDA:37,1,1,0
BRDA:39,2,0,0
BRDA:39,2,1,0
BRDA:47,3,0,0
BRDA:47,3,1,0
BRDA:80,4,0,0
BRDA:80,4,1,0
BRDA:85,5,0,0
BRDA:85,5,1,0
BRDA:91,6,0,0
BRDA:91,6,1,0
BRDA:95,7,0,0
BRDA:95,7,1,0
BRDA:95,8,0,0
BRDA:95,8,1,0
BRDA:103,9,0,0
BRDA:103,9,1,0
BRDA:125,10,0,0
BRDA:125,10,1,0
BRDA:125,10,2,0
BRDA:125,10,3,0
BRDA:145,11,0,0
BRDA:152,12,0,0
BRDA:152,12,1,0
BRDA:155,13,0,0
BRDA:155,13,1,0
BRDA:155,14,0,0
BRDA:155,14,1,0
BRDA:160,15,0,0
BRDA:160,15,1,0
BRDA:164,16,0,0
BRDA:164,16,1,0
BRDA:165,17,0,0
BRDA:165,17,1,0
BRDA:170,18,0,0
BRDA:170,18,1,0
BRDA:193,19,0,0
BRDA:193,19,1,0
BRDA:208,20,0,0
BRDA:208,20,1,0
BRDA:217,21,0,0
BRDA:217,21,1,0
BRDA:220,22,0,0
BRDA:220,22,1,0
BRDA:229,23,0,0
BRDA:235,24,0,0
BRDA:257,25,0,0
BRDA:257,25,1,0
BRDA:257,26,0,0
BRDA:257,26,1,0
BRDA:257,27,0,0
BRDA:257,27,1,0
BRDA:271,28,0,0
BRDA:271,28,1,0
BRDA:271,29,0,0
BRDA:271,29,1,0
BRDA:274,30,0,0
BRDA:282,31,0,0
BRDA:282,31,1,0
BRDA:297,32,0,0
BRDA:306,33,0,0
BRDA:306,33,1,0
BRDA:321,34,0,0
BRDA:321,34,1,0
BRDA:332,35,0,0
BRDA:334,36,0,0
BRDA:334,36,1,0
BRDA:354,37,0,0
BRDA:354,37,1,0
BRDA:356,38,0,0
BRDA:356,38,1,0
BRF:74
BRH:0
end_of_record
TN:
SF:src/app/add/page.tsx
FN:8,AddActivityPage
FN:30,(anonymous_2)
FN:32,(anonymous_3)
FNF:3
FNH:0
FNDA:0,AddActivityPage
FNDA:0,(anonymous_2)
FNDA:0,(anonymous_3)
DA:3,0
DA:4,0
DA:5,0
DA:6,0
DA:8,0
DA:9,0
DA:10,0
DA:11,0
DA:32,0
DA:33,0
LF:10
LH:0
BRDA:17,0,0,0
BRDA:17,0,1,0
BRDA:19,1,0,0
BRDA:19,1,1,0
BRDA:27,2,0,0
BRDA:27,2,1,0
BRF:6
BRH:0
end_of_record
TN:
SF:src/app/challenges/page.tsx
FN:12,(anonymous_4)
FN:13,(anonymous_5)
FN:13,(anonymous_6)
FN:15,(anonymous_7)
FN:16,(anonymous_8)
FN:16,(anonymous_9)
FN:19,ChallengesPage
FN:32,(anonymous_11)
FN:40,(anonymous_12)
FN:41,(anonymous_13)
FN:43,(anonymous_14)
FN:46,(anonymous_15)
FN:51,(anonymous_16)
FN:56,(anonymous_17)
FN:60,(anonymous_18)
FN:67,(anonymous_19)
FN:140,(anonymous_20)
FN:144,(anonymous_21)
FN:145,(anonymous_22)
FN:161,(anonymous_23)
FN:165,(anonymous_24)
FN:166,(anonymous_25)
FN:182,(anonymous_26)
FN:186,(anonymous_27)
FN:187,(anonymous_28)
FN:202,(anonymous_29)
FN:219,(anonymous_30)
FNF:27
FNH:0
FNDA:0,(anonymous_4)
FNDA:0,(anonymous_5)
FNDA:0,(anonymous_6)
FNDA:0,(anonymous_7)
FNDA:0,(anonymous_8)
FNDA:0,(anonymous_9)
FNDA:0,ChallengesPage
FNDA:0,(anonymous_11)
FNDA:0,(anonymous_12)
FNDA:0,(anonymous_13)
FNDA:0,(anonymous_14)
FNDA:0,(anonymous_15)
FNDA:0,(anonymous_16)
FNDA:0,(anonymous_17)
FNDA:0,(anonymous_18)
FNDA:0,(anonymous_19)
FNDA:0,(anonymous_20)
FNDA:0,(anonymous_21)
FNDA:0,(anonymous_22)
FNDA:0,(anonymous_23)
FNDA:0,(anonymous_24)
FNDA:0,(anonymous_25)
FNDA:0,(anonymous_26)
FNDA:0,(anonymous_27)
FNDA:0,(anonymous_28)
FNDA:0,(anonymous_29)
FNDA:0,(anonymous_30)
DA:3,0
DA:4,0
DA:5,0
DA:7,0
DA:8,0
DA:9,0
DA:12,0
DA:13,0
DA:15,0
DA:16,0
DA:19,0
DA:20,0
DA:21,0
DA:22,0
DA:23,0
DA:24,0
DA:25,0
DA:27,0
DA:33,0
DA:40,0
DA:41,0
DA:42,0
DA:43,0
DA:46,0
DA:47,0
DA:48,0
DA:51,0
DA:52,0
DA:53,0
DA:56,0
DA:57,0
DA:60,0
DA:61,0
DA:62,0
DA:63,0
DA:67,0
DA:68,0
DA:69,0
DA:71,0
DA:73,0
DA:74,0
DA:141,0
DA:144,0
DA:145,0
DA:162,0
DA:165,0
DA:166,0
DA:183,0
DA:186,0
DA:187,0
DA:203,0
DA:204,0
DA:219,0
LF:53
LH:0
BRDA:27,0,0,0
BRDA:27,0,1,0
BRDA:43,1,0,0
BRDA:43,1,1,0
BRDA:61,2,0,0
BRDA:61,2,1,0
BRDA:68,3,0,0
BRDA:68,3,1,0
BRDA:81,4,0,0
BRDA:81,4,1,0
BRDA:83,5,0,0
BRDA:83,5,1,0
BRDA:97,6,0,0
BRDA:97,6,1,0
BRDA:104,7,0,0
BRDA:106,8,0,0
BRDA:106,8,1,0
BRDA:106,9,0,0
BRDA:106,9,1,0
BRDA:111,10,0,0
BRDA:111,10,1,0
BRDA:116,11,0,0
BRDA:116,11,1,0
BRDA:118,12,0,0
BRDA:118,12,1,0
BRDA:125,13,0,0
BRDA:125,13,1,0
BRDA:132,14,0,0
BRDA:138,15,0,0
BRDA:138,15,1,0
BRDA:153,16,0,0
BRDA:159,17,0,0
BRDA:159,17,1,0
BRDA:174,18,0,0
BRDA:180,19,0,0
BRDA:180,19,1,0
BRDA:197,20,0,0
BRF:37
BRH:0
end_of_record
TN:
SF:src/app/stats/page.tsx
FN:16,(anonymous_4)
FN:17,(anonymous_5)
FN:17,(anonymous_6)
FN:19,(anonymous_7)
FN:20,(anonymous_8)
FN:20,(anonymous_9)
FN:22,(anonymous_10)
FN:23,(anonymous_11)
FN:23,(anonymous_12)
FN:25,(anonymous_13)
FN:26,(anonymous_14)
FN:26,(anonymous_15)
FN:28,(anonymous_16)
FN:29,(anonymous_17)
FN:29,(anonymous_18)
FN:31,(anonymous_19)
FN:32,(anonymous_20)
FN:32,(anonymous_21)
FN:34,(anonymous_22)
FN:35,(anonymous_23)
FN:35,(anonymous_24)
FN:37,(anonymous_25)
FN:38,(anonymous_26)
FN:38,(anonymous_27)
FN:40,(anonymous_28)
FN:41,(anonymous_29)
FN:41,(anonymous_30)
FN:44,StatsPage
FN:57,(anonymous_32)
FN:62,(anonymous_33)
FN:86,(anonymous_34)
FN:90,(anonymous_35)
FN:92,(anonymous_36)
FN:109,(anonymous_37)
FN:111,(anonymous_38)
FN:116,(anonymous_39)
FN:149,(anonymous_40)
FN:153,(anonymous_41)
FN:157,(anonymous_42)
FN:158,(anonymous_43)
FN:161,(anonymous_44)
FN:164,(anonymous_45)
FN:174,(anonymous_46)
FN:248,(anonymous_47)
FN:283,(anonymous_48)
FN:326,(anonymous_49)
FN:329,(anonymous_50)
FN:393,(anonymous_51)
FN:428,(anonymous_52)
FN:456,(anonymous_53)
FN:465,(anonymous_54)
FN:524,(anonymous_55)
FNF:52
FNH:0
FNDA:0,(anonymous_4)
FNDA:0,(anonymous_5)
FNDA:0,(anonymous_6)
FNDA:0,(anonymous_7)
FNDA:0,(anonymous_8)
FNDA:0,(anonymous_9)
FNDA:0,(anonymous_10)
FNDA:0,(anonymous_11)
FNDA:0,(anonymous_12)
FNDA:0,(anonymous_13)
FNDA:0,(anonymous_14)
FNDA:0,(anonymous_15)
FNDA:0,(anonymous_16)
FNDA:0,(anonymous_17)
FNDA:0,(anonymous_18)
FNDA:0,(anonymous_19)
FNDA:0,(anonymous_20)
FNDA:0,(anonymous_21)
FNDA:0,(anonymous_22)
FNDA:0,(anonymous_23)
FNDA:0,(anonymous_24)
FNDA:0,(anonymous_25)
FNDA:0,(anonymous_26)
FNDA:0,(anonymous_27)
FNDA:0,(anonymous_28)
FNDA:0,(anonymous_29)
FNDA:0,(anonymous_30)
FNDA:0,StatsPage
FNDA:0,(anonymous_32)
FNDA:0,(anonymous_33)
FNDA:0,(anonymous_34)
FNDA:0,(anonymous_35)
FNDA:0,(anonymous_36)
FNDA:0,(anonymous_37)
FNDA:0,(anonymous_38)
FNDA:0,(anonymous_39)
FNDA:0,(anonymous_40)
FNDA:0,(anonymous_41)
FNDA:0,(anonymous_42)
FNDA:0,(anonymous_43)
FNDA:0,(anonymous_44)
FNDA:0,(anonymous_45)
FNDA:0,(anonymous_46)
FNDA:0,(anonymous_47)
FNDA:0,(anonymous_48)
FNDA:0,(anonymous_49)
FNDA:0,(anonymous_50)
FNDA:0,(anonymous_51)
FNDA:0,(anonymous_52)
FNDA:0,(anonymous_53)
FNDA:0,(anonymous_54)
FNDA:0,(anonymous_55)
DA:3,0
DA:4,0
DA:5,0
DA:6,0
DA:7,0
DA:8,0
DA:9,0
DA:10,0
DA:11,0
DA:12,0
DA:13,0
DA:16,0
DA:17,0
DA:19,0
DA:20,0
DA:22,0
DA:23,0
DA:25,0
DA:26,0
DA:28,0
DA:29,0
DA:31,0
DA:32,0
DA:34,0
DA:35,0
DA:37,0
DA:38,0
DA:40,0
DA:41,0
DA:44,0
DA:45,0
DA:46,0
DA:47,0
DA:49,0
DA:50,0
DA:51,0
DA:52,0
DA:53,0
DA:54,0
DA:56,0
DA:57,0
DA:62,0
DA:63,0
DA:64,0
DA:69,0
DA:70,0
DA:71,0
DA:72,0
DA:74,0
DA:75,0
DA:76,0
DA:78,0
DA:86,0
DA:90,0
DA:91,0
DA:92,0
DA:93,0
DA:94,0
DA:96,0
DA:97,0
DA:98,0
DA:99,0
DA:101,0
DA:105,0
DA:109,0
DA:110,0
DA:111,0
DA:112,0
DA:116,0
DA:117,0
DA:129,0
DA:130,0
DA:131,0
DA:133,0
DA:134,0
DA:135,0
DA:136,0
DA:138,0
DA:149,0
DA:153,0
DA:154,0
DA:155,0
DA:156,0
DA:157,0
DA:158,0
DA:161,0
DA:162,0
DA:163,0
DA:164,0
DA:167,0
DA:175,0
DA:248,0
DA:284,0
DA:327,0
DA:329,0
DA:393,0
DA:429,0
DA:457,0
DA:458,0
DA:459,0
DA:461,0
DA:465,0
DA:524,0
LF:103
LH:0
BRDA:49,0,0,0
BRDA:49,0,1,0
BRDA:49,1,0,0
BRDA:49,1,1,0
BRDA:51,2,0,0
BRDA:51,2,1,0
BRDA:57,3,0,0
BRDA:57,3,1,0
BRDA:63,4,0,0
BRDA:63,4,1,0
BRDA:74,5,0,0
BRDA:74,5,1,0
BRDA:91,6,0,0
BRDA:91,6,1,0
BRDA:97,7,0,0
BRDA:97,7,1,0
BRDA:110,8,0,0
BRDA:110,8,1,0
BRDA:133,9,0,0
BRDA:133,9,1,0
BRDA:154,10,0,0
BRDA:154,10,1,0
BRDA:162,11,0,0
BRDA:162,11,1,0
BRDA:167,12,0,0
BRDA:167,12,1,0
BRDA:172,13,0,0
BRDA:172,13,1,0
BRDA:172,14,0,0
BRDA:172,14,1,0
BRDA:191,15,0,0
BRDA:191,15,1,0
BRDA:194,16,0,0
BRDA:194,16,1,0
BRDA:203,17,0,0
BRDA:203,17,1,0
BRDA:203,18,0,0
BRDA:203,18,1,0
BRDA:206,19,0,0
BRDA:206,19,1,0
BRDA:206,20,0,0
BRDA:206,20,1,0
BRDA:209,21,0,0
BRDA:209,21,1,0
BRDA:214,22,0,0
BRDA:214,22,1,0
BRDA:214,23,0,0
BRDA:214,23,1,0
BRDA:221,24,0,0
BRDA:221,24,1,0
BRDA:221,25,0,0
BRDA:221,25,1,0
BRDA:224,26,0,0
BRDA:224,26,1,0
BRDA:229,27,0,0
BRDA:229,27,1,0
BRDA:229,28,0,0
BRDA:229,28,1,0
BRDA:236,29,0,0
BRDA:236,29,1,0
BRDA:236,30,0,0
BRDA:236,30,1,0
BRDA:239,31,0,0
BRDA:239,31,1,0
BRDA:244,32,0,0
BRDA:244,32,1,0
BRDA:244,33,0,0
BRDA:244,33,1,0
BRDA:246,34,0,0
BRDA:246,34,1,0
BRDA:256,35,0,0
BRDA:256,35,1,0
BRDA:256,36,0,0
BRDA:256,36,1,0
BRDA:259,37,0,0
BRDA:259,37,1,0
BRDA:264,38,0,0
BRDA:264,38,1,0
BRDA:264,39,0,0
BRDA:264,39,1,0
BRDA:267,40,0,0
BRDA:267,40,1,0
BRDA:278,41,0,0
BRDA:289,42,0,0
BRDA:289,42,1,0
BRDA:298,43,0,0
BRDA:298,43,1,0
BRDA:331,44,0,0
BRDA:331,44,1,0
BRDA:336,45,0,0
BRDA:336,45,1,0
BRDA:348,46,0,0
BRDA:348,46,1,0
BRDA:392,47,0,0
BRDA:392,47,1,0
BRDA:393,48,0,0
BRDA:393,48,1,0
BRDA:400,49,0,0
BRDA:400,49,1,0
BRDA:451,50,0,0
BRDA:465,51,0,0
BRDA:465,51,1,0
BRDA:467,52,0,0
BRDA:467,52,1,0
BRDA:474,53,0,0
BRDA:474,53,1,0
BRDA:482,54,0,0
BRDA:482,54,1,0
BRDA:490,55,0,0
BRDA:490,55,1,0
BRF:110
BRH:0
end_of_record
TN:
SF:src/components/ActivityFilters.tsx
FN:23,ActivityFilters
FN:36,(anonymous_4)
FN:37,(anonymous_5)
FN:42,(anonymous_6)
FN:62,(anonymous_7)
FN:66,(anonymous_8)
FN:82,(anonymous_9)
FN:89,(anonymous_10)
FN:106,(anonymous_11)
FN:127,(anonymous_12)
FN:131,(anonymous_13)
FN:132,(anonymous_14)
FN:153,(anonymous_15)
FN:168,(anonymous_16)
FN:185,(anonymous_17)
FN:203,useFilteredActivities
FN:207,(anonymous_19)
FN:238,(anonymous_20)
FN:246,(anonymous_21)
FN:252,(anonymous_22)
FN:263,(anonymous_23)
FNF:21
FNH:0
FNDA:0,ActivityFilters
FNDA:0,(anonymous_4)
FNDA:0,(anonymous_5)
FNDA:0,(anonymous_6)
FNDA:0,(anonymous_7)
FNDA:0,(anonymous_8)
FNDA:0,(anonymous_9)
FNDA:0,(anonymous_10)
FNDA:0,(anonymous_11)
FNDA:0,(anonymous_12)
FNDA:0,(anonymous_13)
FNDA:0,(anonymous_14)
FNDA:0,(anonymous_15)
FNDA:0,(anonymous_16)
FNDA:0,(anonymous_17)
FNDA:0,useFilteredActivities
FNDA:0,(anonymous_19)
FNDA:0,(anonymous_20)
FNDA:0,(anonymous_21)
FNDA:0,(anonymous_22)
FNDA:0,(anonymous_23)
DA:3,0
DA:4,0
DA:5,0
DA:6,0
DA:7,0
DA:8,0
DA:9,0
DA:10,0
DA:23,0
DA:30,0
DA:31,0
DA:32,0
DA:33,0
DA:34,0
DA:36,0
DA:37,0
DA:38,0
DA:41,0
DA:43,0
DA:63,0
DA:66,0
DA:82,0
DA:89,0
DA:106,0
DA:127,0
DA:132,0
DA:133,0
DA:134,0
DA:153,0
DA:168,0
DA:186,0
DA:203,0
DA:204,0
DA:205,0
DA:207,0
DA:208,0
DA:211,0
DA:212,0
DA:214,0
DA:216,0
DA:218,0
DA:219,0
DA:221,0
DA:222,0
DA:224,0
DA:225,0
DA:227,0
DA:228,0
DA:229,0
DA:231,0
DA:233,0
DA:235,0
DA:238,0
DA:239,0
DA:240,0
DA:245,0
DA:246,0
DA:250,0
DA:251,0
DA:252,0
DA:253,0
DA:254,0
DA:263,0
DA:264,0
DA:266,0
DA:268,0
DA:270,0
DA:272,0
DA:274,0
DA:278,0
LF:70
LH:0
BRDA:34,0,0,0
BRDA:34,0,1,0
BRDA:50,1,0,0
BRDA:50,1,1,0
BRDA:57,2,0,0
BRDA:57,2,1,0
BRDA:61,3,0,0
BRDA:61,3,1,0
BRDA:67,4,0,0
BRDA:67,4,1,0
BRDA:68,5,0,0
BRDA:68,5,1,0
BRDA:77,6,0,0
BRDA:81,7,0,0
BRDA:81,7,1,0
BRDA:84,8,0,0
BRDA:84,8,1,0
BRDA:88,9,0,0
BRDA:88,9,1,0
BRDA:91,10,0,0
BRDA:91,10,1,0
BRDA:100,11,0,0
BRDA:100,11,1,0
BRDA:107,12,0,0
BRDA:107,12,1,0
BRDA:121,13,0,0
BRDA:121,13,1,0
BRDA:128,14,0,0
BRDA:128,14,1,0
BRDA:133,15,0,0
BRDA:133,15,1,0
BRDA:146,16,0,0
BRDA:146,16,1,0
BRDA:155,17,0,0
BRDA:155,17,1,0
BRDA:162,18,0,0
BRDA:162,18,1,0
BRDA:169,19,0,0
BRDA:169,19,1,0
BRDA:179,20,0,0
BRDA:179,20,1,0
BRDA:179,20,2,0
BRDA:179,20,3,0
BRDA:194,21,0,0
BRDA:194,21,1,0
BRDA:211,22,0,0
BRDA:211,22,1,0
BRDA:216,23,0,0
BRDA:216,23,1,0
BRDA:216,23,2,0
BRDA:216,23,3,0
BRDA:216,23,4,0
BRDA:227,24,0,0
BRDA:227,24,1,0
BRDA:227,25,0,0
BRDA:227,25,1,0
BRDA:240,26,0,0
BRDA:240,26,1,0
BRDA:245,27,0,0
BRDA:245,27,1,0
BRDA:250,28,0,0
BRDA:250,28,1,0
BRDA:253,29,0,0
BRDA:253,29,1,0
BRDA:253,30,0,0
BRDA:253,30,1,0
BRDA:255,31,0,0
BRDA:255,31,1,0
BRDA:255,31,2,0
BRDA:264,32,0,0
BRDA:264,32,1,0
BRDA:264,32,2,0
BRDA:264,32,3,0
BRDA:264,32,4,0
BRF:74
BRH:0
end_of_record
TN:
SF:src/components/ActivityForm.tsx
FN:16,toLocalInputValue
FN:48,asDefinitionFromRecord
FN:62,ActivityForm
FN:66,(anonymous_4)
FN:68,(anonymous_5)
FN:72,(anonymous_6)
FN:84,(anonymous_7)
FN:86,(anonymous_8)
FN:99,(anonymous_9)
FN:120,(anonymous_10)
FN:132,(anonymous_11)
FN:147,(anonymous_12)
FN:153,submit
FN:197,(anonymous_14)
FN:201,(anonymous_15)
FN:220,(anonymous_16)
FN:240,(anonymous_17)
FN:261,(anonymous_18)
FN:267,(anonymous_19)
FN:269,(anonymous_20)
FN:285,(anonymous_21)
FN:330,(anonymous_22)
FN:348,(anonymous_23)
FN:384,(anonymous_24)
FNF:24
FNH:17
FNDA:11,toLocalInputValue
FNDA:4,asDefinitionFromRecord
FNDA:23,ActivityForm
FNDA:7,(anonymous_4)
FNDA:28,(anonymous_5)
FNDA:7,(anonymous_6)
FNDA:7,(anonymous_7)
FNDA:53,(anonymous_8)
FNDA:8,(anonymous_9)
FNDA:0,(anonymous_10)
FNDA:6,(anonymous_11)
FNDA:7,(anonymous_12)
FNDA:1,submit
FNDA:1,(anonymous_14)
FNDA:0,(anonymous_15)
FNDA:0,(anonymous_16)
FNDA:0,(anonymous_17)
FNDA:165,(anonymous_18)
FNDA:1,(anonymous_19)
FNDA:1,(anonymous_20)
FNDA:0,(anonymous_21)
FNDA:0,(anonymous_22)
FNDA:7,(anonymous_23)
FNDA:0,(anonymous_24)
DA:3,1
DA:5,1
DA:6,1
DA:7,1
DA:8,1
DA:9,1
DA:10,1
DA:11,1
DA:12,1
DA:13,1
DA:14,1
DA:17,11
DA:18,11
DA:19,11
DA:20,11
DA:21,11
DA:22,11
DA:49,4
DA:62,4
DA:63,23
DA:64,23
DA:65,23
DA:66,23
DA:67,7
DA:68,28
DA:69,4
DA:72,23
DA:73,7
DA:74,7
DA:75,7
DA:76,53
DA:77,53
DA:78,53
DA:80,7
DA:83,23
DA:85,7
DA:86,53
DA:91,23
DA:92,23
DA:93,23
DA:94,23
DA:95,23
DA:96,23
DA:97,23
DA:98,23
DA:99,8
DA:103,23
DA:106,23
DA:109,23
DA:114,23
DA:115,23
DA:118,23
DA:120,0
DA:123,23
DA:124,0
DA:127,23
DA:128,23
DA:129,23
DA:130,23
DA:132,23
DA:133,6
DA:134,3
DA:135,3
DA:136,3
DA:137,3
DA:139,3
DA:140,3
DA:141,3
DA:142,3
DA:143,3
DA:147,23
DA:148,7
DA:149,3
DA:154,1
DA:155,1
DA:156,1
DA:159,1
DA:160,1
DA:162,0
DA:163,0
DA:164,0
DA:165,0
DA:167,1
DA:168,1
DA:170,0
DA:173,0
DA:174,0
DA:175,0
DA:177,1
DA:178,0
DA:184,0
DA:185,0
DA:186,0
DA:188,1
DA:194,1
DA:197,1
DA:198,1
DA:199,1
DA:201,0
DA:202,0
DA:211,1
DA:212,1
DA:213,0
DA:214,0
DA:218,1
DA:219,1
DA:220,0
DA:221,0
DA:225,0
DA:234,1
DA:235,1
DA:236,1
DA:237,1
DA:239,1
DA:240,0
DA:241,0
DA:242,0
DA:248,1
DA:262,165
DA:263,165
DA:268,1
DA:269,1
DA:270,1
DA:271,0
DA:273,1
DA:286,0
DA:287,0
DA:288,0
DA:289,0
DA:330,0
DA:348,7
DA:384,0
LF:132
LH:101
BRDA:51,0,0,4
BRDA:51,0,1,0
BRDA:53,1,0,4
BRDA:53,1,1,0
BRDA:54,2,0,4
BRDA:54,2,1,0
BRDA:56,3,0,4
BRDA:56,3,1,0
BRDA:57,4,0,4
BRDA:57,4,1,0
BRDA:58,5,0,4
BRDA:58,5,1,4
BRDA:65,6,0,4
BRDA:65,6,1,19
BRDA:67,7,0,3
BRDA:67,7,1,4
BRDA:69,8,0,0
BRDA:69,8,1,4
BRDA:76,9,0,0
BRDA:76,9,1,53
BRDA:99,10,0,4
BRDA:99,10,1,4
BRDA:104,11,0,23
BRDA:104,11,1,19
BRDA:104,11,2,0
BRDA:107,12,0,4
BRDA:107,12,1,19
BRDA:110,13,0,4
BRDA:110,13,1,19
BRDA:112,14,0,19
BRDA:112,14,1,19
BRDA:112,14,2,0
BRDA:114,15,0,23
BRDA:114,15,1,19
BRDA:118,16,0,23
BRDA:118,16,1,0
BRDA:118,16,2,0
BRDA:118,16,3,0
BRDA:123,17,0,0
BRDA:123,17,1,23
BRDA:127,18,0,23
BRDA:127,18,1,3
BRDA:133,19,0,3
BRDA:133,19,1,3
BRDA:136,20,0,3
BRDA:136,20,1,0
BRDA:140,21,0,3
BRDA:140,21,1,0
BRDA:141,22,0,3
BRDA:141,22,1,0
BRDA:148,23,0,3
BRDA:148,23,1,4
BRDA:148,24,0,7
BRDA:148,24,1,6
BRDA:156,25,0,1
BRDA:156,25,1,0
BRDA:160,26,0,0
BRDA:160,26,1,1
BRDA:162,27,0,0
BRDA:162,27,1,0
BRDA:167,28,0,1
BRDA:167,28,1,0
BRDA:168,29,0,0
BRDA:168,29,1,1
BRDA:170,30,0,0
BRDA:170,30,1,0
BRDA:177,31,0,0
BRDA:177,31,1,1
BRDA:181,32,0,0
BRDA:181,32,1,0
BRDA:191,33,0,1
BRDA:191,33,1,1
BRDA:199,34,0,0
BRDA:199,34,1,1
BRDA:212,35,0,0
BRDA:212,35,1,1
BRDA:219,36,0,0
BRDA:219,36,1,1
BRDA:222,37,0,0
BRDA:222,37,1,0
BRDA:228,38,0,0
BRDA:228,38,1,0
BRDA:239,39,0,0
BRDA:239,39,1,1
BRDA:241,40,0,0
BRDA:241,40,1,0
BRDA:253,41,0,0
BRDA:253,41,1,23
BRDA:254,42,0,0
BRDA:254,42,1,23
BRDA:256,43,0,0
BRDA:256,43,1,23
BRDA:260,44,0,0
BRDA:260,44,1,23
BRDA:270,45,0,0
BRDA:270,45,1,1
BRDA:270,46,0,1
BRDA:270,46,1,0
BRDA:276,47,0,0
BRDA:276,47,1,165
BRDA:276,48,0,0
BRDA:276,48,1,165
BRDA:277,49,0,23
BRDA:277,49,1,142
BRDA:286,50,0,0
BRDA:286,50,1,0
BRDA:286,51,0,0
BRDA:286,51,1,0
BRDA:295,52,0,0
BRDA:295,52,1,165
BRDA:295,53,0,23
BRDA:295,53,1,142
BRDA:300,54,0,0
BRDA:300,54,1,165
BRDA:306,55,0,0
BRDA:306,55,1,165
BRDA:306,56,0,0
BRDA:306,56,1,165
BRDA:311,57,0,0
BRDA:311,57,1,165
BRDA:320,58,0,0
BRDA:320,58,1,23
BRDA:321,59,0,0
BRDA:321,59,1,23
BRDA:323,60,0,0
BRDA:323,60,1,23
BRDA:331,61,0,0
BRDA:331,61,1,23
BRDA:336,62,0,0
BRDA:336,62,1,23
BRDA:337,63,0,0
BRDA:337,63,1,23
BRDA:339,64,0,0
BRDA:339,64,1,23
BRDA:349,65,0,0
BRDA:349,65,1,23
BRDA:353,66,0,19
BRDA:353,66,1,4
BRDA:356,67,0,19
BRDA:356,67,1,4
BRDA:359,68,0,0
BRDA:359,68,1,19
BRDA:366,69,0,0
BRDA:366,69,1,23
BRDA:366,70,0,0
BRDA:366,70,1,23
BRDA:376,71,0,0
BRDA:376,71,1,23
BRDA:378,72,0,0
BRDA:378,72,1,23
BRDA:385,73,0,0
BRDA:385,73,1,23
BRDA:386,74,0,0
BRDA:386,74,1,23
BRDA:392,75,0,0
BRDA:392,75,1,23
BRDA:392,76,0,0
BRDA:392,76,1,23
BRDA:392,77,0,23
BRDA:392,77,1,0
BRDA:397,78,0,0
BRDA:397,78,1,23
BRDA:397,79,0,0
BRDA:397,79,1,23
BRDA:397,80,0,23
BRDA:397,80,1,0
BRDA:397,81,0,0
BRDA:397,81,1,23
BRDA:398,82,0,0
BRDA:398,82,1,23
BRDA:398,83,0,4
BRDA:398,83,1,19
BRDA:401,84,0,0
BRDA:401,84,1,23
BRDA:401,85,0,4
BRDA:401,85,1,19
BRDA:403,86,0,4
BRDA:403,86,1,19
BRDA:407,87,0,0
BRDA:407,87,1,4
BRF:180
BRH:101
end_of_record
TN:
SF:src/components/ActivityTemplates.tsx
FN:13,ActivityTemplates
FN:22,(anonymous_2)
FN:26,(anonymous_3)
FN:35,(anonymous_4)
FN:62,(anonymous_5)
FN:67,(anonymous_6)
FN:69,(anonymous_7)
FN:73,(anonymous_8)
FN:75,(anonymous_9)
FN:77,(anonymous_10)
FN:79,(anonymous_11)
FN:97,(anonymous_12)
FN:110,(anonymous_13)
FN:114,(anonymous_14)
FN:120,(anonymous_15)
FN:187,(anonymous_16)
FN:188,(anonymous_17)
FNF:17
FNH:0
FNDA:0,ActivityTemplates
FNDA:0,(anonymous_2)
FNDA:0,(anonymous_3)
FNDA:0,(anonymous_4)
FNDA:0,(anonymous_5)
FNDA:0,(anonymous_6)
FNDA:0,(anonymous_7)
FNDA:0,(anonymous_8)
FNDA:0,(anonymous_9)
FNDA:0,(anonymous_10)
FNDA:0,(anonymous_11)
FNDA:0,(anonymous_12)
FNDA:0,(anonymous_13)
FNDA:0,(anonymous_14)
FNDA:0,(anonymous_15)
FNDA:0,(anonymous_16)
FNDA:0,(anonymous_17)
DA:3,0
DA:4,0
DA:5,0
DA:6,0
DA:7,0
DA:8,0
DA:9,0
DA:10,0
DA:11,0
DA:13,0
DA:14,0
DA:15,0
DA:16,0
DA:17,0
DA:18,0
DA:19,0
DA:20,0
DA:22,0
DA:23,0
DA:26,0
DA:27,0
DA:29,0
DA:30,0
DA:31,0
DA:32,0
DA:34,0
DA:35,0
DA:36,0
DA:38,0
DA:40,0
DA:46,0
DA:49,0
DA:53,0
DA:55,0
DA:56,0
DA:58,0
DA:62,0
DA:63,0
DA:67,0
DA:68,0
DA:69,0
DA:70,0
DA:73,0
DA:74,0
DA:75,0
DA:77,0
DA:79,0
DA:98,0
DA:111,0
DA:114,0
DA:121,0
DA:122,0
DA:123,0
DA:124,0
DA:188,0
DA:189,0
LF:56
LH:0
BRDA:27,0,0,0
BRDA:27,0,1,0
BRDA:27,1,0,0
BRDA:27,1,1,0
BRDA:36,2,0,0
BRDA:36,2,1,0
BRDA:83,3,0,0
BRDA:83,3,1,0
BRDA:86,4,0,0
BRDA:86,4,1,0
BRDA:91,5,0,0
BRDA:91,5,1,0
BRDA:98,6,0,0
BRDA:98,6,1,0
BRDA:100,7,0,0
BRDA:100,7,1,0
BRDA:103,8,0,0
BRDA:103,8,1,0
BRDA:108,9,0,0
BRDA:108,9,1,0
BRDA:108,10,0,0
BRDA:108,10,1,0
BRDA:116,11,0,0
BRDA:116,11,1,0
BRDA:116,12,0,0
BRDA:116,12,1,0
BRDA:121,13,0,0
BRDA:121,13,1,0
BRDA:121,14,0,0
BRDA:121,14,1,0
BRDA:123,15,0,0
BRDA:123,15,1,0
BRDA:129,16,0,0
BRDA:129,16,1,0
BRDA:131,17,0,0
BRDA:131,17,1,0
BRDA:137,18,0,0
BRDA:137,18,1,0
BRDA:137,19,0,0
BRDA:137,19,1,0
BRDA:142,20,0,0
BRDA:142,20,1,0
BRDA:142,21,0,0
BRDA:142,21,1,0
BRDA:149,22,0,0
BRDA:149,22,1,0
BRDA:149,23,0,0
BRDA:149,23,1,0
BRDA:152,24,0,0
BRDA:152,24,1,0
BRDA:152,25,0,0
BRDA:152,25,1,0
BRDA:159,26,0,0
BRDA:159,26,1,0
BRDA:159,27,0,0
BRDA:159,27,1,0
BRDA:167,28,0,0
BRDA:182,29,0,0
BRDA:182,29,1,0
BRDA:189,30,0,0
BRDA:189,30,1,0
BRF:61
BRH:0
end_of_record
TN:
SF:src/components/ActivityTimeAnalysis.tsx
FN:23,ActivityTimeAnalysis
FN:30,(anonymous_2)
FN:47,(anonymous_3)
FN:53,(anonymous_4)
FN:57,(anonymous_5)
FN:79,(anonymous_6)
FN:85,(anonymous_7)
FN:94,(anonymous_8)
FN:96,(anonymous_9)
FN:100,(anonymous_10)
FN:102,(anonymous_11)
FN:168,(anonymous_12)
FN:180,(anonymous_13)
FN:210,(anonymous_14)
FN:222,(anonymous_15)
FNF:15
FNH:0
FNDA:0,ActivityTimeAnalysis
FNDA:0,(anonymous_2)
FNDA:0,(anonymous_3)
FNDA:0,(anonymous_4)
FNDA:0,(anonymous_5)
FNDA:0,(anonymous_6)
FNDA:0,(anonymous_7)
FNDA:0,(anonymous_8)
FNDA:0,(anonymous_9)
FNDA:0,(anonymous_10)
FNDA:0,(anonymous_11)
FNDA:0,(anonymous_12)
FNDA:0,(anonymous_13)
FNDA:0,(anonymous_14)
FNDA:0,(anonymous_15)
DA:3,0
DA:4,0
DA:6,0
DA:7,0
DA:17,0
DA:23,0
DA:26,0
DA:27,0
DA:30,0
DA:31,0
DA:34,0
DA:35,0
DA:38,0
DA:39,0
DA:40,0
DA:41,0
DA:42,0
DA:43,0
DA:46,0
DA:47,0
DA:53,0
DA:57,0
DA:58,0
DA:61,0
DA:62,0
DA:65,0
DA:66,0
DA:67,0
DA:68,0
DA:69,0
DA:70,0
DA:74,0
DA:78,0
DA:79,0
DA:87,0
DA:88,0
DA:89,0
DA:94,0
DA:95,0
DA:96,0
DA:100,0
DA:101,0
DA:102,0
DA:105,0
DA:106,0
DA:168,0
DA:181,0
DA:210,0
DA:223,0
LF:49
LH:0
BRDA:53,0,0,0
BRDA:53,0,1,0
BRDA:74,1,0,0
BRDA:74,1,1,0
BRDA:87,2,0,0
BRDA:87,2,1,0
BRDA:88,3,0,0
BRDA:88,3,1,0
BRDA:95,4,0,0
BRDA:95,4,1,0
BRDA:96,5,0,0
BRDA:96,5,1,0
BRDA:101,6,0,0
BRDA:101,6,1,0
BRDA:102,7,0,0
BRDA:102,7,1,0
BRDA:105,8,0,0
BRDA:105,8,1,0
BRDA:121,9,0,0
BRDA:121,9,1,0
BRDA:122,10,0,0
BRDA:122,10,1,0
BRDA:123,11,0,0
BRDA:130,12,0,0
BRDA:130,12,1,0
BRDA:135,13,0,0
BRDA:142,14,0,0
BRDA:142,14,1,0
BRDA:151,15,0,0
BRDA:156,16,0,0
BRDA:156,16,1,0
BRDA:161,17,0,0
BRDA:161,17,1,0
BRDA:162,18,0,0
BRDA:162,18,1,0
BRDA:163,19,0,0
BRDA:163,19,1,0
BRDA:164,20,0,0
BRDA:164,20,1,0
BRDA:166,21,0,0
BRDA:166,21,1,0
BRDA:169,22,0,0
BRDA:169,22,1,0
BRDA:183,23,0,0
BRDA:183,23,1,0
BRDA:193,24,0,0
BRDA:198,25,0,0
BRDA:198,25,1,0
BRDA:203,26,0,0
BRDA:203,26,1,0
BRDA:204,27,0,0
BRDA:204,27,1,0
BRDA:205,28,0,0
BRDA:205,28,1,0
BRDA:206,29,0,0
BRDA:206,29,1,0
BRDA:208,30,0,0
BRDA:208,30,1,0
BRDA:211,31,0,0
BRDA:211,31,1,0
BRDA:225,32,0,0
BRDA:225,32,1,0
BRF:62
BRH:0
end_of_record
TN:
SF:src/components/ActivityTimer.tsx
FN:18,ActivityTimer
FN:29,(anonymous_2)
FN:31,(anonymous_3)
FN:34,(anonymous_4)
FN:44,(anonymous_5)
FN:51,(anonymous_6)
FN:53,(anonymous_7)
FN:61,(anonymous_8)
FN:63,(anonymous_9)
FN:71,(anonymous_10)
FN:80,(anonymous_11)
FNF:11
FNH:0
FNDA:0,ActivityTimer
FNDA:0,(anonymous_2)
FNDA:0,(anonymous_3)
FNDA:0,(anonymous_4)
FNDA:0,(anonymous_5)
FNDA:0,(anonymous_6)
FNDA:0,(anonymous_7)
FNDA:0,(anonymous_8)
FNDA:0,(anonymous_9)
FNDA:0,(anonymous_10)
FNDA:0,(anonymous_11)
DA:3,0
DA:4,0
DA:5,0
DA:18,0
DA:19,0
DA:20,0
DA:21,0
DA:26,0
DA:29,0
DA:30,0
DA:31,0
DA:32,0
DA:33,0
DA:34,0
DA:35,0
DA:38,0
DA:39,0
DA:40,0
DA:44,0
DA:45,0
DA:46,0
DA:51,0
DA:52,0
DA:53,0
DA:61,0
DA:62,0
DA:63,0
DA:71,0
DA:72,0
DA:77,0
DA:80,0
DA:81,0
DA:82,0
DA:83,0
DA:85,0
DA:86,0
DA:88,0
LF:37
LH:0
BRDA:18,0,0,0
BRDA:30,1,0,0
BRDA:30,1,1,0
BRDA:30,2,0,0
BRDA:30,2,1,0
BRDA:38,3,0,0
BRDA:38,3,1,0
BRDA:45,4,0,0
BRDA:45,4,1,0
BRDA:52,5,0,0
BRDA:52,5,1,0
BRDA:62,6,0,0
BRDA:62,6,1,0
BRDA:85,7,0,0
BRDA:85,7,1,0
BRDA:97,8,0,0
BRDA:111,9,0,0
BRDA:111,9,1,0
BRDA:112,10,0,0
BRDA:112,10,1,0
BRDA:120,11,0,0
BRDA:141,12,0,0
BRDA:143,13,0,0
BRDA:143,13,1,0
BRF:24
BRH:0
end_of_record
TN:
SF:src/components/ActivityTypeTrend.tsx
FN:27,ActivityTypeTrend
FN:35,(anonymous_2)
FN:40,(anonymous_3)
FN:44,(anonymous_4)
FN:50,(anonymous_5)
FN:51,(anonymous_6)
FN:61,(anonymous_7)
FN:62,(anonymous_8)
FN:106,(anonymous_9)
FN:109,(anonymous_10)
FN:148,(anonymous_11)
FN:149,(anonymous_12)
FN:171,(anonymous_13)
FN:181,(anonymous_14)
FN:182,(anonymous_15)
FNF:15
FNH:0
FNDA:0,ActivityTypeTrend
FNDA:0,(anonymous_2)
FNDA:0,(anonymous_3)
FNDA:0,(anonymous_4)
FNDA:0,(anonymous_5)
FNDA:0,(anonymous_6)
FNDA:0,(anonymous_7)
FNDA:0,(anonymous_8)
FNDA:0,(anonymous_9)
FNDA:0,(anonymous_10)
FNDA:0,(anonymous_11)
FNDA:0,(anonymous_12)
FNDA:0,(anonymous_13)
FNDA:0,(anonymous_14)
FNDA:0,(anonymous_15)
DA:3,0
DA:4,0
DA:5,0
DA:10,0
DA:11,0
DA:12,0
DA:13,0
DA:23,0
DA:24,0
DA:25,0
DA:27,0
DA:28,0
DA:29,0
DA:30,0
DA:31,0
DA:32,0
DA:33,0
DA:35,0
DA:36,0
DA:37,0
DA:40,0
DA:41,0
DA:44,0
DA:45,0
DA:48,0
DA:50,0
DA:51,0
DA:52,0
DA:53,0
DA:55,0
DA:56,0
DA:60,0
DA:61,0
DA:62,0
DA:68,0
DA:69,0
DA:72,0
DA:92,0
DA:107,0
DA:109,0
DA:149,0
DA:150,0
DA:151,0
DA:172,0
DA:182,0
DA:183,0
LF:46
LH:0
BRDA:32,0,0,0
BRDA:32,0,1,0
BRDA:36,1,0,0
BRDA:36,1,1,0
BRDA:36,2,0,0
BRDA:36,2,1,0
BRDA:45,3,0,0
BRDA:45,3,1,0
BRDA:52,4,0,0
BRDA:52,4,1,0
BRDA:68,5,0,0
BRDA:68,5,1,0
BRDA:72,6,0,0
BRDA:72,6,1,0
BRDA:111,7,0,0
BRDA:111,7,1,0
BRDA:116,8,0,0
BRDA:116,8,1,0
BRDA:124,9,0,0
BRDA:129,10,0,0
BRDA:129,10,1,0
BRDA:135,11,0,0
BRDA:135,11,1,0
BRDA:138,12,0,0
BRDA:138,12,1,0
BRDA:144,13,0,0
BRDA:144,13,1,0
BRDA:147,14,0,0
BRDA:147,14,1,0
BRDA:150,15,0,0
BRDA:150,15,1,0
BRDA:169,16,0,0
BRDA:169,16,1,0
BRDA:179,17,0,0
BRDA:179,17,1,0
BRDA:183,18,0,0
BRDA:183,18,1,0
BRF:37
BRH:0
end_of_record
TN:
SF:src/components/AppleHealthGuide.tsx
FN:7,AppleHealthGuide
FN:16,(anonymous_2)
FNF:2
FNH:0
FNDA:0,AppleHealthGuide
FNDA:0,(anonymous_2)
DA:3,0
DA:4,0
DA:5,0
DA:7,0
DA:8,0
DA:9,0
DA:10,0
DA:16,0
LF:8
LH:0
BRDA:23,0,0,0
BRDA:23,0,1,0
BRDA:29,1,0,0
BRDA:29,1,1,0
BRDA:35,2,0,0
BRDA:39,3,0,0
BRDA:39,3,1,0
BRDA:44,4,0,0
BRDA:44,4,1,0
BRDA:54,5,0,0
BRDA:54,5,1,0
BRDA:58,6,0,0
BRDA:58,6,1,0
BRDA:68,7,0,0
BRDA:68,7,1,0
BRDA:72,8,0,0
BRDA:72,8,1,0
BRDA:79,9,0,0
BRDA:79,9,1,0
BRF:19
BRH:0
end_of_record
TN:
SF:src/components/AppleHealthImport.tsx
FN:18,AppleHealthImport
FN:36,(anonymous_2)
FN:38,(anonymous_3)
FN:83,(anonymous_4)
FN:131,(anonymous_5)
FN:136,(anonymous_6)
FN:138,(anonymous_7)
FN:143,(anonymous_8)
FN:176,(anonymous_9)
FN:231,(anonymous_10)
FNF:10
FNH:0
FNDA:0,AppleHealthImport
FNDA:0,(anonymous_2)
FNDA:0,(anonymous_3)
FNDA:0,(anonymous_4)
FNDA:0,(anonymous_5)
FNDA:0,(anonymous_6)
FNDA:0,(anonymous_7)
FNDA:0,(anonymous_8)
FNDA:0,(anonymous_9)
FNDA:0,(anonymous_10)
DA:3,0
DA:4,0
DA:5,0
DA:6,0
DA:7,0
DA:12,0
DA:13,0
DA:14,0
DA:15,0
DA:16,0
DA:18,0
DA:19,0
DA:20,0
DA:21,0
DA:22,0
DA:23,0
DA:24,0
DA:25,0
DA:26,0
DA:27,0
DA:33,0
DA:36,0
DA:38,0
DA:39,0
DA:40,0
DA:43,0
DA:45,0
DA:55,0
DA:56,0
DA:57,0
DA:58,0
DA:60,0
DA:64,0
DA:65,0
DA:66,0
DA:71,0
DA:72,0
DA:73,0
DA:75,0
DA:79,0
DA:80,0
DA:82,0
DA:83,0
DA:84,0
DA:87,0
DA:89,0
DA:91,0
DA:95,0
DA:100,0
DA:101,0
DA:102,0
DA:104,0
DA:107,0
DA:113,0
DA:114,0
DA:116,0
DA:117,0
DA:118,0
DA:124,0
DA:125,0
DA:126,0
DA:131,0
DA:132,0
DA:134,0
DA:136,0
DA:138,0
DA:139,0
DA:143,0
DA:146,0
DA:147,0
DA:149,0
DA:157,0
DA:165,0
DA:166,0
DA:167,0
DA:168,0
DA:171,0
DA:172,0
DA:176,0
DA:177,0
DA:178,0
DA:179,0
DA:180,0
DA:231,0
LF:84
LH:0
BRDA:36,0,0,0
BRDA:36,0,1,0
BRDA:40,1,0,0
BRDA:40,1,1,0
BRDA:45,2,0,0
BRDA:45,2,1,0
BRDA:45,2,2,0
BRDA:45,2,3,0
BRDA:45,2,4,0
BRDA:45,2,5,0
BRDA:45,2,6,0
BRDA:45,2,7,0
BRDA:45,2,8,0
BRDA:55,3,0,0
BRDA:55,3,1,0
BRDA:57,4,0,0
BRDA:57,4,1,0
BRDA:65,5,0,0
BRDA:65,5,1,0
BRDA:71,6,0,0
BRDA:71,6,1,0
BRDA:72,7,0,0
BRDA:72,7,1,0
BRDA:89,8,0,0
BRDA:89,8,1,0
BRDA:89,9,0,0
BRDA:89,9,1,0
BRDA:91,10,0,0
BRDA:91,10,1,0
BRDA:96,11,0,0
BRDA:96,11,1,0
BRDA:101,12,0,0
BRDA:101,12,1,0
BRDA:120,13,0,0
BRDA:120,13,1,0
BRDA:125,14,0,0
BRDA:125,14,1,0
BRDA:132,15,0,0
BRDA:132,15,1,0
BRDA:132,16,0,0
BRDA:132,16,1,0
BRDA:153,17,0,0
BRDA:153,17,1,0
BRDA:167,18,0,0
BRDA:167,18,1,0
BRDA:179,19,0,0
BRDA:179,19,1,0
BRDA:187,20,0,0
BRDA:187,20,1,0
BRDA:199,21,0,0
BRDA:199,21,1,0
BRDA:200,22,0,0
BRDA:200,22,1,0
BRDA:204,23,0,0
BRDA:204,23,1,0
BRDA:204,23,2,0
BRDA:223,24,0,0
BRDA:223,24,1,0
BRDA:226,25,0,0
BRDA:226,25,1,0
BRDA:229,26,0,0
BRDA:229,26,1,0
BRDA:230,27,0,0
BRDA:230,27,1,0
BRF:64
BRH:0
end_of_record
TN:
SF:src/components/BadgeUnlockNotification.tsx
FN:10,BadgeUnlockNotification
FN:20,(anonymous_2)
FN:23,(anonymous_3)
FN:27,(anonymous_4)
FN:35,(anonymous_5)
FN:39,(anonymous_6)
FN:43,(anonymous_7)
FN:45,(anonymous_8)
FN:48,(anonymous_9)
FN:53,(anonymous_10)
FN:56,(anonymous_11)
FN:70,(anonymous_12)
FN:98,(anonymous_13)
FNF:13
FNH:6
FNDA:27,BadgeUnlockNotification
FNDA:18,(anonymous_2)
FNDA:1,(anonymous_3)
FNDA:10,(anonymous_4)
FNDA:0,(anonymous_5)
FNDA:1,(anonymous_6)
FNDA:0,(anonymous_7)
FNDA:0,(anonymous_8)
FNDA:0,(anonymous_9)
FNDA:0,(anonymous_10)
FNDA:0,(anonymous_11)
FNDA:0,(anonymous_12)
FNDA:12,(anonymous_13)
DA:3,3
DA:4,3
DA:5,3
DA:6,3
DA:7,3
DA:10,8
DA:11,27
DA:12,27
DA:13,27
DA:14,27
DA:15,27
DA:16,27
DA:17,27
DA:18,27
DA:20,27
DA:21,18
DA:22,18
DA:23,1
DA:27,27
DA:28,10
DA:29,1
DA:30,1
DA:31,1
DA:32,1
DA:35,1
DA:36,0
DA:39,1
DA:43,27
DA:44,0
DA:45,0
DA:46,0
DA:47,0
DA:48,0
DA:49,0
DA:53,27
DA:54,0
DA:56,0
DA:57,0
DA:61,27
DA:70,0
DA:99,12
LF:41
LH:30
BRDA:22,0,0,1
BRDA:22,0,1,17
BRDA:28,1,0,1
BRDA:28,1,1,9
BRDA:28,2,0,10
BRDA:28,2,1,2
BRDA:61,3,0,26
BRDA:61,3,1,1
BRDA:61,4,0,27
BRDA:61,4,1,1
BRDA:69,5,0,0
BRDA:69,5,1,1
BRDA:69,6,0,0
BRDA:69,6,1,1
BRDA:73,7,0,0
BRDA:73,7,1,1
BRDA:76,8,0,0
BRDA:76,8,1,1
BRDA:77,9,0,0
BRDA:77,9,1,1
BRDA:80,10,0,0
BRDA:80,10,1,1
BRDA:84,11,0,1
BRDA:86,12,0,0
BRDA:86,12,1,1
BRDA:92,13,0,0
BRDA:92,13,1,1
BRDA:94,14,0,0
BRDA:94,14,1,1
BRF:29
BRH:20
end_of_record
TN:
SF:src/components/ChallengeCard.tsx
FN:17,ChallengeCard
FN:30,(anonymous_2)
FN:42,(anonymous_3)
FNF:3
FNH:0
FNDA:0,ChallengeCard
FNDA:0,(anonymous_2)
FNDA:0,(anonymous_3)
DA:3,0
DA:4,0
DA:5,0
DA:7,0
DA:8,0
DA:9,0
DA:17,0
DA:22,0
DA:23,0
DA:24,0
DA:25,0
DA:26,0
DA:28,0
DA:30,0
DA:31,0
DA:33,0
DA:36,0
DA:38,0
DA:42,0
DA:43,0
DA:45,0
DA:48,0
DA:50,0
DA:54,0
DA:55,0
LF:25
LH:0
BRDA:25,0,0,0
BRDA:25,0,1,0
BRDA:28,1,0,0
BRDA:28,1,1,0
BRDA:31,2,0,0
BRDA:31,2,1,0
BRDA:31,2,2,0
BRDA:31,2,3,0
BRDA:43,3,0,0
BRDA:43,3,1,0
BRDA:43,3,2,0
BRDA:43,3,3,0
BRDA:50,4,0,0
BRDA:50,4,1,0
BRDA:55,5,0,0
BRDA:55,5,1,0
BRDA:61,6,0,0
BRDA:61,6,1,0
BRDA:65,7,0,0
BRDA:65,7,1,0
BRDA:70,8,0,0
BRDA:70,8,1,0
BRDA:83,9,0,0
BRDA:83,9,1,0
BRDA:83,10,0,0
BRDA:83,10,1,0
BRDA:88,11,0,0
BRDA:88,11,1,0
BRDA:88,12,0,0
BRDA:88,12,1,0
BRDA:92,13,0,0
BRDA:92,13,1,0
BRDA:92,14,0,0
BRDA:92,14,1,0
BRDA:106,15,0,0
BRDA:106,15,1,0
BRDA:116,16,0,0
BRDA:116,16,1,0
BRDA:120,17,0,0
BRDA:120,17,1,0
BRDA:122,18,0,0
BRDA:122,18,1,0
BRDA:122,19,0,0
BRDA:122,19,1,0
BRDA:131,20,0,0
BRDA:131,20,1,0
BRDA:134,21,0,0
BRDA:134,21,1,0
BRDA:142,22,0,0
BRDA:142,22,1,0
BRDA:144,23,0,0
BRDA:144,23,1,0
BRF:52
BRH:0
end_of_record
TN:
SF:src/components/ChallengeDialog.tsx
FN:24,toLocalInputValue
FN:31,ChallengeDialog
FN:45,(anonymous_3)
FN:74,(anonymous_4)
FN:133,(anonymous_5)
FN:156,(anonymous_6)
FN:175,(anonymous_7)
FN:187,(anonymous_8)
FN:198,(anonymous_9)
FN:209,(anonymous_10)
FN:224,(anonymous_11)
FN:240,(anonymous_12)
FN:252,(anonymous_13)
FN:267,(anonymous_14)
FNF:14
FNH:0
FNDA:0,toLocalInputValue
FNDA:0,ChallengeDialog
FNDA:0,(anonymous_3)
FNDA:0,(anonymous_4)
FNDA:0,(anonymous_5)
FNDA:0,(anonymous_6)
FNDA:0,(anonymous_7)
FNDA:0,(anonymous_8)
FNDA:0,(anonymous_9)
FNDA:0,(anonymous_10)
FNDA:0,(anonymous_11)
FNDA:0,(anonymous_12)
FNDA:0,(anonymous_13)
FNDA:0,(anonymous_14)
DA:3,0
DA:4,0
DA:5,0
DA:6,0
DA:14,0
DA:15,0
DA:25,0
DA:26,0
DA:27,0
DA:28,0
DA:31,0
DA:32,0
DA:33,0
DA:34,0
DA:35,0
DA:36,0
DA:37,0
DA:38,0
DA:39,0
DA:40,0
DA:41,0
DA:42,0
DA:43,0
DA:45,0
DA:46,0
DA:47,0
DA:48,0
DA:49,0
DA:50,0
DA:51,0
DA:52,0
DA:53,0
DA:54,0
DA:55,0
DA:57,0
DA:60,0
DA:61,0
DA:62,0
DA:63,0
DA:64,0
DA:65,0
DA:66,0
DA:67,0
DA:68,0
DA:72,0
DA:74,0
DA:75,0
DA:77,0
DA:78,0
DA:79,0
DA:82,0
DA:83,0
DA:87,0
DA:89,0
DA:95,0
DA:97,0
DA:103,0
DA:105,0
DA:111,0
DA:113,0
DA:114,0
DA:116,0
DA:124,0
DA:127,0
DA:134,0
DA:135,0
DA:156,0
DA:175,0
DA:187,0
DA:198,0
DA:209,0
DA:224,0
DA:240,0
DA:252,0
DA:267,0
DA:293,0
LF:76
LH:0
BRDA:46,0,0,0
BRDA:46,0,1,0
BRDA:54,1,0,0
BRDA:54,1,1,0
BRDA:57,2,0,0
BRDA:57,2,1,0
BRDA:65,3,0,0
BRDA:65,3,1,0
BRDA:72,4,0,0
BRDA:72,4,1,0
BRDA:78,5,0,0
BRDA:78,5,1,0
BRDA:78,6,0,0
BRDA:78,6,1,0
BRDA:87,7,0,0
BRDA:87,7,1,0
BRDA:87,7,2,0
BRDA:87,7,3,0
BRDA:90,8,0,0
BRDA:90,8,1,0
BRDA:90,9,0,0
BRDA:90,9,1,0
BRDA:98,10,0,0
BRDA:98,10,1,0
BRDA:98,11,0,0
BRDA:98,11,1,0
BRDA:106,12,0,0
BRDA:106,12,1,0
BRDA:106,13,0,0
BRDA:106,13,1,0
BRDA:113,14,0,0
BRDA:113,14,1,0
BRDA:113,15,0,0
BRDA:113,15,1,0
BRDA:134,16,0,0
BRDA:134,16,1,0
BRDA:140,17,0,0
BRDA:140,17,1,0
BRDA:144,18,0,0
BRDA:144,18,1,0
BRDA:166,19,0,0
BRDA:231,20,0,0
BRDA:293,21,0,0
BRDA:293,21,1,0
BRF:44
BRH:0
end_of_record
TN:
SF:src/components/ChartSkeleton.tsx
FN:3,ChartSkeleton
FNF:1
FNH:0
FNDA:0,ChartSkeleton
DA:3,0
LF:1
LH:0
BRF:0
BRH:0
end_of_record
TN:
SF:src/components/ConfirmDialog.tsx
FN:19,ConfirmDialog
FN:33,(anonymous_2)
FN:37,(anonymous_3)
FN:43,(anonymous_4)
FN:48,(anonymous_5)
FN:51,(anonymous_6)
FN:58,(anonymous_7)
FN:63,(anonymous_8)
FN:67,(anonymous_9)
FN:71,(anonymous_10)
FNF:10
FNH:6
FNDA:5,ConfirmDialog
FNDA:2,(anonymous_2)
FNDA:3,(anonymous_3)
FNDA:3,(anonymous_4)
FNDA:3,(anonymous_5)
FNDA:0,(anonymous_6)
FNDA:1,(anonymous_7)
FNDA:0,(anonymous_8)
FNDA:0,(anonymous_9)
FNDA:0,(anonymous_10)
DA:3,1
DA:4,1
DA:5,1
DA:6,1
DA:19,5
DA:29,5
DA:30,5
DA:31,5
DA:33,5
DA:34,2
DA:37,5
DA:38,3
DA:39,1
DA:41,2
DA:43,3
DA:44,3
DA:48,5
DA:49,3
DA:51,1
DA:52,0
DA:53,0
DA:57,1
DA:58,1
DA:61,5
DA:63,1
DA:64,0
DA:67,1
DA:68,0
DA:71,1
DA:72,0
DA:73,0
DA:132,1
LF:32
LH:26
BRDA:27,0,0,0
BRDA:38,1,0,1
BRDA:38,1,1,2
BRDA:49,2,0,2
BRDA:49,2,1,1
BRDA:52,3,0,0
BRDA:52,3,1,0
BRDA:61,4,0,4
BRDA:61,4,1,1
BRDA:61,5,0,5
BRDA:61,5,1,3
BRDA:72,6,0,0
BRDA:72,6,1,0
BRDA:79,7,0,0
BRDA:79,7,1,1
BRDA:79,8,0,0
BRDA:79,8,1,1
BRDA:79,9,0,0
BRDA:79,9,1,1
BRDA:87,10,0,0
BRDA:87,10,1,1
BRDA:89,11,0,0
BRDA:89,11,1,1
BRDA:92,12,0,0
BRDA:92,12,1,1
BRDA:98,13,0,0
BRDA:98,13,1,1
BRDA:103,14,0,0
BRDA:103,14,1,1
BRDA:108,15,0,0
BRDA:108,15,1,1
BRDA:109,16,0,1
BRDA:109,16,1,0
BRDA:111,17,0,1
BRDA:111,17,1,0
BRDA:116,18,0,0
BRDA:116,18,1,1
BRDA:117,19,0,0
BRDA:117,19,1,1
BRDA:121,20,0,1
BRDA:121,20,1,0
BRDA:124,21,0,1
BRDA:124,21,1,0
BRF:43
BRH:23
end_of_record
TN:
SF:src/components/DataExportImport.tsx
FN:15,DataExportImport
FN:25,(anonymous_2)
FN:49,(anonymous_3)
FN:70,(anonymous_4)
FN:123,(anonymous_5)
FN:144,(anonymous_6)
FNF:6
FNH:0
FNDA:0,DataExportImport
FNDA:0,(anonymous_2)
FNDA:0,(anonymous_3)
FNDA:0,(anonymous_4)
FNDA:0,(anonymous_5)
FNDA:0,(anonymous_6)
DA:3,0
DA:4,0
DA:5,0
DA:6,0
DA:7,0
DA:10,0
DA:11,0
DA:12,0
DA:13,0
DA:15,0
DA:16,0
DA:17,0
DA:18,0
DA:19,0
DA:20,0
DA:21,0
DA:22,0
DA:23,0
DA:25,0
DA:26,0
DA:27,0
DA:33,0
DA:34,0
DA:35,0
DA:36,0
DA:37,0
DA:38,0
DA:39,0
DA:40,0
DA:41,0
DA:42,0
DA:44,0
DA:45,0
DA:49,0
DA:50,0
DA:51,0
DA:53,0
DA:54,0
DA:55,0
DA:56,0
DA:62,0
DA:63,0
DA:65,0
DA:66,0
DA:70,0
DA:71,0
DA:81,0
DA:82,0
DA:86,0
DA:93,0
DA:94,0
DA:95,0
DA:96,0
DA:98,0
DA:102,0
DA:103,0
DA:106,0
DA:108,0
DA:109,0
DA:110,0
DA:111,0
DA:112,0
DA:113,0
DA:123,0
DA:144,0
LF:65
LH:0
BRDA:51,0,0,0
BRDA:51,0,1,0
BRDA:62,1,0,0
BRDA:62,1,1,0
BRDA:62,2,0,0
BRDA:62,2,1,0
BRDA:65,3,0,0
BRDA:65,3,1,0
BRDA:72,4,0,0
BRDA:72,4,1,0
BRDA:72,4,2,0
BRDA:72,4,3,0
BRDA:72,4,4,0
BRDA:72,4,5,0
BRDA:81,5,0,0
BRDA:81,5,1,0
BRDA:81,6,0,0
BRDA:81,6,1,0
BRDA:89,7,0,0
BRDA:89,7,1,0
BRDA:93,8,0,0
BRDA:93,8,1,0
BRDA:95,9,0,0
BRDA:95,9,1,0
BRDA:109,10,0,0
BRDA:109,10,1,0
BRDA:112,11,0,0
BRDA:112,11,1,0
BRDA:140,12,0,0
BRDA:140,12,1,0
BRDA:142,13,0,0
BRDA:142,13,1,0
BRF:32
BRH:0
end_of_record
TN:
SF:src/components/DurationStats.tsx
FN:11,DurationStats
FN:17,(anonymous_2)
FNF:2
FNH:0
FNDA:0,DurationStats
FNDA:0,(anonymous_2)
DA:3,0
DA:4,0
DA:5,0
DA:6,0
DA:7,0
DA:8,0
DA:9,0
DA:11,0
DA:12,0
DA:13,0
DA:14,0
DA:15,0
DA:17,0
DA:18,0
DA:19,0
DA:21,0
DA:24,0
DA:25,0
DA:28,0
LF:19
LH:0
BRDA:15,0,0,0
BRDA:15,0,1,0
BRDA:18,1,0,0
BRDA:18,1,1,0
BRDA:18,2,0,0
BRDA:18,2,1,0
BRDA:24,3,0,0
BRDA:24,3,1,0
BRDA:28,4,0,0
BRDA:28,4,1,0
BRDA:28,5,0,0
BRDA:28,5,1,0
BRDA:59,6,0,0
BRDA:59,6,1,0
BRDA:61,7,0,0
BRDA:61,7,1,0
BRDA:67,8,0,0
BRDA:67,8,1,0
BRDA:74,9,0,0
BRDA:74,9,1,0
BRDA:80,10,0,0
BRDA:80,10,1,0
BRDA:87,11,0,0
BRDA:87,11,1,0
BRDA:93,12,0,0
BRDA:93,12,1,0
BRDA:100,13,0,0
BRDA:100,13,1,0
BRDA:106,14,0,0
BRDA:106,14,1,0
BRDA:110,15,0,0
BRF:31
BRH:0
end_of_record
TN:
SF:src/components/ErrorBoundary.tsx
FN:18,(anonymous_4)
FN:23,(anonymous_5)
FN:27,(anonymous_6)
FN:31,(anonymous_7)
FN:43,ErrorFallback
FN:47,(anonymous_9)
FN:53,(anonymous_10)
FNF:7
FNH:2
FNDA:8,(anonymous_4)
FNDA:0,(anonymous_5)
FNDA:0,(anonymous_6)
FNDA:8,(anonymous_7)
FNDA:0,ErrorFallback
FNDA:0,(anonymous_9)
FNDA:0,(anonymous_10)
DA:3,3
DA:4,3
DA:5,3
DA:17,8
DA:19,8
DA:20,8
DA:24,0
DA:28,0
DA:32,8
DA:33,0
DA:34,0
DA:39,8
DA:44,0
DA:45,0
DA:47,0
DA:48,0
DA:49,0
DA:53,0
DA:54,0
DA:55,0
DA:56,0
LF:21
LH:8
BRDA:32,0,0,0
BRDA:32,0,1,8
BRDA:33,1,0,0
BRDA:33,1,1,0
BRDA:48,2,0,0
BRDA:48,2,1,0
BRDA:54,3,0,0
BRDA:54,3,1,0
BRDA:62,4,0,0
BRDA:62,4,1,0
BRDA:65,5,0,0
BRDA:65,5,1,0
BRDA:69,6,0,0
BRDA:69,6,1,0
BRDA:69,7,0,0
BRDA:69,7,1,0
BRDA:74,8,0,0
BRDA:74,8,1,0
BRDA:76,9,0,0
BRDA:76,9,1,0
BRDA:79,10,0,0
BRDA:79,10,1,0
BRDA:81,11,0,0
BRDA:81,11,1,0
BRDA:86,12,0,0
BRDA:86,12,1,0
BRDA:91,13,0,0
BRDA:91,13,1,0
BRDA:98,14,0,0
BRDA:98,14,1,0
BRDA:101,15,0,0
BRDA:101,15,1,0
BRDA:103,16,0,0
BRDA:103,16,1,0
BRDA:107,17,0,0
BRDA:107,17,1,0
BRDA:109,18,0,0
BRDA:109,18,1,0
BRF:38
BRH:1
end_of_record
TN:
SF:src/components/ExportDialog.tsx
FN:18,ExportDialog
FN:32,(anonymous_2)
FN:85,(anonymous_3)
FN:118,(anonymous_4)
FN:129,(anonymous_5)
FN:140,(anonymous_6)
FN:159,(anonymous_7)
FN:179,(anonymous_8)
FN:190,(anonymous_9)
FNF:9
FNH:0
FNDA:0,ExportDialog
FNDA:0,(anonymous_2)
FNDA:0,(anonymous_3)
FNDA:0,(anonymous_4)
FNDA:0,(anonymous_5)
FNDA:0,(anonymous_6)
FNDA:0,(anonymous_7)
FNDA:0,(anonymous_8)
FNDA:0,(anonymous_9)
DA:3,0
DA:4,0
DA:5,0
DA:6,0
DA:7,0
DA:8,0
DA:9,0
DA:10,0
DA:11,0
DA:18,0
DA:19,0
DA:20,0
DA:21,0
DA:22,0
DA:23,0
DA:24,0
DA:25,0
DA:26,0
DA:27,0
DA:28,0
DA:30,0
DA:32,0
DA:33,0
DA:34,0
DA:37,0
DA:38,0
DA:39,0
DA:40,0
DA:41,0
DA:43,0
DA:47,0
DA:48,0
DA:52,0
DA:53,0
DA:59,0
DA:65,0
DA:66,0
DA:67,0
DA:68,0
DA:69,0
DA:70,0
DA:71,0
DA:72,0
DA:73,0
DA:76,0
DA:78,0
DA:79,0
DA:81,0
DA:85,0
DA:86,0
DA:87,0
DA:118,0
DA:129,0
DA:140,0
DA:159,0
DA:179,0
DA:190,0
DA:223,0
LF:58
LH:0
BRDA:30,0,0,0
BRDA:30,0,1,0
BRDA:37,1,0,0
BRDA:37,1,1,0
BRDA:38,2,0,0
BRDA:38,2,1,0
BRDA:38,3,0,0
BRDA:38,3,1,0
BRDA:47,4,0,0
BRDA:47,4,1,0
BRDA:52,5,0,0
BRDA:52,5,1,0
BRDA:65,6,0,0
BRDA:65,6,1,0
BRDA:68,7,0,0
BRDA:68,7,1,0
BRDA:71,8,0,0
BRDA:71,8,1,0
BRDA:86,9,0,0
BRDA:86,9,1,0
BRDA:93,10,0,0
BRDA:93,10,1,0
BRDA:93,11,0,0
BRDA:93,11,1,0
BRDA:100,12,0,0
BRDA:100,12,1,0
BRDA:102,13,0,0
BRDA:102,13,1,0
BRDA:105,14,0,0
BRDA:105,14,1,0
BRDA:115,15,0,0
BRDA:115,15,1,0
BRDA:120,16,0,0
BRDA:120,16,1,0
BRDA:131,17,0,0
BRDA:131,17,1,0
BRDA:142,18,0,0
BRDA:142,18,1,0
BRDA:170,19,0,0
BRDA:200,20,0,0
BRDA:200,20,1,0
BRDA:205,21,0,0
BRDA:205,21,1,0
BRDA:213,22,0,0
BRDA:213,22,1,0
BRDA:215,23,0,0
BRDA:215,23,1,0
BRF:47
BRH:0
end_of_record
TN:
SF:src/components/Footer.tsx
FN:6,Footer
FNF:1
FNH:0
FNDA:0,Footer
DA:3,0
DA:4,0
DA:6,0
DA:7,0
DA:8,0
DA:13,0
LF:6
LH:0
BRDA:13,0,0,0
BRDA:13,0,1,0
BRF:2
BRH:0
end_of_record
TN:
SF:src/components/Header.tsx
FN:12,Header
FNF:1
FNH:0
FNDA:0,Header
DA:3,0
DA:4,0
DA:5,0
DA:6,0
DA:7,0
DA:8,0
DA:9,0
DA:10,0
DA:12,0
DA:13,0
DA:14,0
LF:11
LH:0
BRDA:30,0,0,0
BRDA:30,0,1,0
BRDA:35,1,0,0
BRDA:35,1,1,0
BRDA:35,2,0,0
BRDA:35,2,1,0
BRDA:44,3,0,0
BRDA:44,3,1,0
BRDA:49,4,0,0
BRDA:49,4,1,0
BRDA:49,5,0,0
BRDA:49,5,1,0
BRDA:58,6,0,0
BRDA:58,6,1,0
BRDA:63,7,0,0
BRDA:63,7,1,0
BRDA:63,8,0,0
BRDA:63,8,1,0
BRDA:72,9,0,0
BRDA:72,9,1,0
BRDA:77,10,0,0
BRDA:77,10,1,0
BRDA:77,11,0,0
BRDA:77,11,1,0
BRDA:85,12,0,0
BRF:25
BRH:0
end_of_record
TN:
SF:src/components/InstallPrompt.tsx
FN:11,InstallPrompt
FN:16,(anonymous_2)
FN:17,(anonymous_3)
FN:21,(anonymous_4)
FN:31,(anonymous_5)
FN:36,(anonymous_6)
FN:49,(anonymous_7)
FN:56,(anonymous_8)
FNF:8
FNH:4
FNDA:16,InstallPrompt
FNDA:8,(anonymous_2)
FNDA:0,(anonymous_3)
FNDA:0,(anonymous_4)
FNDA:8,(anonymous_5)
FNDA:0,(anonymous_6)
FNDA:0,(anonymous_7)
FNDA:8,(anonymous_8)
DA:3,3
DA:4,3
DA:11,8
DA:12,16
DA:13,16
DA:14,16
DA:16,16
DA:17,8
DA:18,0
DA:19,0
DA:21,0
DA:24,8
DA:27,8
DA:28,0
DA:31,8
DA:32,8
DA:36,16
DA:37,0
DA:39,0
DA:40,0
DA:42,0
DA:43,0
DA:46,0
DA:49,16
DA:50,0
DA:52,0
DA:56,16
DA:57,8
DA:58,0
DA:62,16
LF:30
LH:17
BRDA:27,0,0,0
BRDA:27,0,1,8
BRDA:37,1,0,0
BRDA:37,1,1,0
BRDA:42,2,0,0
BRDA:42,2,1,0
BRDA:57,3,0,0
BRDA:57,3,1,8
BRDA:62,4,0,16
BRDA:62,4,1,0
BRDA:62,5,0,16
BRDA:62,5,1,0
BRF:12
BRH:4
end_of_record
TN:
SF:src/components/KeyboardShortcuts.tsx
FN:19,useKeyboardShortcuts
FN:24,KeyboardShortcuts
FN:30,(anonymous_5)
FN:37,(anonymous_6)
FN:43,(anonymous_7)
FN:49,(anonymous_8)
FN:55,(anonymous_9)
FN:61,(anonymous_10)
FN:67,(anonymous_11)
FN:73,(anonymous_12)
FN:73,(anonymous_13)
FN:79,(anonymous_14)
FN:91,(anonymous_15)
FN:106,(anonymous_16)
FN:116,(anonymous_17)
FN:127,(anonymous_18)
FN:137,(anonymous_19)
FN:151,(anonymous_20)
FN:161,(anonymous_21)
FN:171,(anonymous_22)
FN:211,(anonymous_23)
FN:215,(anonymous_24)
FN:222,(anonymous_25)
FN:236,(anonymous_26)
FN:257,(anonymous_27)
FN:278,(anonymous_28)
FNF:26
FNH:4
FNDA:0,useKeyboardShortcuts
FNDA:16,KeyboardShortcuts
FNDA:16,(anonymous_5)
FNDA:0,(anonymous_6)
FNDA:0,(anonymous_7)
FNDA:0,(anonymous_8)
FNDA:0,(anonymous_9)
FNDA:0,(anonymous_10)
FNDA:0,(anonymous_11)
FNDA:0,(anonymous_12)
FNDA:0,(anonymous_13)
FNDA:0,(anonymous_14)
FNDA:5,(anonymous_15)
FNDA:0,(anonymous_16)
FNDA:0,(anonymous_17)
FNDA:0,(anonymous_18)
FNDA:0,(anonymous_19)
FNDA:0,(anonymous_20)
FNDA:16,(anonymous_21)
FNDA:0,(anonymous_22)
FNDA:0,(anonymous_23)
FNDA:0,(anonymous_24)
FNDA:0,(anonymous_25)
FNDA:0,(anonymous_26)
FNDA:0,(anonymous_27)
FNDA:0,(anonymous_28)
DA:3,3
DA:4,3
DA:5,3
DA:6,3
DA:15,3
DA:19,0
DA:20,0
DA:21,0
DA:24,8
DA:25,16
DA:26,16
DA:27,16
DA:28,16
DA:30,16
DA:31,16
DA:33,16
DA:37,0
DA:43,0
DA:49,0
DA:55,0
DA:61,0
DA:67,0
DA:73,0
DA:81,0
DA:82,0
DA:88,16
DA:89,16
DA:91,16
DA:93,5
DA:94,5
DA:101,5
DA:105,0
DA:106,0
DA:107,0
DA:108,0
DA:110,0
DA:114,0
DA:115,0
DA:116,0
DA:117,0
DA:118,0
DA:120,0
DA:124,0
DA:125,0
DA:126,0
DA:127,0
DA:128,0
DA:130,0
DA:134,0
DA:135,0
DA:136,0
DA:137,0
DA:138,0
DA:139,0
DA:141,0
DA:142,0
DA:143,0
DA:144,0
DA:146,0
DA:150,0
DA:151,0
DA:152,0
DA:153,0
DA:154,0
DA:159,16
DA:161,16
DA:162,16
DA:163,16
DA:164,0
DA:170,16
DA:171,0
DA:174,16
DA:175,0
DA:178,16
DA:186,0
DA:211,0
DA:215,0
DA:222,0
DA:237,0
DA:258,0
DA:279,0
LF:81
LH:26
BRDA:31,0,0,0
BRDA:31,0,1,16
BRDA:36,1,0,8
BRDA:36,1,1,8
BRDA:42,2,0,8
BRDA:42,2,1,8
BRDA:48,3,0,8
BRDA:48,3,1,8
BRDA:54,4,0,8
BRDA:54,4,1,8
BRDA:60,5,0,8
BRDA:60,5,1,8
BRDA:66,6,0,8
BRDA:66,6,1,8
BRDA:72,7,0,8
BRDA:72,7,1,8
BRDA:78,8,0,8
BRDA:78,8,1,8
BRDA:94,9,0,5
BRDA:94,9,1,0
BRDA:95,10,0,5
BRDA:95,10,1,0
BRDA:95,10,2,0
BRDA:95,10,3,0
BRDA:95,10,4,0
BRDA:105,11,0,0
BRDA:105,11,1,0
BRDA:107,12,0,0
BRDA:107,12,1,0
BRDA:114,13,0,0
BRDA:114,13,1,0
BRDA:114,14,0,0
BRDA:114,14,1,0
BRDA:114,14,2,0
BRDA:114,14,3,0
BRDA:114,14,4,0
BRDA:117,15,0,0
BRDA:117,15,1,0
BRDA:124,16,0,0
BRDA:124,16,1,0
BRDA:124,17,0,0
BRDA:124,17,1,0
BRDA:124,17,2,0
BRDA:124,17,3,0
BRDA:124,17,4,0
BRDA:134,18,0,0
BRDA:134,18,1,0
BRDA:134,19,0,0
BRDA:134,19,1,0
BRDA:138,20,0,0
BRDA:138,20,1,0
BRDA:142,21,0,0
BRDA:142,21,1,0
BRDA:150,22,0,0
BRDA:150,22,1,0
BRDA:150,23,0,0
BRDA:150,23,1,0
BRDA:150,23,2,0
BRDA:150,23,3,0
BRDA:150,23,4,0
BRDA:151,24,0,0
BRDA:151,24,1,0
BRDA:152,25,0,0
BRDA:152,25,1,0
BRDA:163,26,0,0
BRDA:163,26,1,16
BRDA:174,27,0,0
BRDA:174,27,1,16
BRDA:178,28,0,16
BRDA:178,28,1,0
BRDA:188,29,0,0
BRDA:188,29,1,0
BRDA:189,30,0,0
BRDA:189,30,1,0
BRDA:192,31,0,0
BRDA:192,31,1,0
BRDA:194,32,0,0
BRDA:194,32,1,0
BRDA:197,33,0,0
BRDA:197,33,1,0
BRDA:200,34,0,0
BRDA:200,34,1,0
BRDA:202,35,0,0
BRDA:202,35,1,0
BRDA:203,36,0,0
BRDA:203,36,1,0
BRDA:219,37,0,0
BRDA:219,37,1,0
BRDA:224,38,0,0
BRDA:224,38,1,0
BRDA:233,39,0,0
BRDA:233,39,1,0
BRDA:254,40,0,0
BRDA:254,40,1,0
BRDA:275,41,0,0
BRDA:275,41,1,0
BRDA:297,42,0,0
BRDA:297,42,1,0
BRF:98
BRH:22
end_of_record
TN:
SF:src/components/LanguageToggle.tsx
FN:5,LanguageToggle
FN:14,(anonymous_2)
FN:19,(anonymous_3)
FNF:3
FNH:0
FNDA:0,LanguageToggle
FNDA:0,(anonymous_2)
FNDA:0,(anonymous_3)
DA:3,0
DA:5,0
DA:6,0
DA:7,0
DA:15,0
DA:19,0
LF:6
LH:0
BRDA:18,0,0,0
BRDA:18,0,1,0
BRF:2
BRH:0
end_of_record
TN:
SF:src/components/LevelDisplay.tsx
FN:7,LevelDisplay
FNF:1
FNH:0
FNDA:0,LevelDisplay
DA:3,0
DA:4,0
DA:5,0
DA:7,0
DA:8,0
DA:9,0
DA:11,0
DA:12,0
DA:15,0
DA:16,0
DA:17,0
LF:11
LH:0
BRDA:11,0,0,0
BRDA:11,0,1,0
BRDA:44,1,0,0
BRF:3
BRH:0
end_of_record
TN:
SF:src/components/LoadingSkeleton.tsx
FN:3,ActivityListSkeleton
FN:6,(anonymous_8)
FN:27,StatsCardSkeleton
FN:39,StatsHighlightsSkeleton
FN:42,(anonymous_11)
FN:49,ChallengeCardSkeleton
FN:71,BadgeCardSkeleton
FN:87,PageSkeleton
FNF:8
FNH:0
FNDA:0,ActivityListSkeleton
FNDA:0,(anonymous_8)
FNDA:0,StatsCardSkeleton
FNDA:0,StatsHighlightsSkeleton
FNDA:0,(anonymous_11)
FNDA:0,ChallengeCardSkeleton
FNDA:0,BadgeCardSkeleton
FNDA:0,PageSkeleton
DA:3,0
DA:7,0
DA:27,0
DA:39,0
DA:43,0
DA:49,0
DA:71,0
DA:87,0
LF:8
LH:0
BRF:0
BRH:0
end_of_record
TN:
SF:src/components/Logo.tsx
FN:5,Logo
FNF:1
FNH:0
FNDA:0,Logo
DA:3,0
DA:5,0
DA:6,0
DA:8,0
LF:4
LH:0
BRDA:8,0,0,0
BRDA:8,0,1,0
BRF:2
BRH:0
end_of_record
TN:
SF:src/components/ManageActivitiesDialog.tsx
FN:11,slugify
FN:47,ManageActivitiesDialog
FN:53,(anonymous_3)
FN:55,(anonymous_4)
FN:67,(anonymous_5)
FN:67,(anonymous_6)
FN:72,(anonymous_7)
FN:72,(anonymous_8)
FN:78,resetForm
FN:84,openDialog
FN:89,closeDialog
FN:94,handleEdit
FN:112,handleDelete
FN:114,(anonymous_14)
FN:130,submit
FN:158,(anonymous_16)
FN:159,(anonymous_17)
FN:207,(anonymous_18)
FN:249,(anonymous_19)
FN:251,(anonymous_20)
FN:253,(anonymous_21)
FN:281,(anonymous_22)
FN:283,(anonymous_23)
FN:285,(anonymous_24)
FN:308,(anonymous_25)
FN:308,(anonymous_26)
FN:321,(anonymous_27)
FN:322,(anonymous_28)
FN:338,(anonymous_29)
FN:339,(anonymous_30)
FN:366,(anonymous_31)
FN:368,(anonymous_32)
FN:370,(anonymous_33)
FN:398,(anonymous_34)
FN:400,(anonymous_35)
FN:402,(anonymous_36)
FN:432,(anonymous_37)
FN:434,(anonymous_38)
FN:436,(anonymous_39)
FN:459,(anonymous_40)
FN:461,(anonymous_41)
FN:463,(anonymous_42)
FN:476,(anonymous_43)
FN:517,(anonymous_44)
FN:535,(anonymous_45)
FN:541,(anonymous_46)
FN:556,(anonymous_47)
FN:574,(anonymous_48)
FNF:48
FNH:0
FNDA:0,slugify
FNDA:0,ManageActivitiesDialog
FNDA:0,(anonymous_3)
FNDA:0,(anonymous_4)
FNDA:0,(anonymous_5)
FNDA:0,(anonymous_6)
FNDA:0,(anonymous_7)
FNDA:0,(anonymous_8)
FNDA:0,resetForm
FNDA:0,openDialog
FNDA:0,closeDialog
FNDA:0,handleEdit
FNDA:0,handleDelete
FNDA:0,(anonymous_14)
FNDA:0,submit
FNDA:0,(anonymous_16)
FNDA:0,(anonymous_17)
FNDA:0,(anonymous_18)
FNDA:0,(anonymous_19)
FNDA:0,(anonymous_20)
FNDA:0,(anonymous_21)
FNDA:0,(anonymous_22)
FNDA:0,(anonymous_23)
FNDA:0,(anonymous_24)
FNDA:0,(anonymous_25)
FNDA:0,(anonymous_26)
FNDA:0,(anonymous_27)
FNDA:0,(anonymous_28)
FNDA:0,(anonymous_29)
FNDA:0,(anonymous_30)
FNDA:0,(anonymous_31)
FNDA:0,(anonymous_32)
FNDA:0,(anonymous_33)
FNDA:0,(anonymous_34)
FNDA:0,(anonymous_35)
FNDA:0,(anonymous_36)
FNDA:0,(anonymous_37)
FNDA:0,(anonymous_38)
FNDA:0,(anonymous_39)
FNDA:0,(anonymous_40)
FNDA:0,(anonymous_41)
FNDA:0,(anonymous_42)
FNDA:0,(anonymous_43)
FNDA:0,(anonymous_44)
FNDA:0,(anonymous_45)
FNDA:0,(anonymous_46)
FNDA:0,(anonymous_47)
FNDA:0,(anonymous_48)
DA:3,0
DA:4,0
DA:5,0
DA:7,0
DA:8,0
DA:9,0
DA:12,0
DA:34,0
DA:47,0
DA:48,0
DA:49,0
DA:50,0
DA:51,0
DA:52,0
DA:53,0
DA:54,0
DA:55,0
DA:56,0
DA:57,0
DA:58,0
DA:61,0
DA:62,0
DA:63,0
DA:64,0
DA:66,0
DA:67,0
DA:71,0
DA:72,0
DA:76,0
DA:79,0
DA:80,0
DA:81,0
DA:85,0
DA:86,0
DA:90,0
DA:91,0
DA:95,0
DA:96,0
DA:97,0
DA:109,0
DA:114,0
DA:115,0
DA:116,0
DA:117,0
DA:119,0
DA:120,0
DA:121,0
DA:123,0
DA:124,0
DA:125,0
DA:126,0
DA:131,0
DA:132,0
DA:133,0
DA:134,0
DA:135,0
DA:137,0
DA:138,0
DA:139,0
DA:141,0
DA:142,0
DA:143,0
DA:145,0
DA:146,0
DA:147,0
DA:149,0
DA:150,0
DA:151,0
DA:152,0
DA:155,0
DA:156,0
DA:158,0
DA:159,0
DA:160,0
DA:161,0
DA:162,0
DA:167,0
DA:168,0
DA:169,0
DA:171,0
DA:184,0
DA:185,0
DA:187,0
DA:189,0
DA:190,0
DA:208,0
DA:209,0
DA:250,0
DA:251,0
DA:253,0
DA:282,0
DA:283,0
DA:285,0
DA:308,0
DA:322,0
DA:339,0
DA:367,0
DA:368,0
DA:370,0
DA:399,0
DA:400,0
DA:402,0
DA:433,0
DA:434,0
DA:436,0
DA:460,0
DA:461,0
DA:463,0
DA:477,0
DA:478,0
DA:479,0
DA:480,0
DA:483,0
DA:518,0
DA:535,0
DA:541,0
DA:557,0
DA:574,0
LF:118
LH:0
BRDA:13,0,0,0
BRDA:13,0,1,0
BRDA:55,1,0,0
BRDA:55,1,1,0
BRDA:56,2,0,0
BRDA:56,2,1,0
BRDA:95,3,0,0
BRDA:95,3,1,0
BRDA:100,4,0,0
BRDA:100,4,1,0
BRDA:103,5,0,0
BRDA:103,5,1,0
BRDA:106,6,0,0
BRDA:106,6,1,0
BRDA:107,7,0,0
BRDA:107,7,1,0
BRDA:115,8,0,0
BRDA:115,8,1,0
BRDA:119,9,0,0
BRDA:119,9,1,0
BRDA:123,10,0,0
BRDA:123,10,1,0
BRDA:125,11,0,0
BRDA:125,11,1,0
BRDA:133,12,0,0
BRDA:133,12,1,0
BRDA:137,13,0,0
BRDA:137,13,1,0
BRDA:141,14,0,0
BRDA:141,14,1,0
BRDA:145,15,0,0
BRDA:145,15,1,0
BRDA:145,16,0,0
BRDA:145,16,1,0
BRDA:150,17,0,0
BRDA:150,17,1,0
BRDA:150,18,0,0
BRDA:150,18,1,0
BRDA:155,19,0,0
BRDA:155,19,1,0
BRDA:156,20,0,0
BRDA:156,20,1,0
BRDA:158,21,0,0
BRDA:158,21,1,0
BRDA:160,22,0,0
BRDA:160,22,1,0
BRDA:167,23,0,0
BRDA:167,23,1,0
BRDA:168,24,0,0
BRDA:168,24,1,0
BRDA:169,25,0,0
BRDA:169,25,1,0
BRDA:169,25,2,0
BRDA:174,26,0,0
BRDA:174,26,1,0
BRDA:177,27,0,0
BRDA:177,27,1,0
BRDA:180,28,0,0
BRDA:180,28,1,0
BRDA:184,29,0,0
BRDA:184,29,1,0
BRDA:198,30,0,0
BRDA:198,30,1,0
BRDA:204,31,0,0
BRDA:204,31,1,0
BRDA:208,32,0,0
BRDA:208,32,1,0
BRDA:235,33,0,0
BRDA:235,33,1,0
BRDA:239,34,0,0
BRDA:239,34,1,0
BRDA:243,35,0,0
BRDA:243,35,1,0
BRDA:248,36,0,0
BRDA:248,36,1,0
BRDA:250,37,0,0
BRDA:250,37,1,0
BRDA:256,38,0,0
BRDA:256,38,1,0
BRDA:258,39,0,0
BRDA:258,39,1,0
BRDA:263,40,0,0
BRDA:263,40,1,0
BRDA:263,40,2,0
BRDA:271,41,0,0
BRDA:271,41,1,0
BRDA:275,42,0,0
BRDA:275,42,1,0
BRDA:280,43,0,0
BRDA:280,43,1,0
BRDA:282,44,0,0
BRDA:282,44,1,0
BRDA:288,45,0,0
BRDA:288,45,1,0
BRDA:289,46,0,0
BRDA:289,46,1,0
BRDA:292,47,0,0
BRDA:292,47,1,0
BRDA:292,47,2,0
BRDA:352,48,0,0
BRDA:352,48,1,0
BRDA:356,49,0,0
BRDA:356,49,1,0
BRDA:360,50,0,0
BRDA:360,50,1,0
BRDA:365,51,0,0
BRDA:365,51,1,0
BRDA:367,52,0,0
BRDA:367,52,1,0
BRDA:373,53,0,0
BRDA:373,53,1,0
BRDA:375,54,0,0
BRDA:375,54,1,0
BRDA:380,55,0,0
BRDA:380,55,1,0
BRDA:380,55,2,0
BRDA:388,56,0,0
BRDA:388,56,1,0
BRDA:392,57,0,0
BRDA:392,57,1,0
BRDA:397,58,0,0
BRDA:397,58,1,0
BRDA:399,59,0,0
BRDA:399,59,1,0
BRDA:405,60,0,0
BRDA:405,60,1,0
BRDA:406,61,0,0
BRDA:406,61,1,0
BRDA:409,62,0,0
BRDA:409,62,1,0
BRDA:409,62,2,0
BRDA:419,63,0,0
BRDA:419,63,1,0
BRDA:423,64,0,0
BRDA:423,64,1,0
BRDA:427,65,0,0
BRDA:427,65,1,0
BRDA:431,66,0,0
BRDA:431,66,1,0
BRDA:433,67,0,0
BRDA:433,67,1,0
BRDA:439,68,0,0
BRDA:439,68,1,0
BRDA:440,69,0,0
BRDA:440,69,1,0
BRDA:442,70,0,0
BRDA:442,70,1,0
BRDA:450,71,0,0
BRDA:450,71,1,0
BRDA:454,72,0,0
BRDA:454,72,1,0
BRDA:458,73,0,0
BRDA:458,73,1,0
BRDA:460,74,0,0
BRDA:460,74,1,0
BRDA:466,75,0,0
BRDA:466,75,1,0
BRDA:467,76,0,0
BRDA:467,76,1,0
BRDA:469,77,0,0
BRDA:469,77,1,0
BRDA:480,78,0,0
BRDA:480,78,1,0
BRDA:481,79,0,0
BRDA:481,79,1,0
BRDA:482,80,0,0
BRDA:482,80,1,0
BRDA:483,81,0,0
BRDA:483,81,1,0
BRDA:489,82,0,0
BRDA:489,82,1,0
BRDA:502,83,0,0
BRDA:502,83,1,0
BRDA:512,84,0,0
BRDA:524,85,0,0
BRDA:563,86,0,0
BRF:176
BRH:0
end_of_record
TN:
SF:src/components/NotificationManager.tsx
FN:11,NotificationManager
FN:18,(anonymous_2)
FN:34,(anonymous_3)
FN:45,(anonymous_4)
FN:60,(anonymous_5)
FN:66,(anonymous_6)
FNF:6
FNH:3
FNDA:17,NotificationManager
FNDA:16,(anonymous_2)
FNDA:0,(anonymous_3)
FNDA:0,(anonymous_4)
FNDA:0,(anonymous_5)
FNDA:16,(anonymous_6)
DA:3,3
DA:4,3
DA:5,3
DA:6,3
DA:7,3
DA:8,3
DA:9,3
DA:11,8
DA:12,17
DA:13,17
DA:15,17
DA:16,17
DA:18,17
DA:19,16
DA:22,16
DA:23,16
DA:24,16
DA:25,16
DA:26,0
DA:29,0
DA:33,16
DA:34,0
DA:35,0
DA:40,16
DA:45,0
DA:46,0
DA:47,0
DA:48,0
DA:49,0
DA:51,0
DA:52,0
DA:53,0
DA:57,0
DA:58,0
DA:60,0
DA:61,0
DA:62,0
DA:66,16
DA:67,16
DA:71,17
LF:40
LH:23
BRDA:15,0,0,0
BRDA:15,0,1,17
BRDA:15,1,0,17
BRDA:15,1,1,0
BRDA:19,2,0,0
BRDA:19,2,1,16
BRDA:25,3,0,0
BRDA:25,3,1,16
BRDA:33,4,0,0
BRDA:33,4,1,16
BRDA:33,5,0,16
BRDA:33,5,1,0
BRDA:40,6,0,0
BRDA:40,6,1,16
BRDA:41,7,0,16
BRDA:41,7,1,0
BRDA:41,7,2,0
BRDA:52,8,0,0
BRDA:52,8,1,0
BRF:19
BRH:8
end_of_record
TN:
SF:src/components/NotificationSettings.tsx
FN:15,NotificationSettings
FN:26,(anonymous_2)
FN:43,(anonymous_3)
FN:50,(anonymous_4)
FN:62,(anonymous_5)
FN:74,(anonymous_6)
FN:103,(anonymous_7)
FN:138,(anonymous_8)
FN:156,(anonymous_9)
FN:169,(anonymous_10)
FN:192,(anonymous_11)
FN:212,(anonymous_12)
FNF:12
FNH:0
FNDA:0,NotificationSettings
FNDA:0,(anonymous_2)
FNDA:0,(anonymous_3)
FNDA:0,(anonymous_4)
FNDA:0,(anonymous_5)
FNDA:0,(anonymous_6)
FNDA:0,(anonymous_7)
FNDA:0,(anonymous_8)
FNDA:0,(anonymous_9)
FNDA:0,(anonymous_10)
FNDA:0,(anonymous_11)
FNDA:0,(anonymous_12)
DA:3,0
DA:4,0
DA:5,0
DA:10,0
DA:11,0
DA:12,0
DA:13,0
DA:15,0
DA:16,0
DA:17,0
DA:18,0
DA:19,0
DA:20,0
DA:23,0
DA:24,0
DA:26,0
DA:27,0
DA:28,0
DA:29,0
DA:32,0
DA:33,0
DA:34,0
DA:35,0
DA:38,0
DA:43,0
DA:44,0
DA:45,0
DA:46,0
DA:49,0
DA:50,0
DA:51,0
DA:54,0
DA:57,0
DA:58,0
DA:62,0
DA:63,0
DA:64,0
DA:66,0
DA:67,0
DA:68,0
DA:70,0
DA:74,0
DA:78,0
DA:79,0
DA:82,0
DA:103,0
DA:138,0
DA:156,0
DA:169,0
DA:193,0
DA:212,0
LF:51
LH:0
BRDA:27,0,0,0
BRDA:27,0,1,0
BRDA:34,1,0,0
BRDA:34,1,1,0
BRDA:49,2,0,0
BRDA:49,2,1,0
BRDA:49,3,0,0
BRDA:49,3,1,0
BRDA:66,4,0,0
BRDA:66,4,1,0
BRDA:82,5,0,0
BRDA:82,5,1,0
BRDA:105,6,0,0
BRDA:105,6,1,0
BRDA:112,7,0,0
BRDA:112,7,1,0
BRDA:118,8,0,0
BRDA:128,9,0,0
BRDA:128,9,1,0
BRDA:140,10,0,0
BRDA:140,10,1,0
BRDA:147,11,0,0
BRDA:147,11,1,0
BRDA:152,12,0,0
BRDA:171,13,0,0
BRDA:171,13,1,0
BRDA:178,14,0,0
BRDA:178,14,1,0
BRDA:196,15,0,0
BRDA:196,15,1,0
BRDA:203,16,0,0
BRDA:203,16,1,0
BRDA:208,17,0,0
BRF:33
BRH:0
end_of_record
TN:
SF:src/components/OnboardingManager.tsx
FN:11,OnboardingManager
FN:19,(anonymous_2)
FN:29,(anonymous_3)
FN:35,(anonymous_4)
FN:42,(anonymous_5)
FN:50,(anonymous_6)
FN:53,(anonymous_7)
FN:63,(anonymous_8)
FN:74,(anonymous_9)
FNF:9
FNH:5
FNDA:28,OnboardingManager
FNDA:17,(anonymous_2)
FNDA:7,(anonymous_3)
FNDA:0,(anonymous_4)
FNDA:0,(anonymous_5)
FNDA:0,(anonymous_6)
FNDA:0,(anonymous_7)
FNDA:2,(anonymous_8)
FNDA:2,(anonymous_9)
DA:3,3
DA:4,3
DA:5,3
DA:6,3
DA:7,3
DA:8,3
DA:9,3
DA:11,8
DA:12,28
DA:13,28
DA:14,28
DA:15,28
DA:16,28
DA:17,28
DA:19,28
DA:20,17
DA:23,9
DA:24,9
DA:26,9
DA:27,9
DA:29,9
DA:30,7
DA:35,28
DA:36,0
DA:37,0
DA:38,0
DA:39,0
DA:42,28
DA:43,0
DA:44,0
DA:45,0
DA:46,0
DA:50,28
DA:51,0
DA:52,0
DA:53,0
DA:54,0
DA:59,28
DA:60,28
DA:63,28
DA:64,2
DA:76,2
DA:152,28
DA:153,26
LF:44
LH:32
BRDA:20,0,0,8
BRDA:20,0,1,9
BRDA:20,1,0,17
BRDA:20,1,1,9
BRDA:24,2,0,9
BRDA:24,2,1,0
BRDA:26,3,0,9
BRDA:26,3,1,0
BRDA:26,4,0,9
BRDA:26,4,1,9
BRDA:59,5,0,28
BRDA:59,5,1,0
BRDA:68,6,0,0
BRDA:68,6,1,2
BRDA:70,7,0,0
BRDA:70,7,1,2
BRDA:82,8,0,0
BRDA:82,8,1,2
BRDA:84,9,0,0
BRDA:84,9,1,2
BRDA:92,10,0,0
BRDA:92,10,1,2
BRDA:94,11,0,0
BRDA:94,11,1,2
BRDA:102,12,0,0
BRDA:102,12,1,2
BRDA:104,13,0,0
BRDA:104,13,1,2
BRDA:112,14,0,0
BRDA:112,14,1,2
BRDA:114,15,0,0
BRDA:114,15,1,2
BRDA:122,16,0,0
BRDA:122,16,1,2
BRDA:124,17,0,0
BRDA:124,17,1,2
BRDA:132,18,0,0
BRDA:132,18,1,2
BRDA:134,19,0,0
BRDA:134,19,1,2
BRDA:142,20,0,0
BRDA:142,20,1,2
BRDA:144,21,0,0
BRDA:144,21,1,2
BRDA:152,22,0,26
BRDA:152,22,1,2
BRDA:152,23,0,28
BRDA:152,23,1,2
BRF:48
BRH:29
end_of_record
TN:
SF:src/components/OnboardingTour.tsx
FN:24,OnboardingTour
FN:43,(anonymous_2)
FN:45,(anonymous_3)
FN:51,(anonymous_4)
FN:62,(anonymous_5)
FN:71,(anonymous_6)
FN:81,(anonymous_7)
FN:95,(anonymous_8)
FN:116,(anonymous_9)
FN:145,(anonymous_10)
FN:148,(anonymous_11)
FN:162,(anonymous_12)
FN:168,(anonymous_13)
FN:178,(anonymous_14)
FN:186,(anonymous_15)
FN:192,(anonymous_16)
FNF:16
FNH:6
FNDA:2,OnboardingTour
FNDA:2,(anonymous_2)
FNDA:2,(anonymous_3)
FNDA:0,(anonymous_4)
FNDA:0,(anonymous_5)
FNDA:2,(anonymous_6)
FNDA:2,(anonymous_7)
FNDA:0,(anonymous_8)
FNDA:0,(anonymous_9)
FNDA:2,(anonymous_10)
FNDA:0,(anonymous_11)
FNDA:0,(anonymous_12)
FNDA:0,(anonymous_13)
FNDA:0,(anonymous_14)
FNDA:0,(anonymous_15)
FNDA:0,(anonymous_16)
DA:3,3
DA:4,3
DA:5,3
DA:7,3
DA:24,2
DA:25,2
DA:26,2
DA:27,2
DA:28,2
DA:34,2
DA:35,2
DA:36,2
DA:37,2
DA:38,2
DA:40,2
DA:43,2
DA:45,2
DA:46,2
DA:47,0
DA:49,2
DA:51,2
DA:52,0
DA:53,0
DA:54,0
DA:59,2
DA:62,2
DA:63,0
DA:64,0
DA:67,2
DA:68,2
DA:69,2
DA:71,2
DA:72,2
DA:73,2
DA:75,2
DA:76,2
DA:77,2
DA:81,2
DA:82,2
DA:83,0
DA:84,0
DA:87,2
DA:90,2
DA:91,2
DA:95,2
DA:96,0
DA:99,0
DA:100,0
DA:103,0
DA:104,0
DA:105,0
DA:106,0
DA:108,0
DA:109,0
DA:110,0
DA:111,0
DA:113,0
DA:114,0
DA:115,0
DA:116,0
DA:117,0
DA:123,0
DA:124,0
DA:125,0
DA:127,0
DA:128,0
DA:131,0
DA:133,0
DA:134,0
DA:140,0
DA:145,2
DA:146,2
DA:148,0
DA:149,0
DA:150,0
DA:158,0
DA:159,0
DA:160,0
DA:162,0
DA:163,0
DA:164,0
DA:168,2
DA:169,0
DA:170,0
DA:178,2
DA:179,0
DA:180,0
DA:182,0
DA:186,2
DA:187,0
DA:188,0
DA:192,2
DA:193,0
DA:196,2
DA:197,2
DA:200,0
DA:203,0
DA:204,0
DA:205,0
DA:206,0
DA:209,0
DA:210,0
DA:211,0
DA:212,0
DA:214,0
DA:216,0
DA:222,0
DA:225,0
DA:226,0
DA:233,0
DA:240,0
DA:242,0
DA:248,0
DA:250,0
DA:256,0
DA:258,0
DA:264,0
DA:268,0
DA:269,0
DA:270,0
DA:271,0
DA:275,0
LF:122
LH:45
BRDA:46,0,0,0
BRDA:46,0,1,2
BRDA:53,1,0,0
BRDA:53,1,1,0
BRDA:72,2,0,2
BRDA:72,2,1,0
BRDA:82,3,0,0
BRDA:82,3,1,2
BRDA:90,4,0,2
BRDA:90,4,1,0
BRDA:103,5,0,0
BRDA:103,5,1,0
BRDA:105,6,0,0
BRDA:105,6,1,0
BRDA:108,7,0,0
BRDA:108,7,1,0
BRDA:110,8,0,0
BRDA:110,8,1,0
BRDA:113,9,0,0
BRDA:113,9,1,0
BRDA:115,10,0,0
BRDA:115,10,1,0
BRDA:123,11,0,0
BRDA:123,11,1,0
BRDA:128,12,0,0
BRDA:128,12,1,0
BRDA:131,13,0,0
BRDA:131,13,1,0
BRDA:131,14,0,0
BRDA:131,14,1,0
BRDA:146,15,0,2
BRDA:146,15,1,0
BRDA:179,16,0,0
BRDA:179,16,1,0
BRDA:187,17,0,0
BRDA:187,17,1,0
BRDA:196,18,0,2
BRDA:196,18,1,0
BRDA:196,19,0,2
BRDA:196,19,1,2
BRDA:200,20,0,0
BRDA:200,20,1,0
BRDA:200,21,0,0
BRDA:200,21,1,0
BRDA:205,22,0,0
BRDA:205,22,1,0
BRDA:206,23,0,0
BRDA:206,23,1,0
BRDA:214,24,0,0
BRDA:214,24,1,0
BRDA:214,24,2,0
BRDA:214,24,3,0
BRDA:214,24,4,0
BRDA:225,25,0,0
BRDA:225,25,1,0
BRDA:268,26,0,0
BRDA:268,26,1,0
BRDA:268,27,0,0
BRDA:268,27,1,0
BRDA:270,28,0,0
BRDA:270,28,1,0
BRDA:275,29,0,0
BRDA:275,29,1,0
BRDA:287,30,0,0
BRDA:306,31,0,0
BRDA:306,31,1,0
BRDA:309,32,0,0
BRDA:309,32,1,0
BRDA:315,33,0,0
BRDA:315,33,1,0
BRDA:327,34,0,0
BRDA:327,34,1,0
BRDA:335,35,0,0
BRDA:347,36,0,0
BRDA:347,36,1,0
BRF:75
BRH:8
end_of_record
TN:
SF:src/components/OnlineStatusIndicator.tsx
FN:7,OnlineStatusIndicator
FNF:1
FNH:1
FNDA:16,OnlineStatusIndicator
DA:3,3
DA:4,3
DA:5,3
DA:7,8
DA:8,16
DA:9,16
DA:10,16
DA:12,16
LF:8
LH:8
BRDA:12,0,0,16
BRDA:12,0,1,0
BRDA:16,1,0,0
BRDA:16,1,1,0
BRDA:23,2,0,0
BRDA:23,2,1,0
BRF:6
BRH:1
end_of_record
TN:
SF:src/components/PeriodComparison.tsx
FN:23,PeriodComparison
FN:33,(anonymous_2)
FN:38,(anonymous_3)
FN:43,(anonymous_4)
FN:180,(anonymous_5)
FN:304,(anonymous_6)
FNF:6
FNH:0
FNDA:0,PeriodComparison
FNDA:0,(anonymous_2)
FNDA:0,(anonymous_3)
FNDA:0,(anonymous_4)
FNDA:0,(anonymous_5)
FNDA:0,(anonymous_6)
DA:3,0
DA:4,0
DA:5,0
DA:6,0
DA:7,0
DA:8,0
DA:9,0
DA:10,0
DA:11,0
DA:21,0
DA:23,0
DA:24,0
DA:25,0
DA:26,0
DA:27,0
DA:28,0
DA:31,0
DA:33,0
DA:34,0
DA:35,0
DA:38,0
DA:39,0
DA:40,0
DA:43,0
DA:44,0
DA:45,0
DA:61,0
DA:62,0
DA:180,0
DA:304,0
LF:30
LH:0
BRDA:28,0,0,0
BRDA:28,0,1,0
BRDA:31,1,0,0
BRDA:31,1,1,0
BRDA:31,2,0,0
BRDA:31,2,1,0
BRDA:34,3,0,0
BRDA:34,3,1,0
BRDA:34,4,0,0
BRDA:34,4,1,0
BRDA:39,5,0,0
BRDA:39,5,1,0
BRDA:39,6,0,0
BRDA:39,6,1,0
BRDA:44,7,0,0
BRDA:44,7,1,0
BRDA:45,8,0,0
BRDA:45,8,1,0
BRDA:46,9,0,0
BRDA:46,9,1,0
BRDA:49,10,0,0
BRDA:49,10,1,0
BRDA:55,11,0,0
BRDA:55,11,1,0
BRDA:61,12,0,0
BRDA:61,12,1,0
BRDA:61,13,0,0
BRDA:61,13,1,0
BRDA:61,13,2,0
BRDA:77,14,0,0
BRDA:85,15,0,0
BRDA:85,15,1,0
BRDA:92,16,0,0
BRDA:92,16,1,0
BRDA:126,17,0,0
BRDA:126,17,1,0
BRDA:157,18,0,0
BRDA:157,18,1,0
BRDA:177,19,0,0
BRDA:177,19,1,0
BRDA:178,20,0,0
BRDA:178,20,1,0
BRDA:181,21,0,0
BRDA:181,21,1,0
BRDA:201,22,0,0
BRDA:209,23,0,0
BRDA:209,23,1,0
BRDA:216,24,0,0
BRDA:216,24,1,0
BRDA:250,25,0,0
BRDA:250,25,1,0
BRDA:281,26,0,0
BRDA:281,26,1,0
BRDA:301,27,0,0
BRDA:301,27,1,0
BRDA:302,28,0,0
BRDA:302,28,1,0
BRDA:305,29,0,0
BRDA:305,29,1,0
BRF:59
BRH:0
end_of_record
TN:
SF:src/components/PersonalRecords.tsx
FN:17,PersonalRecords
FN:27,(anonymous_2)
FN:33,(anonymous_3)
FN:69,(anonymous_4)
FN:106,(anonymous_5)
FNF:5
FNH:0
FNDA:0,PersonalRecords
FNDA:0,(anonymous_2)
FNDA:0,(anonymous_3)
FNDA:0,(anonymous_4)
FNDA:0,(anonymous_5)
DA:3,0
DA:4,0
DA:5,0
DA:6,0
DA:7,0
DA:12,0
DA:13,0
DA:14,0
DA:15,0
DA:17,0
DA:18,0
DA:19,0
DA:20,0
DA:21,0
DA:22,0
DA:25,0
DA:27,0
DA:28,0
DA:29,0
DA:33,0
DA:34,0
DA:39,0
DA:40,0
DA:41,0
DA:43,0
DA:47,0
DA:50,0
DA:51,0
DA:70,0
DA:107,0
LF:30
LH:0
BRDA:22,0,0,0
BRDA:22,0,1,0
BRDA:25,1,0,0
BRDA:25,1,1,0
BRDA:25,2,0,0
BRDA:25,2,1,0
BRDA:28,3,0,0
BRDA:28,3,1,0
BRDA:28,4,0,0
BRDA:28,4,1,0
BRDA:40,5,0,0
BRDA:40,5,1,0
BRDA:50,6,0,0
BRDA:50,6,1,0
BRDA:50,7,0,0
BRDA:50,7,1,0
BRDA:61,8,0,0
BRDA:67,9,0,0
BRDA:67,9,1,0
BRDA:85,10,0,0
BRDA:85,10,1,0
BRDA:98,11,0,0
BRDA:104,12,0,0
BRDA:104,12,1,0
BRDA:122,13,0,0
BRDA:122,13,1,0
BRF:26
BRH:0
end_of_record
TN:
SF:src/components/Providers.tsx
FN:20,Providers
FNF:1
FNH:1
FNDA:8,Providers
DA:4,3
DA:5,3
DA:6,3
DA:7,3
DA:8,3
DA:9,3
DA:10,3
DA:11,3
DA:12,3
DA:13,3
DA:14,3
DA:15,3
DA:16,3
DA:17,3
DA:18,3
DA:20,8
LF:16
LH:16
BRF:0
BRH:0
end_of_record
TN:
SF:src/components/QuickAdd.tsx
FN:13,QuickAdd
FN:25,(anonymous_2)
FN:29,(anonymous_3)
FN:34,(anonymous_4)
FN:43,(anonymous_5)
FN:47,(anonymous_6)
FN:51,(anonymous_7)
FN:55,(anonymous_8)
FN:79,(anonymous_9)
FN:104,(anonymous_10)
FN:110,(anonymous_11)
FN:131,(anonymous_12)
FNF:12
FNH:6
FNDA:5,QuickAdd
FNDA:2,(anonymous_2)
FNDA:0,(anonymous_3)
FNDA:0,(anonymous_4)
FNDA:12,(anonymous_5)
FNDA:0,(anonymous_6)
FNDA:1,(anonymous_7)
FNDA:0,(anonymous_8)
FNDA:0,(anonymous_9)
FNDA:30,(anonymous_10)
FNDA:1,(anonymous_11)
FNDA:0,(anonymous_12)
DA:3,1
DA:4,1
DA:5,1
DA:6,1
DA:7,1
DA:8,1
DA:9,1
DA:11,1
DA:13,2
DA:14,5
DA:15,5
DA:16,5
DA:17,5
DA:18,5
DA:19,5
DA:20,5
DA:22,5
DA:25,5
DA:26,2
DA:29,2
DA:30,0
DA:31,0
DA:32,0
DA:34,0
DA:35,0
DA:36,0
DA:42,2
DA:43,12
DA:46,0
DA:47,0
DA:51,5
DA:52,1
DA:55,5
DA:56,0
DA:58,0
DA:59,0
DA:60,0
DA:66,0
DA:70,0
DA:72,0
DA:73,0
DA:75,0
DA:79,5
DA:80,0
DA:83,5
DA:84,0
DA:105,30
DA:106,30
DA:110,1
DA:132,0
DA:133,0
DA:134,0
DA:135,0
LF:53
LH:30
BRDA:31,0,0,0
BRDA:31,0,1,0
BRDA:35,1,0,0
BRDA:35,1,1,0
BRDA:42,2,0,2
BRDA:42,2,1,0
BRDA:56,3,0,0
BRDA:56,3,1,0
BRDA:56,4,0,0
BRDA:56,4,1,0
BRDA:83,5,0,0
BRDA:83,5,1,5
BRDA:91,6,0,0
BRDA:91,6,1,5
BRDA:96,7,0,0
BRDA:96,7,1,5
BRDA:102,8,0,0
BRDA:102,8,1,5
BRDA:120,9,0,0
BRDA:120,9,1,30
BRDA:132,10,0,0
BRDA:132,10,1,0
BRDA:132,11,0,0
BRDA:132,11,1,0
BRDA:134,12,0,0
BRDA:134,12,1,0
BRDA:141,13,0,0
BRDA:141,13,1,30
BRDA:151,14,0,30
BRDA:165,15,0,1
BRDA:165,15,1,4
BRF:31
BRH:10
end_of_record
TN:
SF:src/components/QuoteTicker.tsx
FN:8,QuoteTicker
FN:17,(anonymous_2)
FN:21,(anonymous_3)
FN:23,(anonymous_4)
FN:25,(anonymous_5)
FN:31,(anonymous_6)
FN:61,(anonymous_7)
FNF:7
FNH:0
FNDA:0,QuoteTicker
FNDA:0,(anonymous_2)
FNDA:0,(anonymous_3)
FNDA:0,(anonymous_4)
FNDA:0,(anonymous_5)
FNDA:0,(anonymous_6)
FNDA:0,(anonymous_7)
DA:3,0
DA:4,0
DA:5,0
DA:6,0
DA:8,0
DA:9,0
DA:10,0
DA:11,0
DA:12,0
DA:13,0
DA:14,0
DA:15,0
DA:17,0
DA:18,0
DA:19,0
DA:21,0
DA:22,0
DA:23,0
DA:24,0
DA:25,0
DA:26,0
DA:31,0
DA:34,0
DA:36,0
DA:62,0
LF:25
LH:0
BRDA:34,0,0,0
BRDA:34,0,1,0
BRDA:34,1,0,0
BRDA:34,1,1,0
BRDA:36,2,0,0
BRDA:36,2,1,0
BRDA:41,3,0,0
BRDA:41,3,1,0
BRDA:58,4,0,0
BRDA:58,4,1,0
BRDA:58,5,0,0
BRDA:58,5,1,0
BRDA:64,6,0,0
BRF:13
BRH:0
end_of_record
TN:
SF:src/components/ScrollToTop.tsx
FN:7,ScrollToTop
FN:13,(anonymous_2)
FN:17,(anonymous_3)
FN:20,(anonymous_4)
FN:53,(anonymous_5)
FN:58,(anonymous_6)
FN:62,(anonymous_7)
FNF:7
FNH:7
FNDA:6,ScrollToTop
FNDA:2,(anonymous_2)
FNDA:4,(anonymous_3)
FNDA:2,(anonymous_4)
FNDA:2,(anonymous_5)
FNDA:8,(anonymous_6)
FNDA:1,(anonymous_7)
DA:3,1
DA:4,1
DA:5,1
DA:7,2
DA:8,6
DA:9,6
DA:10,6
DA:11,6
DA:13,6
DA:14,2
DA:17,6
DA:18,4
DA:20,2
DA:21,2
DA:22,2
DA:23,2
DA:27,2
DA:28,2
DA:29,2
DA:32,2
DA:33,2
DA:37,2
DA:40,2
DA:41,2
DA:42,2
DA:43,2
DA:46,2
DA:53,2
DA:54,2
DA:55,2
DA:56,2
DA:57,2
DA:58,8
DA:62,6
DA:63,1
DA:64,1
DA:70,6
DA:75,4
LF:38
LH:38
BRDA:18,0,0,2
BRDA:18,0,1,2
BRDA:18,1,0,4
BRDA:18,1,1,2
BRDA:21,2,0,2
BRDA:21,2,1,2
BRDA:21,2,2,2
BRDA:32,3,0,2
BRDA:32,3,1,0
BRDA:32,3,2,0
BRDA:63,4,0,0
BRDA:63,4,1,1
BRDA:70,5,0,2
BRDA:70,5,1,4
BRDA:75,6,0,0
BRDA:75,6,1,4
BRDA:79,7,0,4
BRDA:79,7,1,0
BRDA:83,8,0,0
BRDA:83,8,1,4
BRDA:88,9,0,0
BRDA:88,9,1,4
BRDA:88,10,0,0
BRDA:88,10,1,4
BRDA:89,11,0,4
BRDA:89,11,1,0
BRDA:90,12,0,4
BRDA:90,12,1,0
BRDA:93,13,0,0
BRDA:93,13,1,4
BRF:30
BRH:19
end_of_record
TN:
SF:src/components/SettingsDialog.tsx
FN:19,SettingsDialog
FN:33,(anonymous_2)
FN:43,(anonymous_3)
FN:49,(anonymous_4)
FN:61,submit
FN:88,(anonymous_6)
FN:113,(anonymous_7)
FN:143,(anonymous_8)
FN:167,(anonymous_9)
FN:180,(anonymous_10)
FN:212,(anonymous_11)
FN:229,(anonymous_12)
FN:242,(anonymous_13)
FN:271,(anonymous_14)
FN:316,(anonymous_15)
FN:332,(anonymous_16)
FN:343,(anonymous_17)
FNF:17
FNH:0
FNDA:0,SettingsDialog
FNDA:0,(anonymous_2)
FNDA:0,(anonymous_3)
FNDA:0,(anonymous_4)
FNDA:0,submit
FNDA:0,(anonymous_6)
FNDA:0,(anonymous_7)
FNDA:0,(anonymous_8)
FNDA:0,(anonymous_9)
FNDA:0,(anonymous_10)
FNDA:0,(anonymous_11)
FNDA:0,(anonymous_12)
FNDA:0,(anonymous_13)
FNDA:0,(anonymous_14)
FNDA:0,(anonymous_15)
FNDA:0,(anonymous_16)
FNDA:0,(anonymous_17)
DA:3,0
DA:4,0
DA:5,0
DA:6,0
DA:7,0
DA:8,0
DA:9,0
DA:10,0
DA:11,0
DA:12,0
DA:13,0
DA:14,0
DA:15,0
DA:16,0
DA:17,0
DA:19,0
DA:20,0
DA:21,0
DA:22,0
DA:23,0
DA:24,0
DA:25,0
DA:26,0
DA:27,0
DA:30,0
DA:31,0
DA:33,0
DA:34,0
DA:37,0
DA:39,0
DA:40,0
DA:41,0
DA:43,0
DA:44,0
DA:49,0
DA:50,0
DA:51,0
DA:52,0
DA:53,0
DA:57,0
DA:58,0
DA:62,0
DA:63,0
DA:64,0
DA:65,0
DA:66,0
DA:67,0
DA:69,0
DA:70,0
DA:71,0
DA:73,0
DA:79,0
DA:80,0
DA:85,0
DA:89,0
DA:90,0
DA:114,0
DA:115,0
DA:116,0
DA:143,0
DA:167,0
DA:177,0
DA:181,0
DA:182,0
DA:183,0
DA:184,0
DA:185,0
DA:212,0
DA:229,0
DA:242,0
DA:272,0
DA:273,0
DA:274,0
DA:275,0
DA:276,0
DA:316,0
DA:332,0
DA:343,0
LF:78
LH:0
BRDA:26,0,0,0
BRDA:26,0,1,0
BRDA:28,1,0,0
BRDA:28,1,1,0
BRDA:30,2,0,0
BRDA:30,2,1,0
BRDA:34,3,0,0
BRDA:34,3,1,0
BRDA:37,4,0,0
BRDA:37,4,1,0
BRDA:39,5,0,0
BRDA:39,5,1,0
BRDA:40,6,0,0
BRDA:40,6,1,0
BRDA:40,7,0,0
BRDA:40,7,1,0
BRDA:50,8,0,0
BRDA:50,8,1,0
BRDA:53,9,0,0
BRDA:53,9,1,0
BRDA:57,10,0,0
BRDA:57,10,1,0
BRDA:63,11,0,0
BRDA:63,11,1,0
BRDA:65,12,0,0
BRDA:65,12,1,0
BRDA:65,13,0,0
BRDA:65,13,1,0
BRDA:69,14,0,0
BRDA:69,14,1,0
BRDA:69,15,0,0
BRDA:69,15,1,0
BRDA:76,16,0,0
BRDA:76,16,1,0
BRDA:77,17,0,0
BRDA:77,17,1,0
BRDA:85,18,0,0
BRDA:85,18,1,0
BRDA:85,19,0,0
BRDA:85,19,1,0
BRDA:89,20,0,0
BRDA:89,20,1,0
BRDA:114,21,0,0
BRDA:114,21,1,0
BRDA:114,22,0,0
BRDA:114,22,1,0
BRDA:121,23,0,0
BRDA:121,23,1,0
BRDA:133,24,0,0
BRDA:177,25,0,0
BRDA:177,25,1,0
BRDA:181,26,0,0
BRDA:181,26,1,0
BRDA:181,27,0,0
BRDA:181,27,1,0
BRDA:192,28,0,0
BRDA:192,28,1,0
BRDA:197,29,0,0
BRDA:197,29,1,0
BRDA:202,30,0,0
BRDA:202,30,1,0
BRDA:203,31,0,0
BRDA:203,31,1,0
BRDA:205,32,0,0
BRDA:205,32,1,0
BRDA:213,33,0,0
BRDA:213,33,1,0
BRDA:217,34,0,0
BRDA:217,34,1,0
BRDA:219,35,0,0
BRDA:219,35,1,0
BRDA:230,36,0,0
BRDA:230,36,1,0
BRDA:234,37,0,0
BRDA:234,37,1,0
BRDA:236,38,0,0
BRDA:236,38,1,0
BRDA:241,39,0,0
BRDA:241,39,1,0
BRDA:242,40,0,0
BRDA:242,40,1,0
BRDA:243,41,0,0
BRDA:243,41,1,0
BRDA:253,42,0,0
BRDA:258,43,0,0
BRDA:258,43,1,0
BRDA:259,44,0,0
BRDA:259,44,1,0
BRDA:262,45,0,0
BRDA:262,45,1,0
BRDA:262,46,0,0
BRDA:262,46,1,0
BRDA:265,47,0,0
BRDA:265,47,1,0
BRDA:267,48,0,0
BRDA:267,48,1,0
BRDA:274,49,0,0
BRDA:274,49,1,0
BRDA:275,50,0,0
BRDA:275,50,1,0
BRDA:276,51,0,0
BRDA:276,51,1,0
BRDA:279,52,0,0
BRDA:279,52,1,0
BRDA:286,53,0,0
BRDA:313,54,0,0
BRDA:318,55,0,0
BRDA:318,55,1,0
BRDA:319,56,0,0
BRDA:319,56,1,0
BRDA:323,57,0,0
BRDA:323,57,1,0
BRDA:324,58,0,0
BRDA:324,58,1,0
BRDA:345,59,0,0
BRDA:345,59,1,0
BRDA:347,60,0,0
BRDA:347,60,1,0
BRDA:350,61,0,0
BRDA:350,61,1,0
BRDA:350,62,0,0
BRDA:350,62,1,0
BRDA:353,63,0,0
BRDA:353,63,1,0
BRDA:353,64,0,0
BRDA:353,64,1,0
BRF:126
BRH:0
end_of_record
TN:
SF:src/components/StatsCards.tsx
FN:14,StatsCards
FN:23,(anonymous_2)
FN:35,(anonymous_3)
FN:46,(anonymous_4)
FN:66,(anonymous_5)
FN:94,(anonymous_6)
FN:106,(anonymous_7)
FN:107,(anonymous_8)
FN:108,(anonymous_9)
FN:119,(anonymous_10)
FN:124,(anonymous_11)
FN:144,(anonymous_12)
FN:293,(anonymous_13)
FN:327,(anonymous_14)
FNF:14
FNH:0
FNDA:0,StatsCards
FNDA:0,(anonymous_2)
FNDA:0,(anonymous_3)
FNDA:0,(anonymous_4)
FNDA:0,(anonymous_5)
FNDA:0,(anonymous_6)
FNDA:0,(anonymous_7)
FNDA:0,(anonymous_8)
FNDA:0,(anonymous_9)
FNDA:0,(anonymous_10)
FNDA:0,(anonymous_11)
FNDA:0,(anonymous_12)
FNDA:0,(anonymous_13)
FNDA:0,(anonymous_14)
DA:3,0
DA:4,0
DA:5,0
DA:6,0
DA:7,0
DA:8,0
DA:9,0
DA:10,0
DA:12,0
DA:14,0
DA:15,0
DA:16,0
DA:17,0
DA:19,0
DA:20,0
DA:21,0
DA:22,0
DA:23,0
DA:26,0
DA:27,0
DA:28,0
DA:31,0
DA:32,0
DA:33,0
DA:35,0
DA:41,0
DA:46,0
DA:61,0
DA:66,0
DA:84,0
DA:88,0
DA:89,0
DA:90,0
DA:91,0
DA:92,0
DA:94,0
DA:95,0
DA:96,0
DA:97,0
DA:98,0
DA:101,0
DA:102,0
DA:103,0
DA:106,0
DA:107,0
DA:108,0
DA:109,0
DA:110,0
DA:112,0
DA:113,0
DA:114,0
DA:115,0
DA:119,0
DA:124,0
DA:145,0
DA:294,0
DA:328,0
LF:57
LH:0
BRDA:19,0,0,0
BRDA:19,0,1,0
BRDA:19,1,0,0
BRDA:19,1,1,0
BRDA:21,2,0,0
BRDA:21,2,1,0
BRDA:23,3,0,0
BRDA:23,3,1,0
BRDA:26,4,0,0
BRDA:26,4,1,0
BRDA:41,5,0,0
BRDA:41,5,1,0
BRDA:54,6,0,0
BRDA:54,6,1,0
BRDA:75,7,0,0
BRDA:75,7,1,0
BRDA:84,8,0,0
BRDA:84,8,1,0
BRDA:95,9,0,0
BRDA:95,9,1,0
BRDA:95,10,0,0
BRDA:95,10,1,0
BRDA:101,11,0,0
BRDA:101,11,1,0
BRDA:101,12,0,0
BRDA:101,12,1,0
BRDA:112,13,0,0
BRDA:112,13,1,0
BRDA:128,14,0,0
BRDA:128,14,1,0
BRDA:132,15,0,0
BRDA:132,15,1,0
BRDA:142,16,0,0
BRDA:156,17,0,0
BRDA:156,17,1,0
BRDA:166,18,0,0
BRDA:169,19,0,0
BRDA:169,19,1,0
BRDA:169,20,0,0
BRDA:169,20,1,0
BRDA:172,21,0,0
BRDA:172,21,1,0
BRDA:172,22,0,0
BRDA:172,22,1,0
BRDA:172,23,0,0
BRDA:172,23,1,0
BRDA:175,24,0,0
BRDA:175,24,1,0
BRDA:180,25,0,0
BRDA:180,25,1,0
BRDA:180,26,0,0
BRDA:180,26,1,0
BRDA:180,27,0,0
BRDA:180,27,1,0
BRDA:185,28,0,0
BRDA:185,28,1,0
BRDA:188,29,0,0
BRDA:195,30,0,0
BRDA:195,30,1,0
BRDA:206,31,0,0
BRDA:206,31,1,0
BRDA:206,32,0,0
BRDA:206,32,1,0
BRDA:209,33,0,0
BRDA:215,34,0,0
BRDA:215,34,1,0
BRDA:215,35,0,0
BRDA:215,35,1,0
BRDA:218,36,0,0
BRDA:218,36,1,0
BRDA:223,37,0,0
BRDA:223,37,1,0
BRDA:223,38,0,0
BRDA:223,38,1,0
BRDA:228,39,0,0
BRDA:228,39,1,0
BRDA:234,40,0,0
BRDA:234,40,1,0
BRDA:234,41,0,0
BRDA:234,41,1,0
BRDA:237,42,0,0
BRDA:237,42,1,0
BRDA:242,43,0,0
BRDA:242,43,1,0
BRDA:242,44,0,0
BRDA:242,44,1,0
BRDA:247,45,0,0
BRDA:247,45,1,0
BRDA:253,46,0,0
BRDA:253,46,1,0
BRDA:253,47,0,0
BRDA:253,47,1,0
BRDA:256,48,0,0
BRDA:256,48,1,0
BRDA:261,49,0,0
BRDA:261,49,1,0
BRDA:261,50,0,0
BRDA:261,50,1,0
BRDA:268,51,0,0
BRDA:268,51,1,0
BRDA:285,52,0,0
BRDA:285,53,0,0
BRDA:285,53,1,0
BRDA:288,54,0,0
BRDA:321,55,0,0
BRDA:321,56,0,0
BRDA:321,56,1,0
BRDA:324,57,0,0
BRF:108
BRH:0
end_of_record
TN:
SF:src/components/StatsHighlights.tsx
FN:15,StatsHighlights
FN:24,(anonymous_3)
FN:29,(anonymous_4)
FN:39,(anonymous_5)
FN:52,(anonymous_6)
FN:70,(anonymous_7)
FN:78,(anonymous_8)
FN:85,(anonymous_9)
FN:89,(anonymous_10)
FNF:9
FNH:0
FNDA:0,StatsHighlights
FNDA:0,(anonymous_3)
FNDA:0,(anonymous_4)
FNDA:0,(anonymous_5)
FNDA:0,(anonymous_6)
FNDA:0,(anonymous_7)
FNDA:0,(anonymous_8)
FNDA:0,(anonymous_9)
FNDA:0,(anonymous_10)
DA:3,0
DA:4,0
DA:5,0
DA:6,0
DA:7,0
DA:8,0
DA:9,0
DA:10,0
DA:11,0
DA:12,0
DA:15,0
DA:16,0
DA:17,0
DA:18,0
DA:20,0
DA:21,0
DA:22,0
DA:23,0
DA:24,0
DA:27,0
DA:29,0
DA:30,0
DA:31,0
DA:32,0
DA:33,0
DA:34,0
DA:35,0
DA:36,0
DA:38,0
DA:39,0
DA:40,0
DA:41,0
DA:44,0
DA:47,0
DA:53,0
DA:54,0
DA:58,0
DA:59,0
DA:65,0
DA:66,0
DA:67,0
DA:69,0
DA:70,0
DA:71,0
DA:72,0
DA:75,0
DA:78,0
DA:79,0
DA:80,0
DA:81,0
DA:82,0
DA:83,0
DA:85,0
DA:86,0
DA:89,0
DA:90,0
DA:91,0
DA:92,0
DA:94,0
LF:59
LH:0
BRDA:20,0,0,0
BRDA:20,0,1,0
BRDA:20,1,0,0
BRDA:20,1,1,0
BRDA:22,2,0,0
BRDA:22,2,1,0
BRDA:24,3,0,0
BRDA:24,3,1,0
BRDA:30,4,0,0
BRDA:30,4,1,0
BRDA:34,5,0,0
BRDA:34,5,1,0
BRDA:40,6,0,0
BRDA:40,6,1,0
BRDA:40,7,0,0
BRDA:40,7,1,0
BRDA:53,8,0,0
BRDA:53,8,1,0
BRDA:59,9,0,0
BRDA:59,9,1,0
BRDA:71,10,0,0
BRDA:71,10,1,0
BRDA:71,11,0,0
BRDA:71,11,1,0
BRDA:79,12,0,0
BRDA:79,12,1,0
BRDA:83,13,0,0
BRDA:83,13,1,0
BRDA:86,14,0,0
BRDA:86,14,1,0
BRDA:100,15,0,0
BRDA:100,15,1,0
BRDA:105,16,0,0
BRDA:105,16,1,0
BRDA:105,17,0,0
BRDA:105,17,1,0
BRDA:108,18,0,0
BRDA:108,18,1,0
BRDA:108,19,0,0
BRDA:108,19,1,0
BRDA:111,20,0,0
BRDA:111,20,1,0
BRDA:116,21,0,0
BRDA:118,22,0,0
BRDA:118,22,1,0
BRDA:118,23,0,0
BRDA:118,23,1,0
BRDA:123,24,0,0
BRDA:123,24,1,0
BRDA:123,25,0,0
BRDA:123,25,1,0
BRDA:130,26,0,0
BRDA:130,26,1,0
BRDA:138,27,0,0
BRDA:138,27,1,0
BRDA:138,28,0,0
BRDA:138,28,1,0
BRDA:141,29,0,0
BRDA:141,29,1,0
BRDA:146,30,0,0
BRDA:148,31,0,0
BRDA:148,31,1,0
BRDA:150,32,0,0
BRDA:150,32,1,0
BRDA:153,33,0,0
BRDA:153,33,1,0
BRDA:158,34,0,0
BRDA:158,34,1,0
BRDA:158,35,0,0
BRDA:158,35,1,0
BRDA:166,36,0,0
BRDA:166,36,1,0
BRDA:174,37,0,0
BRDA:174,37,1,0
BRDA:174,38,0,0
BRDA:174,38,1,0
BRDA:177,39,0,0
BRDA:177,39,1,0
BRDA:182,40,0,0
BRDA:182,40,1,0
BRDA:182,41,0,0
BRDA:182,41,1,0
BRDA:187,42,0,0
BRDA:187,42,1,0
BRDA:196,43,0,0
BRDA:196,43,1,0
BRDA:196,44,0,0
BRDA:196,44,1,0
BRDA:199,45,0,0
BRDA:199,45,1,0
BRDA:204,46,0,0
BRDA:204,46,1,0
BRDA:204,47,0,0
BRDA:204,47,1,0
BRDA:209,48,0,0
BRDA:209,48,1,0
BRDA:209,49,0,0
BRDA:209,49,1,0
BRDA:216,50,0,0
BRDA:216,50,1,0
BRDA:216,51,0,0
BRDA:216,51,1,0
BRDA:219,52,0,0
BRDA:219,52,1,0
BRDA:224,53,0,0
BRDA:224,53,1,0
BRDA:224,54,0,0
BRDA:224,54,1,0
BRDA:229,55,0,0
BRDA:229,55,1,0
BRDA:229,56,0,0
BRDA:229,56,1,0
BRDA:238,57,0,0
BRDA:238,57,1,0
BRDA:238,58,0,0
BRDA:238,58,1,0
BRDA:241,59,0,0
BRDA:241,59,1,0
BRDA:246,60,0,0
BRDA:246,60,1,0
BRDA:246,61,0,0
BRDA:246,61,1,0
BRDA:252,62,0,0
BRDA:252,62,1,0
BRDA:252,63,0,0
BRDA:252,63,1,0
BRDA:261,64,0,0
BRDA:261,64,1,0
BRDA:264,65,0,0
BRDA:264,65,1,0
BRDA:269,66,0,0
BRDA:269,66,1,0
BRDA:274,67,0,0
BRDA:274,67,1,0
BRF:134
BRH:0
end_of_record
TN:
SF:src/components/StorageErrorHandler.tsx
FN:8,StorageErrorHandler
FN:13,(anonymous_2)
FNF:2
FNH:2
FNDA:17,StorageErrorHandler
FNDA:17,(anonymous_2)
DA:3,3
DA:4,3
DA:5,3
DA:6,3
DA:8,8
DA:9,17
DA:10,17
DA:11,17
DA:13,17
DA:14,17
DA:16,0
DA:17,0
DA:19,0
DA:20,0
DA:22,0
DA:23,0
DA:25,0
DA:26,0
DA:29,0
DA:30,0
DA:31,0
DA:35,17
LF:22
LH:11
BRDA:14,0,0,17
BRDA:14,0,1,0
BRDA:17,1,0,0
BRDA:17,1,1,0
BRDA:17,1,2,0
BRDA:29,2,0,0
BRDA:29,2,1,0
BRF:7
BRH:1
end_of_record
TN:
SF:src/components/ThemeToggle.tsx
FN:8,ThemeToggle
FN:11,(anonymous_2)
FN:21,applyTheme
FN:28,update
FN:39,(anonymous_5)
FN:48,(anonymous_6)
FN:57,(anonymous_7)
FNF:7
FNH:0
FNDA:0,ThemeToggle
FNDA:0,(anonymous_2)
FNDA:0,applyTheme
FNDA:0,update
FNDA:0,(anonymous_5)
FNDA:0,(anonymous_6)
FNDA:0,(anonymous_7)
DA:3,0
DA:4,0
DA:8,0
DA:9,0
DA:11,0
DA:12,0
DA:13,0
DA:14,0
DA:15,0
DA:17,0
DA:22,0
DA:23,0
DA:24,0
DA:25,0
DA:29,0
DA:30,0
DA:31,0
DA:39,0
DA:48,0
DA:57,0
LF:20
LH:0
BRDA:13,0,0,0
BRDA:13,0,1,0
BRDA:24,1,0,0
BRDA:24,1,1,0
BRDA:24,1,2,0
BRDA:38,2,0,0
BRDA:38,2,1,0
BRDA:47,3,0,0
BRDA:47,3,1,0
BRDA:56,4,0,0
BRDA:56,4,1,0
BRF:11
BRH:0
end_of_record
TN:
SF:src/components/Toaster.tsx
FN:22,ToasterProvider
FN:27,(anonymous_4)
FN:31,(anonymous_5)
FN:33,(anonymous_6)
FN:34,(anonymous_7)
FN:35,(anonymous_8)
FN:35,(anonymous_9)
FN:50,(anonymous_10)
FN:74,useToaster
FNF:9
FNH:6
FNDA:17,ToasterProvider
FNDA:8,(anonymous_4)
FNDA:1,(anonymous_5)
FNDA:1,(anonymous_6)
FNDA:0,(anonymous_7)
FNDA:0,(anonymous_8)
FNDA:0,(anonymous_9)
FNDA:1,(anonymous_10)
FNDA:45,useToaster
DA:3,3
DA:4,3
DA:5,3
DA:6,3
DA:20,3
DA:22,8
DA:23,17
DA:24,17
DA:25,17
DA:27,17
DA:28,8
DA:31,17
DA:32,1
DA:33,1
DA:34,1
DA:35,0
DA:51,1
DA:74,45
DA:75,45
DA:76,45
DA:77,0
DA:79,45
LF:22
LH:20
BRDA:31,0,0,0
BRDA:42,1,0,17
BRDA:42,1,1,9
BRDA:42,1,2,9
BRDA:47,2,0,0
BRDA:47,2,1,9
BRDA:53,3,0,0
BRDA:53,3,1,1
BRDA:54,4,0,1
BRDA:54,4,1,0
BRDA:56,5,0,0
BRDA:56,5,1,0
BRDA:61,6,0,0
BRDA:61,6,1,1
BRDA:76,7,0,0
BRDA:76,7,1,45
BRF:16
BRH:8
end_of_record
TN:
[...]
FN:248,getDefaultDailyChallenge
FN:263,getDefaultWeeklyChallenge
FNF:10
FNH:8
FNDA:22,calculateChallengeProgress
FNDA:4,(anonymous_10)
FNDA:4,(anonymous_11)
FNDA:20,updateChallengeStatus
FNDA:8,createDailyChallenge
FNDA:8,createWeeklyChallenge
FNDA:0,createMonthlyChallenge
FNDA:0,createCustomChallenge
FNDA:8,getDefaultDailyChallenge
FNDA:8,getDefaultWeeklyChallenge
DA:17,3
DA:48,22
DA:52,22
DA:53,22
DA:56,22
DA:57,4
DA:58,4
DA:61,22
DA:62,22
DA:63,22
DA:64,22
DA:68,22
DA:69,22
DA:70,22
DA:71,22
DA:72,22
DA:75,22
DA:87,20
DA:91,20
DA:92,20
DA:95,20
DA:96,0
DA:97,0
DA:104,0
DA:113,20
DA:114,0
DA:123,20
DA:132,0
DA:138,8
DA:139,8
DA:141,8
DA:162,0
DA:168,8
DA:169,8
DA:171,8
DA:192,0
DA:198,0
DA:199,0
DA:201,0
DA:222,0
DA:230,0
DA:248,8
DA:249,8
DA:263,8
DA:264,8
LF:45
LH:33
BRDA:53,0,0,22
BRDA:53,0,1,0
BRDA:63,1,0,22
BRDA:63,1,1,0
BRDA:68,2,0,22
BRDA:68,2,1,0
BRDA:68,3,0,22
BRDA:68,3,1,22
BRDA:92,4,0,20
BRDA:92,4,1,0
BRDA:95,5,0,0
BRDA:95,5,1,20
BRDA:95,6,0,20
BRDA:95,6,1,20
BRDA:95,6,2,0
BRDA:96,7,0,0
BRDA:96,7,1,0
BRDA:113,8,0,0
BRDA:113,8,1,20
BRDA:113,9,0,20
BRDA:113,9,1,0
BRDA:135,10,0,0
BRDA:155,11,0,8
BRDA:155,11,1,0
BRDA:165,12,0,0
BRDA:185,13,0,8
BRDA:185,13,1,0
BRDA:195,14,0,0
BRDA:215,15,0,0
BRDA:215,15,1,0
BRDA:241,16,0,0
BRDA:241,16,1,0
BRF:32
BRH:13
end_of_record
TN:
SF:src/lib/comparisonUtils.ts
FN:58,calculateWeekStats
FN:67,(anonymous_6)
FN:104,(anonymous_7)
FN:111,(anonymous_8)
FN:114,(anonymous_9)
FN:142,calculateMonthStats
FN:151,(anonymous_11)
FN:188,(anonymous_12)
FN:195,(anonymous_13)
FN:198,(anonymous_14)
FN:226,compareWeeks
FN:286,compareMonths
FNF:12
FNH:0
FNDA:0,calculateWeekStats
FNDA:0,(anonymous_6)
FNDA:0,(anonymous_7)
FNDA:0,(anonymous_8)
FNDA:0,(anonymous_9)
FNDA:0,calculateMonthStats
FNDA:0,(anonymous_11)
FNDA:0,(anonymous_12)
FNDA:0,(anonymous_13)
FNDA:0,(anonymous_14)
FNDA:0,compareWeeks
FNDA:0,compareMonths
DA:20,0
DA:58,0
DA:63,0
DA:64,0
DA:65,0
DA:67,0
DA:68,0
DA:69,0
DA:72,0
DA:73,0
DA:74,0
DA:75,0
DA:80,0
DA:81,0
DA:82,0
DA:84,0
DA:85,0
DA:86,0
DA:87,0
DA:88,0
DA:90,0
DA:91,0
DA:97,0
DA:98,0
DA:99,0
DA:102,0
DA:103,0
DA:104,0
DA:105,0
DA:107,0
DA:109,0
DA:110,0
DA:111,0
DA:112,0
DA:114,0
DA:115,0
DA:116,0
DA:126,0
DA:142,0
DA:147,0
DA:148,0
DA:149,0
DA:151,0
DA:152,0
DA:153,0
DA:156,0
DA:157,0
DA:158,0
DA:159,0
DA:164,0
DA:165,0
DA:166,0
DA:168,0
DA:169,0
DA:170,0
DA:171,0
DA:172,0
DA:174,0
DA:175,0
DA:181,0
DA:182,0
DA:183,0
DA:186,0
DA:187,0
DA:188,0
DA:189,0
DA:191,0
DA:193,0
DA:194,0
DA:195,0
DA:196,0
DA:198,0
DA:199,0
DA:200,0
DA:210,0
DA:226,0
DA:231,0
DA:232,0
DA:234,0
DA:235,0
DA:237,0
DA:238,0
DA:241,0
DA:280,0
DA:286,0
DA:291,0
DA:292,0
DA:294,0
DA:295,0
DA:297,0
DA:298,0
DA:301,0
DA:340,0
LF:93
LH:0
BRDA:85,0,0,0
BRDA:85,0,1,0
BRDA:91,1,0,0
BRDA:91,1,1,0
BRDA:105,2,0,0
BRDA:105,2,1,0
BRDA:107,3,0,0
BRDA:107,3,1,0
BRDA:110,4,0,0
BRDA:110,4,1,0
BRDA:112,5,0,0
BRDA:112,5,1,0
BRDA:115,6,0,0
BRDA:115,6,1,0
BRDA:169,7,0,0
BRDA:169,7,1,0
BRDA:175,8,0,0
BRDA:175,8,1,0
BRDA:189,9,0,0
BRDA:189,9,1,0
BRDA:191,10,0,0
BRDA:191,10,1,0
BRDA:194,11,0,0
BRDA:194,11,1,0
BRDA:196,12,0,0
BRDA:196,12,1,0
BRDA:199,13,0,0
BRDA:199,13,1,0
BRDA:229,14,0,0
BRDA:237,15,0,0
BRDA:237,15,1,0
BRDA:237,16,0,0
BRDA:237,16,1,0
BRDA:244,17,0,0
BRDA:244,17,1,0
BRDA:246,18,0,0
BRDA:246,18,1,0
BRDA:251,19,0,0
BRDA:251,19,1,0
BRDA:255,20,0,0
BRDA:255,20,1,0
BRDA:260,21,0,0
BRDA:260,21,1,0
BRDA:266,22,0,0
BRDA:266,22,1,0
BRDA:271,23,0,0
BRDA:271,23,1,0
BRDA:275,24,0,0
BRDA:275,24,1,0
BRDA:289,25,0,0
BRDA:297,26,0,0
BRDA:297,26,1,0
BRDA:297,27,0,0
BRDA:297,27,1,0
BRDA:304,28,0,0
BRDA:304,28,1,0
BRDA:306,29,0,0
BRDA:306,29,1,0
BRDA:311,30,0,0
BRDA:311,30,1,0
BRDA:315,31,0,0
BRDA:315,31,1,0
BRDA:320,32,0,0
BRDA:320,32,1,0
BRDA:326,33,0,0
BRDA:326,33,1,0
BRDA:331,34,0,0
BRDA:331,34,1,0
BRDA:335,35,0,0
BRDA:335,35,1,0
BRF:70
BRH:0
end_of_record
TN:
SF:src/lib/constants.ts
FNF:0
FNH:0
DA:2,77
DA:14,32
DA:19,3
DA:25,44
LF:4
LH:4
BRF:0
BRH:0
end_of_record
TN:
SF:src/lib/durationUtils.ts
FN:17,calculateDurationStats
FN:41,(anonymous_5)
FN:68,formatDuration
FN:107,formatDurationShort
FNF:4
FNH:0
FNDA:0,calculateDurationStats
FNDA:0,(anonymous_5)
FNDA:0,formatDuration
FNDA:0,formatDurationShort
DA:3,0
DA:17,0
DA:18,0
DA:19,0
DA:29,0
DA:31,0
DA:32,0
DA:33,0
DA:34,0
DA:35,0
DA:39,0
DA:40,0
DA:41,0
DA:43,0
DA:46,0
DA:47,0
DA:49,0
DA:50,0
DA:51,0
DA:52,0
DA:56,0
DA:68,0
DA:69,0
DA:71,0
DA:72,0
DA:73,0
DA:75,0
DA:77,0
DA:78,0
DA:85,0
DA:86,0
DA:93,0
DA:94,0
DA:101,0
DA:107,0
DA:108,0
DA:109,0
DA:110,0
DA:112,0
DA:113,0
DA:116,0
LF:41
LH:0
BRDA:18,0,0,0
BRDA:18,0,1,0
BRDA:32,1,0,0
BRDA:32,1,1,0
BRDA:32,2,0,0
BRDA:32,2,1,0
BRDA:35,3,0,0
BRDA:35,3,1,0
BRDA:43,4,0,0
BRDA:43,4,1,0
BRDA:50,5,0,0
BRDA:50,5,1,0
BRDA:69,6,0,0
BRDA:69,6,1,0
BRDA:69,7,0,0
BRDA:69,7,1,0
BRDA:77,8,0,0
BRDA:77,8,1,0
BRDA:79,9,0,0
BRDA:79,9,1,0
BRDA:80,10,0,0
BRDA:80,10,1,0
BRDA:81,11,0,0
BRDA:81,11,1,0
BRDA:85,12,0,0
BRDA:85,12,1,0
BRDA:87,13,0,0
BRDA:87,13,1,0
BRDA:88,14,0,0
BRDA:88,14,1,0
BRDA:89,15,0,0
BRDA:89,15,1,0
BRDA:93,16,0,0
BRDA:93,16,1,0
BRDA:93,17,0,0
BRDA:93,17,1,0
BRDA:95,18,0,0
BRDA:95,18,1,0
BRDA:96,19,0,0
BRDA:96,19,1,0
BRDA:97,20,0,0
BRDA:97,20,1,0
BRDA:101,21,0,0
BRDA:101,21,1,0
BRDA:101,22,0,0
BRDA:101,22,1,0
BRDA:112,23,0,0
BRDA:112,23,1,0
BRF:48
BRH:0
end_of_record
TN:
SF:src/lib/errorHandler.ts
FN:20,createError
FN:42,isQuotaError
FN:49,isNetworkError
FN:63,getUserFriendlyMessage
FN:93,logError
FN:110,handleError
FNF:6
FNH:6
FNDA:7,createError
FNDA:9,isQuotaError
FNDA:9,isNetworkError
FNDA:12,getUserFriendlyMessage
FNDA:5,logError
FNDA:5,handleError
DA:20,2
DA:29,7
DA:42,4
DA:43,9
DA:49,5
DA:50,9
DA:51,7
DA:57,2
DA:63,7
DA:64,12
DA:87,12
DA:93,0
DA:94,5
DA:110,5
DA:117,5
DA:118,1
DA:123,4
DA:124,1
DA:129,3
DA:130,2
DA:135,1
DA:141,5
DA:142,5
LF:23
LH:22
BRDA:43,0,0,9
BRDA:43,0,1,3
BRDA:50,1,0,7
BRDA:50,1,1,2
BRDA:52,2,0,7
BRDA:52,2,1,5
BRDA:52,2,2,4
BRDA:63,3,0,6
BRDA:87,4,0,12
BRDA:87,4,1,0
BRDA:112,5,0,4
BRDA:117,6,0,1
BRDA:117,6,1,4
BRDA:123,7,0,1
BRDA:123,7,1,3
BRDA:129,8,0,2
BRDA:129,8,1,1
BRF:17
BRH:16
end_of_record
TN:
SF:src/lib/exportUtils.ts
FN:19,exportToCSV
FN:30,(anonymous_8)
FN:43,(anonymous_9)
FN:60,(anonymous_10)
FN:67,(anonymous_11)
FN:67,(anonymous_12)
FN:83,exportToPDF
FN:88,(anonymous_14)
FN:89,(anonymous_15)
FN:97,(anonymous_16)
FN:154,(anonymous_17)
FN:178,(anonymous_18)
FN:190,(anonymous_19)
FN:226,exportToJSON
FN:234,(anonymous_21)
FN:254,(anonymous_22)
FN:258,(anonymous_23)
FNF:17
FNH:14
FNDA:2,exportToCSV
FNDA:0,(anonymous_8)
FNDA:2,(anonymous_9)
FNDA:2,(anonymous_10)
FNDA:4,(anonymous_11)
FNDA:28,(anonymous_12)
FNDA:2,exportToPDF
FNDA:2,(anonymous_14)
FNDA:2,(anonymous_15)
FNDA:0,(anonymous_16)
FNDA:2,(anonymous_17)
FNDA:6,(anonymous_18)
FNDA:2,(anonymous_19)
FNDA:2,exportToJSON
FNDA:0,(anonymous_21)
FNDA:2,(anonymous_22)
FNDA:2,(anonymous_23)
DA:3,1
DA:4,1
DA:5,1
DA:19,2
DA:24,2
DA:25,2
DA:28,2
DA:29,2
DA:30,0
DA:31,0
DA:32,0
DA:38,2
DA:43,2
DA:44,2
DA:45,2
DA:46,2
DA:48,2
DA:60,2
DA:61,2
DA:62,2
DA:65,2
DA:67,28
DA:71,2
DA:72,2
DA:73,2
DA:74,2
DA:75,2
DA:76,2
DA:77,2
DA:78,2
DA:79,2
DA:80,2
DA:83,2
DA:88,2
DA:89,2
DA:91,2
DA:92,2
DA:95,2
DA:96,2
DA:97,0
DA:98,0
DA:99,0
DA:103,2
DA:104,2
DA:105,2
DA:106,2
DA:107,2
DA:111,2
DA:112,2
DA:113,2
DA:114,2
DA:115,2
DA:118,2
DA:119,2
DA:120,2
DA:121,2
DA:127,2
DA:130,2
DA:131,2
DA:135,2
DA:137,0
DA:140,0
DA:141,0
DA:146,2
DA:149,2
DA:150,2
DA:153,2
DA:154,2
DA:155,2
DA:157,2
DA:158,2
DA:159,2
DA:160,2
DA:161,2
DA:163,2
DA:164,2
DA:166,2
DA:178,2
DA:179,6
DA:180,6
DA:182,2
DA:186,2
DA:190,2
DA:191,2
DA:192,2
DA:194,2
DA:204,2
DA:223,2
DA:226,2
DA:232,2
DA:233,2
DA:234,0
DA:235,0
DA:236,0
DA:241,2
DA:254,2
DA:258,2
DA:265,2
DA:266,2
DA:267,2
DA:268,2
DA:269,2
DA:270,2
DA:271,2
DA:272,2
DA:273,2
LF:106
LH:94
BRDA:24,0,0,0
BRDA:24,0,1,2
BRDA:25,1,0,0
BRDA:25,1,1,2
BRDA:29,2,0,0
BRDA:29,2,1,2
BRDA:32,3,0,0
BRDA:32,3,1,0
BRDA:38,4,0,0
BRDA:38,4,1,2
BRDA:50,5,0,2
BRDA:50,5,1,0
BRDA:55,6,0,2
BRDA:55,6,1,2
BRDA:61,7,0,0
BRDA:61,7,1,2
BRDA:91,8,0,0
BRDA:91,8,1,2
BRDA:92,9,0,0
BRDA:92,9,1,2
BRDA:96,10,0,0
BRDA:96,10,1,2
BRDA:99,11,0,0
BRDA:99,11,1,0
BRDA:111,12,0,0
BRDA:111,12,1,2
BRDA:118,13,0,2
BRDA:118,13,1,0
BRDA:121,14,0,0
BRDA:121,14,1,2
BRDA:122,15,0,0
BRDA:122,15,1,0
BRDA:123,16,0,0
BRDA:123,16,1,0
BRDA:123,17,0,0
BRDA:123,17,1,0
BRDA:123,18,0,0
BRDA:123,18,1,0
BRDA:123,19,0,0
BRDA:123,19,1,0
BRDA:123,20,0,0
BRDA:123,20,1,0
BRDA:124,21,0,0
BRDA:124,21,1,0
BRDA:124,22,0,0
BRDA:124,22,1,0
BRDA:124,23,0,0
BRDA:124,23,1,0
BRDA:124,24,0,0
BRDA:124,24,1,0
BRDA:124,25,0,0
BRDA:124,25,1,0
BRDA:127,26,0,0
BRDA:127,26,1,2
BRDA:135,27,0,0
BRDA:135,27,1,2
BRDA:137,28,0,0
BRDA:137,28,1,0
BRDA:146,29,0,0
BRDA:146,29,1,2
BRDA:155,30,0,1
BRDA:155,30,1,1
BRDA:157,31,0,0
BRDA:157,31,1,2
BRDA:166,32,0,0
BRDA:166,32,1,2
BRDA:186,33,0,0
BRDA:186,33,1,2
BRDA:200,34,0,2
BRDA:200,34,1,2
BRDA:233,35,0,0
BRDA:233,35,1,2
BRDA:236,36,0,0
BRDA:236,36,1,0
BRDA:243,37,0,2
BRDA:243,37,1,0
BRDA:246,38,0,0
BRDA:246,38,1,2
BRDA:256,39,0,1
BRDA:256,39,1,1
BRF:80
BRH:29
end_of_record
TN:
SF:src/lib/i18n.tsx
FN:732,I18nProvider
FN:735,(anonymous_4)
FN:747,(anonymous_5)
FN:748,(anonymous_6)
FN:752,(anonymous_7)
FN:756,(anonymous_8)
FN:768,useI18n
FNF:7
FNH:6
FNDA:20,I18nProvider
FNDA:10,(anonymous_4)
FNDA:20,(anonymous_5)
FNDA:464,(anonymous_6)
FNDA:199,(anonymous_7)
FNDA:0,(anonymous_8)
FNDA:178,useI18n
DA:3,3
DA:4,3
DA:10,3
DA:730,3
DA:732,10
DA:733,20
DA:735,20
DA:737,10
DA:739,10
DA:740,0
DA:741,0
DA:743,10
DA:744,10
DA:747,20
DA:748,20
DA:749,464
DA:750,464
DA:751,464
DA:752,196
DA:753,199
DA:756,20
DA:757,0
DA:758,0
DA:759,0
DA:762,20
DA:768,178
DA:769,178
DA:770,178
DA:771,0
DA:773,178
LF:30
LH:24
BRDA:737,0,0,10
BRDA:737,0,1,0
BRDA:739,1,0,0
BRDA:739,1,1,10
BRDA:739,2,0,10
BRDA:739,2,1,10
BRDA:743,3,0,10
BRDA:743,3,1,0
BRDA:744,4,0,0
BRDA:744,4,1,10
BRDA:750,5,0,464
BRDA:750,5,1,0
BRDA:751,6,0,268
BRDA:751,6,1,196
BRDA:758,7,0,0
BRDA:758,7,1,0
BRDA:770,8,0,0
BRDA:770,8,1,178
BRF:18
BRH:10
end_of_record
TN:
SF:src/lib/levelStore.tsx
FN:21,LevelProvider
FN:27,(anonymous_4)
FN:32,(anonymous_5)
FN:53,(anonymous_6)
FN:65,(anonymous_7)
FN:70,(anonymous_8)
FN:76,(anonymous_9)
FN:87,useLevel
FNF:8
FNH:8
FNDA:34,LevelProvider
FNDA:9,(anonymous_4)
FNDA:17,(anonymous_5)
FNDA:17,(anonymous_6)
FNDA:9,(anonymous_7)
FNDA:1,(anonymous_8)
FNDA:18,(anonymous_9)
FNDA:23,useLevel
DA:3,3
DA:4,3
DA:10,3
DA:11,3
DA:19,3
DA:21,8
DA:22,34
DA:23,34
DA:24,34
DA:27,34
DA:28,9
DA:32,34
DA:33,17
DA:35,9
DA:36,9
DA:37,9
DA:38,1
DA:39,1
DA:42,8
DA:45,0
DA:46,0
DA:48,9
DA:53,34
DA:54,17
DA:56,9
DA:57,9
DA:58,9
DA:60,0
DA:65,34
DA:66,9
DA:70,34
DA:71,1
DA:72,1
DA:75,34
DA:76,18
DA:87,23
DA:88,23
DA:89,23
DA:90,0
DA:92,23
LF:40
LH:36
BRDA:33,0,0,8
BRDA:33,0,1,9
BRDA:37,1,0,1
BRDA:37,1,1,8
BRDA:54,2,0,8
BRDA:54,2,1,9
BRDA:71,3,0,0
BRDA:71,3,1,1
BRDA:89,4,0,0
BRDA:89,4,1,23
BRF:10
BRH:8
end_of_record
TN:
SF:src/lib/levelSystem.ts
FN:22,getXPForLevel
FN:30,getTotalXPForLevel
FN:37,getLevelFromXP
FN:53,calculateXPFromActivities
FN:54,(anonymous_12)
FN:60,getLevelInfo
FN:81,checkLevelUp
FN:95,getLevelTitle
FNF:8
FNH:7
FNDA:18,getXPForLevel
FNDA:18,getTotalXPForLevel
FNDA:11,getLevelFromXP
FNDA:9,calculateXPFromActivities
FNDA:1,(anonymous_12)
FNDA:9,getLevelInfo
FNDA:1,checkLevelUp
FNDA:0,getLevelTitle
DA:22,0
DA:23,18
DA:24,9
DA:30,0
DA:31,18
DA:37,0
DA:38,11
DA:43,1
DA:44,1
DA:46,1
DA:53,9
DA:54,9
DA:60,9
DA:61,9
DA:62,9
DA:63,9
DA:64,9
DA:65,9
DA:66,9
DA:68,9
DA:81,1
DA:82,1
DA:83,1
DA:85,1
DA:86,0
DA:89,1
DA:95,0
DA:96,0
DA:97,0
DA:98,0
DA:99,0
DA:100,0
DA:101,0
DA:102,0
DA:103,0
DA:104,0
DA:105,0
DA:106,0
DA:107,0
DA:109,0
LF:40
LH:22
BRDA:23,0,0,9
BRDA:23,0,1,9
BRDA:38,1,0,10
BRDA:38,1,1,1
BRDA:66,2,0,9
BRDA:66,2,1,0
BRDA:85,3,0,0
BRDA:85,3,1,1
BRDA:96,4,0,0
BRDA:96,4,1,0
BRDA:97,5,0,0
BRDA:97,5,1,0
BRDA:98,6,0,0
BRDA:98,6,1,0
BRDA:99,7,0,0
BRDA:99,7,1,0
BRDA:100,8,0,0
BRDA:100,8,1,0
BRDA:101,9,0,0
BRDA:101,9,1,0
BRDA:102,10,0,0
BRDA:102,10,1,0
BRDA:103,11,0,0
BRDA:103,11,1,0
BRDA:104,12,0,0
BRDA:104,12,1,0
BRDA:105,13,0,0
BRDA:105,13,1,0
BRDA:106,14,0,0
BRDA:106,14,1,0
BRDA:107,15,0,0
BRDA:107,15,1,0
BRDA:109,16,0,0
BRDA:109,16,1,0
BRF:34
BRH:6
end_of_record
TN:
SF:src/lib/motivationalMessages.ts
FN:387,getMotivationalMessage
FNF:1
FNH:0
FNDA:0,getMotivationalMessage
DA:15,0
DA:353,0
DA:387,0
DA:393,0
DA:394,0
DA:395,0
DA:396,0
DA:397,0
DA:401,0
DA:404,0
DA:406,0
DA:408,0
DA:409,0
DA:411,0
DA:412,0
DA:414,0
DA:415,0
DA:417,0
DA:420,0
DA:423,0
DA:424,0
DA:426,0
DA:427,0
DA:428,0
DA:431,0
LF:25
LH:0
BRDA:390,0,0,0
BRDA:393,1,0,0
BRDA:393,1,1,0
BRDA:393,2,0,0
BRDA:393,2,1,0
BRDA:394,3,0,0
BRDA:394,3,1,0
BRDA:396,4,0,0
BRDA:396,4,1,0
BRDA:401,5,0,0
BRDA:401,5,1,0
BRDA:406,6,0,0
BRDA:406,6,1,0
BRDA:408,7,0,0
BRDA:408,7,1,0
BRDA:409,8,0,0
BRDA:409,8,1,0
BRDA:412,9,0,0
BRDA:412,9,1,0
BRDA:414,10,0,0
BRDA:414,10,1,0
BRDA:415,11,0,0
BRDA:415,11,1,0
BRDA:424,12,0,0
BRDA:424,12,1,0
BRDA:427,13,0,0
BRDA:427,13,1,0
BRF:27
BRH:0
end_of_record
TN:
SF:src/lib/notificationService.ts
FN:31,(anonymous_4)
FN:37,(anonymous_5)
FN:44,(anonymous_6)
FN:63,(anonymous_7)
FN:67,(anonymous_8)
FN:71,(anonymous_9)
FN:86,(anonymous_10)
FN:90,(anonymous_11)
FN:99,(anonymous_12)
FN:119,(anonymous_13)
FN:140,(anonymous_14)
FN:160,(anonymous_15)
FN:181,(anonymous_16)
FN:202,(anonymous_17)
FN:227,(anonymous_18)
FN:241,(anonymous_19)
FN:255,(anonymous_20)
FNF:17
FNH:3
FNDA:3,(anonymous_4)
FNDA:3,(anonymous_5)
FNDA:0,(anonymous_6)
FNDA:0,(anonymous_7)
FNDA:0,(anonymous_8)
FNDA:0,(anonymous_9)
FNDA:0,(anonymous_10)
FNDA:0,(anonymous_11)
FNDA:0,(anonymous_12)
FNDA:0,(anonymous_13)
FNDA:0,(anonymous_14)
FNDA:0,(anonymous_15)
FNDA:0,(anonymous_16)
FNDA:0,(anonymous_17)
FNDA:0,(anonymous_18)
FNDA:0,(anonymous_19)
FNDA:16,(anonymous_20)
DA:17,16
DA:26,0
DA:28,3
DA:29,3
DA:32,3
DA:33,0
DA:38,3
DA:39,3
DA:41,3
DA:45,0
DA:46,0
DA:49,0
DA:50,0
DA:53,0
DA:54,0
DA:55,0
DA:56,0
DA:58,0
DA:59,0
DA:64,0
DA:68,0
DA:72,0
DA:73,0
DA:76,0
DA:77,0
DA:86,0
DA:87,0
DA:90,0
DA:91,0
DA:92,0
DA:95,0
DA:100,0
DA:102,0
DA:113,0
DA:120,0
DA:122,0
DA:133,0
DA:141,0
DA:143,0
DA:154,0
DA:161,0
DA:163,0
DA:174,0
DA:182,0
DA:184,0
DA:195,0
DA:207,0
DA:209,0
DA:220,0
DA:232,0
DA:233,0
DA:236,0
DA:237,0
DA:241,0
DA:242,0
DA:243,0
DA:244,0
DA:245,0
DA:248,0
DA:249,0
DA:250,0
DA:256,16
DA:257,0
DA:258,0
DA:263,16
LF:65
LH:9
BRDA:32,0,0,0
BRDA:32,0,1,3
BRDA:32,1,0,3
BRDA:32,1,1,3
BRDA:38,2,0,3
BRDA:38,2,1,0
BRDA:45,3,0,0
BRDA:45,3,1,0
BRDA:45,4,0,0
BRDA:45,4,1,0
BRDA:49,5,0,0
BRDA:49,5,1,0
BRDA:72,6,0,0
BRDA:72,6,1,0
BRDA:100,7,0,0
BRDA:100,7,1,0
BRDA:120,8,0,0
BRDA:120,8,1,0
BRDA:141,9,0,0
BRDA:141,9,1,0
BRDA:161,10,0,0
BRDA:161,10,1,0
BRDA:182,11,0,0
BRDA:182,11,1,0
BRDA:207,12,0,0
BRDA:207,12,1,0
BRDA:232,13,0,0
BRDA:232,13,1,0
BRDA:236,14,0,0
BRDA:236,14,1,0
BRDA:236,15,0,0
BRDA:236,15,1,0
BRDA:249,16,0,0
BRDA:249,16,1,0
BRDA:256,17,0,0
BRDA:256,17,1,16
BRF:36
BRH:5
end_of_record
TN:
SF:src/lib/personalRecords.ts
FN:41,calculatePersonalRecords
FN:68,(anonymous_4)
FN:72,(anonymous_5)
FN:131,(anonymous_6)
FN:152,(anonymous_7)
FN:181,(anonymous_8)
FN:186,(anonymous_9)
FN:223,formatRecordValue
FNF:8
FNH:0
FNDA:0,calculatePersonalRecords
FNDA:0,(anonymous_4)
FNDA:0,(anonymous_5)
FNDA:0,(anonymous_6)
FNDA:0,(anonymous_7)
FNDA:0,(anonymous_8)
FNDA:0,(anonymous_9)
FNDA:0,formatRecordValue
DA:7,0
DA:41,0
DA:45,0
DA:47,0
DA:50,0
DA:51,0
DA:52,0
DA:53,0
DA:54,0
DA:56,0
DA:57,0
DA:58,0
DA:60,0
DA:68,0
DA:71,0
DA:72,0
DA:73,0
DA:87,0
DA:88,0
DA:89,0
DA:90,0
DA:91,0
DA:93,0
DA:94,0
DA:95,0
DA:96,0
DA:98,0
DA:99,0
DA:100,0
DA:101,0
DA:102,0
DA:105,0
DA:106,0
DA:110,0
DA:111,0
DA:125,0
DA:127,0
DA:128,0
DA:130,0
DA:131,0
DA:134,0
DA:135,0
DA:136,0
DA:137,0
DA:138,0
DA:139,0
DA:140,0
DA:141,0
DA:145,0
DA:151,0
DA:152,0
DA:153,0
DA:155,0
DA:169,0
DA:170,0
DA:171,0
DA:172,0
DA:173,0
DA:174,0
DA:177,0
DA:178,0
DA:181,0
DA:182,0
DA:186,0
DA:187,0
DA:190,0
DA:203,0
DA:217,0
DA:223,0
DA:224,0
DA:226,0
DA:228,0
DA:230,0
DA:232,0
DA:234,0
LF:75
LH:0
BRDA:45,0,0,0
BRDA:45,0,1,0
BRDA:56,1,0,0
BRDA:56,1,1,0
BRDA:71,2,0,0
BRDA:71,2,1,0
BRDA:72,3,0,0
BRDA:72,3,1,0
BRDA:94,4,0,0
BRDA:94,4,1,0
BRDA:95,5,0,0
BRDA:95,5,1,0
BRDA:99,6,0,0
BRDA:99,6,1,0
BRDA:110,7,0,0
BRDA:110,7,1,0
BRDA:110,8,0,0
BRDA:110,8,1,0
BRDA:110,8,2,0
BRDA:128,9,0,0
BRDA:128,9,1,0
BRDA:137,10,0,0
BRDA:137,10,1,0
BRDA:151,11,0,0
BRDA:151,11,1,0
BRDA:153,12,0,0
BRDA:153,12,1,0
BRDA:172,13,0,0
BRDA:172,13,1,0
BRDA:178,14,0,0
BRDA:178,14,1,0
BRDA:182,15,0,0
BRDA:182,15,1,0
BRDA:187,16,0,0
BRDA:187,16,1,0
BRDA:198,17,0,0
BRDA:198,17,1,0
BRDA:200,18,0,0
BRDA:200,18,1,0
BRDA:211,19,0,0
BRDA:211,19,1,0
BRDA:213,20,0,0
BRDA:213,20,1,0
BRDA:224,21,0,0
BRDA:224,21,1,0
BRDA:224,21,2,0
BRDA:224,21,3,0
BRDA:224,21,4,0
BRDA:226,22,0,0
BRDA:226,22,1,0
BRDA:226,23,0,0
BRDA:226,23,1,0
BRDA:228,24,0,0
BRDA:228,24,1,0
BRDA:230,25,0,0
BRDA:230,25,1,0
BRDA:232,26,0,0
BRDA:232,26,1,0
BRF:58
BRH:0
end_of_record
TN:
SF:src/lib/quotes.ts
FN:349,getRandomQuote
FNF:1
FNH:0
FNDA:0,getRandomQuote
DA:6,0
DA:349,0
DA:350,0
LF:3
LH:0
BRF:0
BRH:0
end_of_record
TN:
SF:src/lib/settingsStore.tsx
FN:38,dedupeCustomActivities
FN:62,SettingsProvider
FN:66,(anonymous_7)
FN:97,(anonymous_8)
FN:109,(anonymous_9)
FN:119,(anonymous_10)
FN:120,(anonymous_11)
FN:130,(anonymous_12)
FN:141,(anonymous_13)
FN:142,(anonymous_14)
FN:146,(anonymous_15)
FN:158,(anonymous_16)
FN:159,(anonymous_17)
FN:163,(anonymous_18)
FN:173,(anonymous_19)
FN:194,useSettings
FN:202,useActivityDefinitions
FN:204,(anonymous_22)
FN:224,findActivityDefinition
FN:228,(anonymous_24)
FNF:20
FNH:7
FNDA:6,dedupeCustomActivities
FNDA:20,SettingsProvider
FNDA:10,(anonymous_7)
FNDA:0,(anonymous_8)
FNDA:0,(anonymous_9)
FNDA:0,(anonymous_10)
FNDA:0,(anonymous_11)
FNDA:0,(anonymous_12)
FNDA:0,(anonymous_13)
FNDA:0,(anonymous_14)
FNDA:0,(anonymous_15)
FNDA:0,(anonymous_16)
FNDA:0,(anonymous_17)
FNDA:0,(anonymous_18)
FNDA:20,(anonymous_19)
FNDA:148,useSettings
FNDA:28,useActivityDefinitions
FNDA:6,(anonymous_22)
FNDA:0,findActivityDefinition
FNDA:0,(anonymous_24)
DA:3,3
DA:10,3
DA:12,3
DA:14,3
DA:39,6
DA:40,0
DA:41,0
DA:42,0
DA:43,0
DA:44,0
DA:45,0
DA:46,0
DA:48,0
DA:60,3
DA:62,10
DA:63,20
DA:64,20
DA:66,20
DA:67,10
DA:68,10
DA:69,10
DA:70,10
DA:71,0
DA:72,0
DA:80,0
DA:91,0
DA:93,10
DA:97,20
DA:98,0
DA:102,0
DA:103,0
DA:104,0
DA:108,20
DA:110,0
DA:118,20
DA:120,0
DA:121,0
DA:126,0
DA:130,0
DA:133,0
DA:134,0
DA:140,20
DA:142,0
DA:143,0
DA:144,0
DA:147,0
DA:150,0
DA:151,0
DA:157,20
DA:159,0
DA:160,0
DA:161,0
DA:163,0
DA:165,0
DA:166,0
DA:172,20
DA:173,20
DA:194,120
DA:195,148
DA:196,148
DA:197,0
DA:199,148
DA:202,28
DA:203,28
DA:204,28
DA:205,6
DA:206,6
DA:208,6
DA:209,42
DA:212,6
DA:213,0
DA:220,6
DA:224,0
DA:228,0
DA:229,0
DA:230,0
DA:236,0
LF:77
LH:35
BRDA:39,0,0,6
BRDA:39,0,1,0
BRDA:43,1,0,0
BRDA:43,1,1,0
BRDA:43,2,0,0
BRDA:43,2,1,0
BRDA:44,3,0,0
BRDA:44,3,1,0
BRDA:67,4,0,0
BRDA:67,4,1,10
BRDA:70,5,0,0
BRDA:70,5,1,10
BRDA:72,6,0,0
BRDA:72,6,1,0
BRDA:73,7,0,0
BRDA:73,7,1,0
BRDA:73,7,2,0
BRDA:73,7,3,0
BRDA:73,7,4,0
BRDA:73,7,5,0
BRDA:86,8,0,0
BRDA:86,8,1,0
BRDA:103,9,0,0
BRDA:103,9,1,0
BRDA:113,10,0,0
BRDA:113,10,1,0
BRDA:121,11,0,0
BRDA:121,11,1,0
BRDA:143,12,0,0
BRDA:143,12,1,0
BRDA:147,13,0,0
BRDA:147,13,1,0
BRDA:160,14,0,0
BRDA:160,14,1,0
BRDA:196,15,0,0
BRDA:196,15,1,148
BRDA:229,16,0,0
BRDA:229,16,1,0
BRF:38
BRH:4
end_of_record
TN:
SF:src/lib/hooks/useDebounce.ts
FN:3,useDebounce
FN:6,(anonymous_2)
FN:7,(anonymous_3)
FN:11,(anonymous_4)
FNF:4
FNH:4
FNDA:31,useDebounce
FNDA:11,(anonymous_2)
FNDA:3,(anonymous_3)
FNDA:11,(anonymous_4)
DA:1,3
DA:3,31
DA:4,31
DA:6,31
DA:7,11
DA:8,3
DA:11,11
DA:12,11
DA:16,31
LF:9
LH:9
BRF:0
BRH:0
end_of_record
TN:
SF:src/lib/hooks/useIsMobile.ts
FN:4,useIsMobile
FN:7,(anonymous_2)
FN:12,(anonymous_3)
FN:18,(anonymous_4)
FN:22,(anonymous_5)
FNF:5
FNH:3
FNDA:117,useIsMobile
FNDA:44,(anonymous_2)
FNDA:0,(anonymous_3)
FNDA:44,(anonymous_4)
FNDA:0,(anonymous_5)
DA:1,3
DA:2,3
DA:4,117
DA:5,117
DA:7,117
DA:8,44
DA:9,44
DA:10,44
DA:12,44
DA:13,0
DA:16,44
DA:17,44
DA:18,44
DA:21,0
DA:22,0
DA:25,117
LF:16
LH:13
BRDA:8,0,0,0
BRDA:8,0,1,44
BRDA:16,1,0,44
BRDA:16,1,1,0
BRF:4
BRH:2
end_of_record
